[0.121s] Invoking command in '/home/gautier/turtlebot3_ws/build/turtlebot3_multi_robot_sim': CMAKE_PREFIX_PATH=${CMAKE_PREFIX_PATH}:/opt/ros/foxy /usr/bin/cmake --build /home/gautier/turtlebot3_ws/build/turtlebot3_multi_robot_sim -- -j8 -l8
[0.138s] -- Found ament_cmake: 0.9.12 (/opt/ros/foxy/share/ament_cmake/cmake)
[0.156s] -- Using PYTHON_EXECUTABLE: /usr/bin/python3
[0.293s] -- Override CMake install command with custom implementation using symlinks instead of copying resources
[0.298s] -- Found ament_lint_auto: 0.9.8 (/opt/ros/foxy/share/ament_lint_auto/cmake)
[0.342s] -- Added test 'copyright' to check source files copyright and LICENSE
[0.342s] -- Added test 'lint_cmake' to check CMake code style
[0.343s] -- Added test 'xmllint' to check XML markup files
[0.345s] -- Configuring done
[0.346s] -- Generating done
[0.348s] -- Build files have been written to: /home/gautier/turtlebot3_ws/build/turtlebot3_multi_robot_sim
[0.529s] Invoked command in '/home/gautier/turtlebot3_ws/build/turtlebot3_multi_robot_sim' returned '0': CMAKE_PREFIX_PATH=${CMAKE_PREFIX_PATH}:/opt/ros/foxy /usr/bin/cmake --build /home/gautier/turtlebot3_ws/build/turtlebot3_multi_robot_sim -- -j8 -l8
[0.758s] Invoking command in '/home/gautier/turtlebot3_ws/build/turtlebot3_multi_robot_sim': CMAKE_PREFIX_PATH=${CMAKE_PREFIX_PATH}:/opt/ros/foxy /usr/bin/cmake --install /home/gautier/turtlebot3_ws/build/turtlebot3_multi_robot_sim
[0.764s] -- Install configuration: ""
[0.764s] -- Execute custom install script
[0.765s] -- Up-to-date symlink: /home/gautier/turtlebot3_ws/install/turtlebot3_multi_robot_sim/share/turtlebot3_multi_robot_sim//launch/multi_robot_slam_launch.xml
[0.765s] -- Up-to-date symlink: /home/gautier/turtlebot3_ws/install/turtlebot3_multi_robot_sim/share/turtlebot3_multi_robot_sim//launch/multi_robot_spawn_launch.xml
[0.765s] -- Symlinking: /home/gautier/turtlebot3_ws/install/turtlebot3_multi_robot_sim/share/turtlebot3_multi_robot_sim//param/waffle.yaml
[0.771s] -- Up-to-date symlink: /home/gautier/turtlebot3_ws/install/turtlebot3_multi_robot_sim/share/ament_index/resource_index/package_run_dependencies/turtlebot3_multi_robot_sim
[0.771s] -- Up-to-date symlink: /home/gautier/turtlebot3_ws/install/turtlebot3_multi_robot_sim/share/ament_index/resource_index/parent_prefix_path/turtlebot3_multi_robot_sim
[0.772s] -- Up-to-date symlink: /home/gautier/turtlebot3_ws/install/turtlebot3_multi_robot_sim/share/turtlebot3_multi_robot_sim/environment/ament_prefix_path.sh
[0.772s] -- Up-to-date symlink: /home/gautier/turtlebot3_ws/install/turtlebot3_multi_robot_sim/share/turtlebot3_multi_robot_sim/environment/ament_prefix_path.dsv
[0.772s] -- Up-to-date symlink: /home/gautier/turtlebot3_ws/install/turtlebot3_multi_robot_sim/share/turtlebot3_multi_robot_sim/environment/path.sh
[0.772s] -- Up-to-date symlink: /home/gautier/turtlebot3_ws/install/turtlebot3_multi_robot_sim/share/turtlebot3_multi_robot_sim/environment/path.dsv
[0.772s] -- Up-to-date symlink: /home/gautier/turtlebot3_ws/install/turtlebot3_multi_robot_sim/share/turtlebot3_multi_robot_sim/local_setup.bash
[0.772s] -- Up-to-date symlink: /home/gautier/turtlebot3_ws/install/turtlebot3_multi_robot_sim/share/turtlebot3_multi_robot_sim/local_setup.sh
[0.773s] -- Up-to-date symlink: /home/gautier/turtlebot3_ws/install/turtlebot3_multi_robot_sim/share/turtlebot3_multi_robot_sim/local_setup.zsh
[0.773s] -- Up-to-date symlink: /home/gautier/turtlebot3_ws/install/turtlebot3_multi_robot_sim/share/turtlebot3_multi_robot_sim/local_setup.dsv
[0.773s] -- Symlinking: /home/gautier/turtlebot3_ws/install/turtlebot3_multi_robot_sim/share/turtlebot3_multi_robot_sim/package.dsv
[0.779s] -- Up-to-date symlink: /home/gautier/turtlebot3_ws/install/turtlebot3_multi_robot_sim/share/ament_index/resource_index/packages/turtlebot3_multi_robot_sim
[0.779s] -- Up-to-date symlink: /home/gautier/turtlebot3_ws/install/turtlebot3_multi_robot_sim/share/turtlebot3_multi_robot_sim/cmake/turtlebot3_multi_robot_simConfig.cmake
[0.779s] -- Up-to-date symlink: /home/gautier/turtlebot3_ws/install/turtlebot3_multi_robot_sim/share/turtlebot3_multi_robot_sim/cmake/turtlebot3_multi_robot_simConfig-version.cmake
[0.779s] -- Up-to-date symlink: /home/gautier/turtlebot3_ws/install/turtlebot3_multi_robot_sim/share/turtlebot3_multi_robot_sim/package.xml
[0.781s] Invoked command in '/home/gautier/turtlebot3_ws/build/turtlebot3_multi_robot_sim' returned '0': CMAKE_PREFIX_PATH=${CMAKE_PREFIX_PATH}:/opt/ros/foxy /usr/bin/cmake --install /home/gautier/turtlebot3_ws/build/turtlebot3_multi_robot_sim
