[0.120s] Invoking command in '/home/gautier/turtlebot3_ws/build/turtlebot3_multi_robot_sim': CMAKE_PREFIX_PATH=/opt/ros/foxy /usr/bin/cmake /home/gautier/turtlebot3_ws/src/turtlebot3_multi_robot_sim -DCMAKE_INSTALL_PREFIX=/home/gautier/turtlebot3_ws/install/turtlebot3_multi_robot_sim
[0.154s] -- The C compiler identification is GNU 9.4.0
[0.189s] -- The CXX compiler identification is GNU 9.4.0
[0.193s] -- Check for working C compiler: /usr/lib/ccache/cc
[0.228s] -- Check for working C compiler: /usr/lib/ccache/cc -- works
[0.228s] -- Detecting C compiler ABI info
[0.263s] -- Detecting C compiler ABI info - done
[0.270s] -- Detecting C compile features
[0.271s] -- Detecting C compile features - done
[0.272s] -- Check for working CXX compiler: /usr/lib/ccache/c++
[0.315s] -- Check for working CXX compiler: /usr/lib/ccache/c++ -- works
[0.316s] -- Detecting CXX compiler ABI info
[0.360s] -- Detecting CXX compiler ABI info - done
[0.369s] -- Detecting CXX compile features
[0.370s] -- Detecting CXX compile features - done
[0.371s] -- Found ament_cmake: 0.9.12 (/opt/ros/foxy/share/ament_cmake/cmake)
[0.388s] -- Found PythonInterp: /usr/bin/python3 (found suitable version "3.8.10", minimum required is "3") 
[0.388s] -- Using PYTHON_EXECUTABLE: /usr/bin/python3
[0.535s] -- Found ament_lint_auto: 0.9.8 (/opt/ros/foxy/share/ament_lint_auto/cmake)
[0.584s] -- Added test 'copyright' to check source files copyright and LICENSE
[0.585s] -- Added test 'lint_cmake' to check CMake code style
[0.586s] -- Added test 'xmllint' to check XML markup files
[0.587s] -- Configuring done
[0.588s] -- Generating done
[0.589s] -- Build files have been written to: /home/gautier/turtlebot3_ws/build/turtlebot3_multi_robot_sim
[0.591s] Invoked command in '/home/gautier/turtlebot3_ws/build/turtlebot3_multi_robot_sim' returned '0': CMAKE_PREFIX_PATH=/opt/ros/foxy /usr/bin/cmake /home/gautier/turtlebot3_ws/src/turtlebot3_multi_robot_sim -DCMAKE_INSTALL_PREFIX=/home/gautier/turtlebot3_ws/install/turtlebot3_multi_robot_sim
[0.594s] Invoking command in '/home/gautier/turtlebot3_ws/build/turtlebot3_multi_robot_sim': CMAKE_PREFIX_PATH=/opt/ros/foxy /usr/bin/cmake --build /home/gautier/turtlebot3_ws/build/turtlebot3_multi_robot_sim -- -j8 -l8
[0.620s] Invoked command in '/home/gautier/turtlebot3_ws/build/turtlebot3_multi_robot_sim' returned '0': CMAKE_PREFIX_PATH=/opt/ros/foxy /usr/bin/cmake --build /home/gautier/turtlebot3_ws/build/turtlebot3_multi_robot_sim -- -j8 -l8
[0.644s] Invoking command in '/home/gautier/turtlebot3_ws/build/turtlebot3_multi_robot_sim': CMAKE_PREFIX_PATH=/opt/ros/foxy /usr/bin/cmake --install /home/gautier/turtlebot3_ws/build/turtlebot3_multi_robot_sim
[0.650s] -- Install configuration: ""
[0.650s] -- Installing: /home/gautier/turtlebot3_ws/install/turtlebot3_multi_robot_sim/share/ament_index/resource_index/package_run_dependencies/turtlebot3_multi_robot_sim
[0.650s] -- Installing: /home/gautier/turtlebot3_ws/install/turtlebot3_multi_robot_sim/share/ament_index/resource_index/parent_prefix_path/turtlebot3_multi_robot_sim
[0.650s] -- Installing: /home/gautier/turtlebot3_ws/install/turtlebot3_multi_robot_sim/share/turtlebot3_multi_robot_sim/environment/ament_prefix_path.sh
[0.650s] -- Installing: /home/gautier/turtlebot3_ws/install/turtlebot3_multi_robot_sim/share/turtlebot3_multi_robot_sim/environment/ament_prefix_path.dsv
[0.650s] -- Installing: /home/gautier/turtlebot3_ws/install/turtlebot3_multi_robot_sim/share/turtlebot3_multi_robot_sim/environment/path.sh
[0.650s] -- Installing: /home/gautier/turtlebot3_ws/install/turtlebot3_multi_robot_sim/share/turtlebot3_multi_robot_sim/environment/path.dsv
[0.650s] -- Installing: /home/gautier/turtlebot3_ws/install/turtlebot3_multi_robot_sim/share/turtlebot3_multi_robot_sim/local_setup.bash
[0.650s] -- Installing: /home/gautier/turtlebot3_ws/install/turtlebot3_multi_robot_sim/share/turtlebot3_multi_robot_sim/local_setup.sh
[0.650s] -- Installing: /home/gautier/turtlebot3_ws/install/turtlebot3_multi_robot_sim/share/turtlebot3_multi_robot_sim/local_setup.zsh
[0.651s] -- Installing: /home/gautier/turtlebot3_ws/install/turtlebot3_multi_robot_sim/share/turtlebot3_multi_robot_sim/local_setup.dsv
[0.651s] -- Installing: /home/gautier/turtlebot3_ws/install/turtlebot3_multi_robot_sim/share/turtlebot3_multi_robot_sim/package.dsv
[0.651s] -- Installing: /home/gautier/turtlebot3_ws/install/turtlebot3_multi_robot_sim/share/ament_index/resource_index/packages/turtlebot3_multi_robot_sim
[0.651s] -- Installing: /home/gautier/turtlebot3_ws/install/turtlebot3_multi_robot_sim/share/turtlebot3_multi_robot_sim/cmake/turtlebot3_multi_robot_simConfig.cmake
[0.651s] -- Installing: /home/gautier/turtlebot3_ws/install/turtlebot3_multi_robot_sim/share/turtlebot3_multi_robot_sim/cmake/turtlebot3_multi_robot_simConfig-version.cmake
[0.651s] -- Installing: /home/gautier/turtlebot3_ws/install/turtlebot3_multi_robot_sim/share/turtlebot3_multi_robot_sim/package.xml
[0.652s] Invoked command in '/home/gautier/turtlebot3_ws/build/turtlebot3_multi_robot_sim' returned '0': CMAKE_PREFIX_PATH=/opt/ros/foxy /usr/bin/cmake --install /home/gautier/turtlebot3_ws/build/turtlebot3_multi_robot_sim
