[0.161s] Invoking command in '/home/gautier/turtlebot3_ws/build/turtlebot3_multi_robot_sim': CMAKE_PREFIX_PATH=${CMAKE_PREFIX_PATH}:/opt/ros/foxy /usr/bin/cmake --build /home/gautier/turtlebot3_ws/build/turtlebot3_multi_robot_sim -- -j8 -l8
[0.204s] Invoked command in '/home/gautier/turtlebot3_ws/build/turtlebot3_multi_robot_sim' returned '0': CMAKE_PREFIX_PATH=${CMAKE_PREFIX_PATH}:/opt/ros/foxy /usr/bin/cmake --build /home/gautier/turtlebot3_ws/build/turtlebot3_multi_robot_sim -- -j8 -l8
[0.244s] Invoking command in '/home/gautier/turtlebot3_ws/build/turtlebot3_multi_robot_sim': CMAKE_PREFIX_PATH=${CMAKE_PREFIX_PATH}:/opt/ros/foxy /usr/bin/cmake --install /home/gautier/turtlebot3_ws/build/turtlebot3_multi_robot_sim
[0.251s] -- Install configuration: ""
[0.252s] -- Execute custom install script
[0.253s] -- Up-to-date symlink: /home/gautier/turtlebot3_ws/install/turtlebot3_multi_robot_sim/share/turtlebot3_multi_robot_sim//launch/multi_robot_slam_launch.launch.py
[0.253s] -- Up-to-date symlink: /home/gautier/turtlebot3_ws/install/turtlebot3_multi_robot_sim/share/turtlebot3_multi_robot_sim//launch/multi_robot_spawn_launch.xml
[0.253s] -- Up-to-date symlink: /home/gautier/turtlebot3_ws/install/turtlebot3_multi_robot_sim/share/turtlebot3_multi_robot_sim//launch/single_robot_slam.launch.py
[0.253s] -- Up-to-date symlink: /home/gautier/turtlebot3_ws/install/turtlebot3_multi_robot_sim/share/turtlebot3_multi_robot_sim//launch/single_robot_spawn_launch.xml
[0.253s] -- Up-to-date symlink: /home/gautier/turtlebot3_ws/install/turtlebot3_multi_robot_sim/share/turtlebot3_multi_robot_sim//param/waffle.yaml
[0.254s] -- Up-to-date symlink: /home/gautier/turtlebot3_ws/install/turtlebot3_multi_robot_sim/share/turtlebot3_multi_robot_sim//param/waffle1.yaml
[0.254s] -- Up-to-date symlink: /home/gautier/turtlebot3_ws/install/turtlebot3_multi_robot_sim/share/turtlebot3_multi_robot_sim//param/waffle2.yaml
[0.254s] -- Up-to-date symlink: /home/gautier/turtlebot3_ws/install/turtlebot3_multi_robot_sim/share/turtlebot3_multi_robot_sim//param/waffle3.yaml
[0.254s] -- Up-to-date symlink: /home/gautier/turtlebot3_ws/install/turtlebot3_multi_robot_sim/share/turtlebot3_multi_robot_sim//rviz/multi_robot_slam.rviz
[0.254s] -- Symlinking: /home/gautier/turtlebot3_ws/install/turtlebot3_multi_robot_sim/share/turtlebot3_multi_robot_sim//rviz/single_robot_slam.rviz
[0.260s] -- Up-to-date symlink: /home/gautier/turtlebot3_ws/install/turtlebot3_multi_robot_sim/share/turtlebot3_multi_robot_sim//map/workshop.pgm
[0.261s] -- Up-to-date symlink: /home/gautier/turtlebot3_ws/install/turtlebot3_multi_robot_sim/share/turtlebot3_multi_robot_sim//map/workshop.yaml
[0.261s] -- Up-to-date symlink: /home/gautier/turtlebot3_ws/install/turtlebot3_multi_robot_sim/share/ament_index/resource_index/package_run_dependencies/turtlebot3_multi_robot_sim
[0.261s] -- Up-to-date symlink: /home/gautier/turtlebot3_ws/install/turtlebot3_multi_robot_sim/share/ament_index/resource_index/parent_prefix_path/turtlebot3_multi_robot_sim
[0.261s] -- Up-to-date symlink: /home/gautier/turtlebot3_ws/install/turtlebot3_multi_robot_sim/share/turtlebot3_multi_robot_sim/environment/ament_prefix_path.sh
[0.262s] -- Up-to-date symlink: /home/gautier/turtlebot3_ws/install/turtlebot3_multi_robot_sim/share/turtlebot3_multi_robot_sim/environment/ament_prefix_path.dsv
[0.262s] -- Up-to-date symlink: /home/gautier/turtlebot3_ws/install/turtlebot3_multi_robot_sim/share/turtlebot3_multi_robot_sim/environment/path.sh
[0.262s] -- Up-to-date symlink: /home/gautier/turtlebot3_ws/install/turtlebot3_multi_robot_sim/share/turtlebot3_multi_robot_sim/environment/path.dsv
[0.262s] -- Up-to-date symlink: /home/gautier/turtlebot3_ws/install/turtlebot3_multi_robot_sim/share/turtlebot3_multi_robot_sim/local_setup.bash
[0.262s] -- Up-to-date symlink: /home/gautier/turtlebot3_ws/install/turtlebot3_multi_robot_sim/share/turtlebot3_multi_robot_sim/local_setup.sh
[0.262s] -- Up-to-date symlink: /home/gautier/turtlebot3_ws/install/turtlebot3_multi_robot_sim/share/turtlebot3_multi_robot_sim/local_setup.zsh
[0.263s] -- Up-to-date symlink: /home/gautier/turtlebot3_ws/install/turtlebot3_multi_robot_sim/share/turtlebot3_multi_robot_sim/local_setup.dsv
[0.263s] -- Symlinking: /home/gautier/turtlebot3_ws/install/turtlebot3_multi_robot_sim/share/turtlebot3_multi_robot_sim/package.dsv
[0.269s] -- Up-to-date symlink: /home/gautier/turtlebot3_ws/install/turtlebot3_multi_robot_sim/share/ament_index/resource_index/packages/turtlebot3_multi_robot_sim
[0.270s] -- Up-to-date symlink: /home/gautier/turtlebot3_ws/install/turtlebot3_multi_robot_sim/share/turtlebot3_multi_robot_sim/cmake/turtlebot3_multi_robot_simConfig.cmake
[0.270s] -- Up-to-date symlink: /home/gautier/turtlebot3_ws/install/turtlebot3_multi_robot_sim/share/turtlebot3_multi_robot_sim/cmake/turtlebot3_multi_robot_simConfig-version.cmake
[0.270s] -- Up-to-date symlink: /home/gautier/turtlebot3_ws/install/turtlebot3_multi_robot_sim/share/turtlebot3_multi_robot_sim/package.xml
[0.272s] Invoked command in '/home/gautier/turtlebot3_ws/build/turtlebot3_multi_robot_sim' returned '0': CMAKE_PREFIX_PATH=${CMAKE_PREFIX_PATH}:/opt/ros/foxy /usr/bin/cmake --install /home/gautier/turtlebot3_ws/build/turtlebot3_multi_robot_sim
