[1.551s] DEBUG:colcon:Command line arguments: ['/usr/bin/colcon', 'build']
[1.551s] DEBUG:colcon:Parsed command line arguments: Namespace(allow_overriding=[], ament_cmake_args=None, base_paths=['.'], build_base='build', catkin_cmake_args=None, catkin_skip_building_tests=False, cmake_args=None, cmake_clean_cache=False, cmake_clean_first=False, cmake_force_configure=False, cmake_target=None, cmake_target_skip_unavailable=False, continue_on_error=False, event_handlers=None, executor='parallel', ignore_user_meta=False, install_base='install', log_base=None, log_level=None, main=<bound method BuildVerb.main of <colcon_core.verb.build.BuildVerb object at 0x7f2618d22be0>>, merge_install=False, metas=['./colcon.meta'], packages_above=None, packages_above_and_dependencies=None, packages_above_depth=None, packages_end=None, packages_ignore=None, packages_ignore_regex=None, packages_select=None, packages_select_build_failed=False, packages_select_by_dep=None, packages_select_regex=None, packages_select_test_failures=False, packages_skip=None, packages_skip_build_finished=False, packages_skip_by_dep=None, packages_skip_regex=None, packages_skip_test_passed=False, packages_skip_up_to=None, packages_start=None, packages_up_to=None, packages_up_to_regex=None, parallel_workers=8, paths=None, symlink_install=False, test_result_base=None, verb_extension=<colcon_core.verb.build.BuildVerb object at 0x7f2618d22be0>, verb_name='build', verb_parser=<colcon_defaults.argument_parser.defaults.DefaultArgumentsDecorator object at 0x7f26188c0940>)
[1.612s] Level 1:colcon.colcon_core.package_discovery:discover_packages(colcon_meta) check parameters
[1.612s] Level 1:colcon.colcon_core.package_discovery:discover_packages(recursive) check parameters
[1.612s] Level 1:colcon.colcon_core.package_discovery:discover_packages(ignore) check parameters
[1.612s] Level 1:colcon.colcon_core.package_discovery:discover_packages(path) check parameters
[1.612s] Level 1:colcon.colcon_core.package_discovery:discover_packages(colcon_meta) discover
[1.612s] Level 1:colcon.colcon_core.package_discovery:discover_packages(recursive) discover
[1.612s] INFO:colcon.colcon_core.package_discovery:Crawling recursively for packages in '/home/gautier/turtlebot3_ws'
[1.612s] Level 1:colcon.colcon_core.package_identification:_identify(.) by extensions ['ignore', 'ignore_ament_install']
[1.612s] Level 1:colcon.colcon_core.package_identification:_identify(.) by extension 'ignore'
[1.612s] Level 1:colcon.colcon_core.package_identification:_identify(.) by extension 'ignore_ament_install'
[1.612s] Level 1:colcon.colcon_core.package_identification:_identify(.) by extensions ['colcon_pkg']
[1.612s] Level 1:colcon.colcon_core.package_identification:_identify(.) by extension 'colcon_pkg'
[1.612s] Level 1:colcon.colcon_core.package_identification:_identify(.) by extensions ['colcon_meta']
[1.612s] Level 1:colcon.colcon_core.package_identification:_identify(.) by extension 'colcon_meta'
[1.612s] Level 1:colcon.colcon_core.package_identification:_identify(.) by extensions ['ros']
[1.612s] Level 1:colcon.colcon_core.package_identification:_identify(.) by extension 'ros'
[1.619s] Level 1:colcon.colcon_core.package_identification:_identify(.) by extensions ['cmake', 'python']
[1.619s] Level 1:colcon.colcon_core.package_identification:_identify(.) by extension 'cmake'
[1.619s] Level 1:colcon.colcon_core.package_identification:_identify(.) by extension 'python'
[1.619s] Level 1:colcon.colcon_core.package_identification:_identify(.) by extensions ['python_setup_py']
[1.619s] Level 1:colcon.colcon_core.package_identification:_identify(.) by extension 'python_setup_py'
[1.619s] Level 1:colcon.colcon_core.package_identification:_identify(build) by extensions ['ignore', 'ignore_ament_install']
[1.619s] Level 1:colcon.colcon_core.package_identification:_identify(build) by extension 'ignore'
[1.619s] Level 1:colcon.colcon_core.package_identification:_identify(build) ignored
[1.620s] Level 1:colcon.colcon_core.package_identification:_identify(install) by extensions ['ignore', 'ignore_ament_install']
[1.620s] Level 1:colcon.colcon_core.package_identification:_identify(install) by extension 'ignore'
[1.620s] Level 1:colcon.colcon_core.package_identification:_identify(install) ignored
[1.620s] Level 1:colcon.colcon_core.package_identification:_identify(log) by extensions ['ignore', 'ignore_ament_install']
[1.620s] Level 1:colcon.colcon_core.package_identification:_identify(log) by extension 'ignore'
[1.620s] Level 1:colcon.colcon_core.package_identification:_identify(log) ignored
[1.620s] Level 1:colcon.colcon_core.package_identification:_identify(src) by extensions ['ignore', 'ignore_ament_install']
[1.620s] Level 1:colcon.colcon_core.package_identification:_identify(src) by extension 'ignore'
[1.620s] Level 1:colcon.colcon_core.package_identification:_identify(src) by extension 'ignore_ament_install'
[1.620s] Level 1:colcon.colcon_core.package_identification:_identify(src) by extensions ['colcon_pkg']
[1.620s] Level 1:colcon.colcon_core.package_identification:_identify(src) by extension 'colcon_pkg'
[1.620s] Level 1:colcon.colcon_core.package_identification:_identify(src) by extensions ['colcon_meta']
[1.620s] Level 1:colcon.colcon_core.package_identification:_identify(src) by extension 'colcon_meta'
[1.620s] Level 1:colcon.colcon_core.package_identification:_identify(src) by extensions ['ros']
[1.620s] Level 1:colcon.colcon_core.package_identification:_identify(src) by extension 'ros'
[1.620s] Level 1:colcon.colcon_core.package_identification:_identify(src) by extensions ['cmake', 'python']
[1.620s] Level 1:colcon.colcon_core.package_identification:_identify(src) by extension 'cmake'
[1.620s] Level 1:colcon.colcon_core.package_identification:_identify(src) by extension 'python'
[1.620s] Level 1:colcon.colcon_core.package_identification:_identify(src) by extensions ['python_setup_py']
[1.620s] Level 1:colcon.colcon_core.package_identification:_identify(src) by extension 'python_setup_py'
[1.620s] Level 1:colcon.colcon_core.package_identification:_identify(src/turtlebot3_multi_robot_sim) by extensions ['ignore', 'ignore_ament_install']
[1.620s] Level 1:colcon.colcon_core.package_identification:_identify(src/turtlebot3_multi_robot_sim) by extension 'ignore'
[1.620s] Level 1:colcon.colcon_core.package_identification:_identify(src/turtlebot3_multi_robot_sim) by extension 'ignore_ament_install'
[1.620s] Level 1:colcon.colcon_core.package_identification:_identify(src/turtlebot3_multi_robot_sim) by extensions ['colcon_pkg']
[1.620s] Level 1:colcon.colcon_core.package_identification:_identify(src/turtlebot3_multi_robot_sim) by extension 'colcon_pkg'
[1.620s] Level 1:colcon.colcon_core.package_identification:_identify(src/turtlebot3_multi_robot_sim) by extensions ['colcon_meta']
[1.621s] Level 1:colcon.colcon_core.package_identification:_identify(src/turtlebot3_multi_robot_sim) by extension 'colcon_meta'
[1.621s] Level 1:colcon.colcon_core.package_identification:_identify(src/turtlebot3_multi_robot_sim) by extensions ['ros']
[1.621s] Level 1:colcon.colcon_core.package_identification:_identify(src/turtlebot3_multi_robot_sim) by extension 'ros'
[1.622s] DEBUG:colcon.colcon_core.package_identification:Package 'src/turtlebot3_multi_robot_sim' with type 'ros.ament_cmake' and name 'turtlebot3_multi_robot_sim'
[1.622s] Level 1:colcon.colcon_core.package_identification:_identify(src/turtlebot3_simulations) by extensions ['ignore', 'ignore_ament_install']
[1.622s] Level 1:colcon.colcon_core.package_identification:_identify(src/turtlebot3_simulations) by extension 'ignore'
[1.622s] Level 1:colcon.colcon_core.package_identification:_identify(src/turtlebot3_simulations) by extension 'ignore_ament_install'
[1.622s] Level 1:colcon.colcon_core.package_identification:_identify(src/turtlebot3_simulations) by extensions ['colcon_pkg']
[1.622s] Level 1:colcon.colcon_core.package_identification:_identify(src/turtlebot3_simulations) by extension 'colcon_pkg'
[1.622s] Level 1:colcon.colcon_core.package_identification:_identify(src/turtlebot3_simulations) by extensions ['colcon_meta']
[1.622s] Level 1:colcon.colcon_core.package_identification:_identify(src/turtlebot3_simulations) by extension 'colcon_meta'
[1.622s] Level 1:colcon.colcon_core.package_identification:_identify(src/turtlebot3_simulations) by extensions ['ros']
[1.622s] Level 1:colcon.colcon_core.package_identification:_identify(src/turtlebot3_simulations) by extension 'ros'
[1.622s] Level 1:colcon.colcon_core.package_identification:_identify(src/turtlebot3_simulations) by extensions ['cmake', 'python']
[1.622s] Level 1:colcon.colcon_core.package_identification:_identify(src/turtlebot3_simulations) by extension 'cmake'
[1.622s] Level 1:colcon.colcon_core.package_identification:_identify(src/turtlebot3_simulations) by extension 'python'
[1.622s] Level 1:colcon.colcon_core.package_identification:_identify(src/turtlebot3_simulations) by extensions ['python_setup_py']
[1.622s] Level 1:colcon.colcon_core.package_identification:_identify(src/turtlebot3_simulations) by extension 'python_setup_py'
[1.622s] Level 1:colcon.colcon_core.package_identification:_identify(src/turtlebot3_simulations/turtlebot3_fake_node) by extensions ['ignore', 'ignore_ament_install']
[1.623s] Level 1:colcon.colcon_core.package_identification:_identify(src/turtlebot3_simulations/turtlebot3_fake_node) by extension 'ignore'
[1.623s] Level 1:colcon.colcon_core.package_identification:_identify(src/turtlebot3_simulations/turtlebot3_fake_node) by extension 'ignore_ament_install'
[1.623s] Level 1:colcon.colcon_core.package_identification:_identify(src/turtlebot3_simulations/turtlebot3_fake_node) by extensions ['colcon_pkg']
[1.623s] Level 1:colcon.colcon_core.package_identification:_identify(src/turtlebot3_simulations/turtlebot3_fake_node) by extension 'colcon_pkg'
[1.623s] Level 1:colcon.colcon_core.package_identification:_identify(src/turtlebot3_simulations/turtlebot3_fake_node) by extensions ['colcon_meta']
[1.623s] Level 1:colcon.colcon_core.package_identification:_identify(src/turtlebot3_simulations/turtlebot3_fake_node) by extension 'colcon_meta'
[1.623s] Level 1:colcon.colcon_core.package_identification:_identify(src/turtlebot3_simulations/turtlebot3_fake_node) by extensions ['ros']
[1.623s] Level 1:colcon.colcon_core.package_identification:_identify(src/turtlebot3_simulations/turtlebot3_fake_node) by extension 'ros'
[1.623s] DEBUG:colcon.colcon_core.package_identification:Package 'src/turtlebot3_simulations/turtlebot3_fake_node' with type 'ros.ament_cmake' and name 'turtlebot3_fake_node'
[1.624s] Level 1:colcon.colcon_core.package_identification:_identify(src/turtlebot3_simulations/turtlebot3_gazebo) by extensions ['ignore', 'ignore_ament_install']
[1.624s] Level 1:colcon.colcon_core.package_identification:_identify(src/turtlebot3_simulations/turtlebot3_gazebo) by extension 'ignore'
[1.624s] Level 1:colcon.colcon_core.package_identification:_identify(src/turtlebot3_simulations/turtlebot3_gazebo) by extension 'ignore_ament_install'
[1.624s] Level 1:colcon.colcon_core.package_identification:_identify(src/turtlebot3_simulations/turtlebot3_gazebo) by extensions ['colcon_pkg']
[1.624s] Level 1:colcon.colcon_core.package_identification:_identify(src/turtlebot3_simulations/turtlebot3_gazebo) by extension 'colcon_pkg'
[1.624s] Level 1:colcon.colcon_core.package_identification:_identify(src/turtlebot3_simulations/turtlebot3_gazebo) by extensions ['colcon_meta']
[1.624s] Level 1:colcon.colcon_core.package_identification:_identify(src/turtlebot3_simulations/turtlebot3_gazebo) by extension 'colcon_meta'
[1.624s] Level 1:colcon.colcon_core.package_identification:_identify(src/turtlebot3_simulations/turtlebot3_gazebo) by extensions ['ros']
[1.624s] Level 1:colcon.colcon_core.package_identification:_identify(src/turtlebot3_simulations/turtlebot3_gazebo) by extension 'ros'
[1.624s] DEBUG:colcon.colcon_core.package_identification:Package 'src/turtlebot3_simulations/turtlebot3_gazebo' with type 'ros.ament_cmake' and name 'turtlebot3_gazebo'
[1.624s] Level 1:colcon.colcon_core.package_identification:_identify(src/turtlebot3_simulations/turtlebot3_simulations) by extensions ['ignore', 'ignore_ament_install']
[1.624s] Level 1:colcon.colcon_core.package_identification:_identify(src/turtlebot3_simulations/turtlebot3_simulations) by extension 'ignore'
[1.624s] Level 1:colcon.colcon_core.package_identification:_identify(src/turtlebot3_simulations/turtlebot3_simulations) by extension 'ignore_ament_install'
[1.625s] Level 1:colcon.colcon_core.package_identification:_identify(src/turtlebot3_simulations/turtlebot3_simulations) by extensions ['colcon_pkg']
[1.625s] Level 1:colcon.colcon_core.package_identification:_identify(src/turtlebot3_simulations/turtlebot3_simulations) by extension 'colcon_pkg'
[1.625s] Level 1:colcon.colcon_core.package_identification:_identify(src/turtlebot3_simulations/turtlebot3_simulations) by extensions ['colcon_meta']
[1.625s] Level 1:colcon.colcon_core.package_identification:_identify(src/turtlebot3_simulations/turtlebot3_simulations) by extension 'colcon_meta'
[1.625s] Level 1:colcon.colcon_core.package_identification:_identify(src/turtlebot3_simulations/turtlebot3_simulations) by extensions ['ros']
[1.625s] Level 1:colcon.colcon_core.package_identification:_identify(src/turtlebot3_simulations/turtlebot3_simulations) by extension 'ros'
[1.625s] DEBUG:colcon.colcon_core.package_identification:Package 'src/turtlebot3_simulations/turtlebot3_simulations' with type 'ros.ament_cmake' and name 'turtlebot3_simulations'
[1.625s] Level 1:colcon.colcon_core.package_discovery:discover_packages(recursive) using defaults
[1.625s] Level 1:colcon.colcon_core.package_discovery:discover_packages(ignore) discover
[1.625s] Level 1:colcon.colcon_core.package_discovery:discover_packages(ignore) using defaults
[1.625s] Level 1:colcon.colcon_core.package_discovery:discover_packages(path) discover
[1.625s] Level 1:colcon.colcon_core.package_discovery:discover_packages(path) using defaults
[1.765s] Level 1:colcon.colcon_core.package_discovery:discover_packages(prefix_path) check parameters
[1.766s] Level 1:colcon.colcon_core.package_discovery:discover_packages(prefix_path) discover
[1.826s] DEBUG:colcon.colcon_installed_package_information.package_discovery:Found 4 installed packages in /home/gautier/turtlebot3_ws/install
[1.853s] DEBUG:colcon.colcon_installed_package_information.package_discovery:Found 338 installed packages in /opt/ros/foxy
[1.854s] Level 1:colcon.colcon_core.package_discovery:discover_packages(prefix_path) using defaults
[1.952s] Level 5:colcon.colcon_core.verb:set package 'turtlebot3_fake_node' build argument 'cmake_args' from command line to 'None'
[1.952s] Level 5:colcon.colcon_core.verb:set package 'turtlebot3_fake_node' build argument 'cmake_target' from command line to 'None'
[1.952s] Level 5:colcon.colcon_core.verb:set package 'turtlebot3_fake_node' build argument 'cmake_target_skip_unavailable' from command line to 'False'
[1.952s] Level 5:colcon.colcon_core.verb:set package 'turtlebot3_fake_node' build argument 'cmake_clean_cache' from command line to 'False'
[1.952s] Level 5:colcon.colcon_core.verb:set package 'turtlebot3_fake_node' build argument 'cmake_clean_first' from command line to 'False'
[1.952s] Level 5:colcon.colcon_core.verb:set package 'turtlebot3_fake_node' build argument 'cmake_force_configure' from command line to 'False'
[1.952s] Level 5:colcon.colcon_core.verb:set package 'turtlebot3_fake_node' build argument 'ament_cmake_args' from command line to 'None'
[1.952s] Level 5:colcon.colcon_core.verb:set package 'turtlebot3_fake_node' build argument 'catkin_cmake_args' from command line to 'None'
[1.952s] Level 5:colcon.colcon_core.verb:set package 'turtlebot3_fake_node' build argument 'catkin_skip_building_tests' from command line to 'False'
[1.952s] DEBUG:colcon.colcon_core.verb:Building package 'turtlebot3_fake_node' with the following arguments: {'ament_cmake_args': None, 'build_base': '/home/gautier/turtlebot3_ws/build/turtlebot3_fake_node', 'catkin_cmake_args': None, 'catkin_skip_building_tests': False, 'cmake_args': None, 'cmake_clean_cache': False, 'cmake_clean_first': False, 'cmake_force_configure': False, 'cmake_target': None, 'cmake_target_skip_unavailable': False, 'install_base': '/home/gautier/turtlebot3_ws/install/turtlebot3_fake_node', 'merge_install': False, 'path': '/home/gautier/turtlebot3_ws/src/turtlebot3_simulations/turtlebot3_fake_node', 'symlink_install': False, 'test_result_base': None}
[1.977s] Level 5:colcon.colcon_core.verb:set package 'turtlebot3_gazebo' build argument 'cmake_args' from command line to 'None'
[1.977s] Level 5:colcon.colcon_core.verb:set package 'turtlebot3_gazebo' build argument 'cmake_target' from command line to 'None'
[1.978s] Level 5:colcon.colcon_core.verb:set package 'turtlebot3_gazebo' build argument 'cmake_target_skip_unavailable' from command line to 'False'
[1.978s] Level 5:colcon.colcon_core.verb:set package 'turtlebot3_gazebo' build argument 'cmake_clean_cache' from command line to 'False'
[1.978s] Level 5:colcon.colcon_core.verb:set package 'turtlebot3_gazebo' build argument 'cmake_clean_first' from command line to 'False'
[1.978s] Level 5:colcon.colcon_core.verb:set package 'turtlebot3_gazebo' build argument 'cmake_force_configure' from command line to 'False'
[1.978s] Level 5:colcon.colcon_core.verb:set package 'turtlebot3_gazebo' build argument 'ament_cmake_args' from command line to 'None'
[1.978s] Level 5:colcon.colcon_core.verb:set package 'turtlebot3_gazebo' build argument 'catkin_cmake_args' from command line to 'None'
[1.978s] Level 5:colcon.colcon_core.verb:set package 'turtlebot3_gazebo' build argument 'catkin_skip_building_tests' from command line to 'False'
[1.978s] DEBUG:colcon.colcon_core.verb:Building package 'turtlebot3_gazebo' with the following arguments: {'ament_cmake_args': None, 'build_base': '/home/gautier/turtlebot3_ws/build/turtlebot3_gazebo', 'catkin_cmake_args': None, 'catkin_skip_building_tests': False, 'cmake_args': None, 'cmake_clean_cache': False, 'cmake_clean_first': False, 'cmake_force_configure': False, 'cmake_target': None, 'cmake_target_skip_unavailable': False, 'install_base': '/home/gautier/turtlebot3_ws/install/turtlebot3_gazebo', 'merge_install': False, 'path': '/home/gautier/turtlebot3_ws/src/turtlebot3_simulations/turtlebot3_gazebo', 'symlink_install': False, 'test_result_base': None}
[2.004s] Level 5:colcon.colcon_core.verb:set package 'turtlebot3_multi_robot_sim' build argument 'cmake_args' from command line to 'None'
[2.004s] Level 5:colcon.colcon_core.verb:set package 'turtlebot3_multi_robot_sim' build argument 'cmake_target' from command line to 'None'
[2.004s] Level 5:colcon.colcon_core.verb:set package 'turtlebot3_multi_robot_sim' build argument 'cmake_target_skip_unavailable' from command line to 'False'
[2.004s] Level 5:colcon.colcon_core.verb:set package 'turtlebot3_multi_robot_sim' build argument 'cmake_clean_cache' from command line to 'False'
[2.004s] Level 5:colcon.colcon_core.verb:set package 'turtlebot3_multi_robot_sim' build argument 'cmake_clean_first' from command line to 'False'
[2.004s] Level 5:colcon.colcon_core.verb:set package 'turtlebot3_multi_robot_sim' build argument 'cmake_force_configure' from command line to 'False'
[2.004s] Level 5:colcon.colcon_core.verb:set package 'turtlebot3_multi_robot_sim' build argument 'ament_cmake_args' from command line to 'None'
[2.004s] Level 5:colcon.colcon_core.verb:set package 'turtlebot3_multi_robot_sim' build argument 'catkin_cmake_args' from command line to 'None'
[2.004s] Level 5:colcon.colcon_core.verb:set package 'turtlebot3_multi_robot_sim' build argument 'catkin_skip_building_tests' from command line to 'False'
[2.004s] DEBUG:colcon.colcon_core.verb:Building package 'turtlebot3_multi_robot_sim' with the following arguments: {'ament_cmake_args': None, 'build_base': '/home/gautier/turtlebot3_ws/build/turtlebot3_multi_robot_sim', 'catkin_cmake_args': None, 'catkin_skip_building_tests': False, 'cmake_args': None, 'cmake_clean_cache': False, 'cmake_clean_first': False, 'cmake_force_configure': False, 'cmake_target': None, 'cmake_target_skip_unavailable': False, 'install_base': '/home/gautier/turtlebot3_ws/install/turtlebot3_multi_robot_sim', 'merge_install': False, 'path': '/home/gautier/turtlebot3_ws/src/turtlebot3_multi_robot_sim', 'symlink_install': False, 'test_result_base': None}
[2.039s] Level 5:colcon.colcon_core.verb:set package 'turtlebot3_simulations' build argument 'cmake_args' from command line to 'None'
[2.039s] Level 5:colcon.colcon_core.verb:set package 'turtlebot3_simulations' build argument 'cmake_target' from command line to 'None'
[2.039s] Level 5:colcon.colcon_core.verb:set package 'turtlebot3_simulations' build argument 'cmake_target_skip_unavailable' from command line to 'False'
[2.039s] Level 5:colcon.colcon_core.verb:set package 'turtlebot3_simulations' build argument 'cmake_clean_cache' from command line to 'False'
[2.039s] Level 5:colcon.colcon_core.verb:set package 'turtlebot3_simulations' build argument 'cmake_clean_first' from command line to 'False'
[2.039s] Level 5:colcon.colcon_core.verb:set package 'turtlebot3_simulations' build argument 'cmake_force_configure' from command line to 'False'
[2.039s] Level 5:colcon.colcon_core.verb:set package 'turtlebot3_simulations' build argument 'ament_cmake_args' from command line to 'None'
[2.039s] Level 5:colcon.colcon_core.verb:set package 'turtlebot3_simulations' build argument 'catkin_cmake_args' from command line to 'None'
[2.039s] Level 5:colcon.colcon_core.verb:set package 'turtlebot3_simulations' build argument 'catkin_skip_building_tests' from command line to 'False'
[2.039s] DEBUG:colcon.colcon_core.verb:Building package 'turtlebot3_simulations' with the following arguments: {'ament_cmake_args': None, 'build_base': '/home/gautier/turtlebot3_ws/build/turtlebot3_simulations', 'catkin_cmake_args': None, 'catkin_skip_building_tests': False, 'cmake_args': None, 'cmake_clean_cache': False, 'cmake_clean_first': False, 'cmake_force_configure': False, 'cmake_target': None, 'cmake_target_skip_unavailable': False, 'install_base': '/home/gautier/turtlebot3_ws/install/turtlebot3_simulations', 'merge_install': False, 'path': '/home/gautier/turtlebot3_ws/src/turtlebot3_simulations/turtlebot3_simulations', 'symlink_install': False, 'test_result_base': None}
[2.064s] INFO:colcon.colcon_core.executor:Executing jobs using 'parallel' executor
[2.090s] DEBUG:colcon.colcon_parallel_executor.executor.parallel:run_until_complete
[2.090s] INFO:colcon.colcon_ros.task.ament_cmake.build:Building ROS package in '/home/gautier/turtlebot3_ws/src/turtlebot3_simulations/turtlebot3_fake_node' with build type 'ament_cmake'
[2.090s] INFO:colcon.colcon_cmake.task.cmake.build:Building CMake package in '/home/gautier/turtlebot3_ws/src/turtlebot3_simulations/turtlebot3_fake_node'
[2.117s] INFO:colcon.colcon_core.plugin_system:Skipping extension 'colcon_core.shell.bat': Not used on non-Windows systems
[2.117s] INFO:colcon.colcon_core.shell:Skip shell extension 'powershell' for command environment: Not usable outside of PowerShell
[2.117s] DEBUG:colcon.colcon_core.shell:Skip shell extension 'dsv' for command environment
[2.200s] INFO:colcon.colcon_ros.task.ament_cmake.build:Building ROS package in '/home/gautier/turtlebot3_ws/src/turtlebot3_simulations/turtlebot3_gazebo' with build type 'ament_cmake'
[2.200s] INFO:colcon.colcon_cmake.task.cmake.build:Building CMake package in '/home/gautier/turtlebot3_ws/src/turtlebot3_simulations/turtlebot3_gazebo'
[2.229s] INFO:colcon.colcon_core.shell:Skip shell extension 'powershell' for command environment: Not usable outside of PowerShell
[2.229s] DEBUG:colcon.colcon_core.shell:Skip shell extension 'dsv' for command environment
[2.312s] INFO:colcon.colcon_ros.task.ament_cmake.build:Building ROS package in '/home/gautier/turtlebot3_ws/src/turtlebot3_multi_robot_sim' with build type 'ament_cmake'
[2.312s] INFO:colcon.colcon_cmake.task.cmake.build:Building CMake package in '/home/gautier/turtlebot3_ws/src/turtlebot3_multi_robot_sim'
[2.340s] INFO:colcon.colcon_core.shell:Skip shell extension 'powershell' for command environment: Not usable outside of PowerShell
[2.340s] DEBUG:colcon.colcon_core.shell:Skip shell extension 'dsv' for command environment
[2.429s] DEBUG:colcon.colcon_core.event_handler.log_command:Invoking command in '/home/gautier/turtlebot3_ws/build/turtlebot3_fake_node': CMAKE_PREFIX_PATH=${CMAKE_PREFIX_PATH}:/opt/ros/foxy /usr/bin/cmake --build /home/gautier/turtlebot3_ws/build/turtlebot3_fake_node -- -j8 -l8
[2.433s] DEBUG:colcon.colcon_core.event_handler.log_command:Invoking command in '/home/gautier/turtlebot3_ws/build/turtlebot3_gazebo': CMAKE_PREFIX_PATH=${CMAKE_PREFIX_PATH}:/opt/ros/foxy /usr/bin/cmake --build /home/gautier/turtlebot3_ws/build/turtlebot3_gazebo -- -j8 -l8
[2.436s] DEBUG:colcon.colcon_core.event_handler.log_command:Invoking command in '/home/gautier/turtlebot3_ws/build/turtlebot3_multi_robot_sim': CMAKE_PREFIX_PATH=${CMAKE_PREFIX_PATH}:/opt/ros/foxy /usr/bin/cmake --build /home/gautier/turtlebot3_ws/build/turtlebot3_multi_robot_sim -- -j8 -l8
[2.480s] DEBUG:colcon.colcon_core.event_handler.log_command:Invoked command in '/home/gautier/turtlebot3_ws/build/turtlebot3_fake_node' returned '0': CMAKE_PREFIX_PATH=${CMAKE_PREFIX_PATH}:/opt/ros/foxy /usr/bin/cmake --build /home/gautier/turtlebot3_ws/build/turtlebot3_fake_node -- -j8 -l8
[2.493s] DEBUG:colcon.colcon_core.event_handler.log_command:Invoked command in '/home/gautier/turtlebot3_ws/build/turtlebot3_gazebo' returned '0': CMAKE_PREFIX_PATH=${CMAKE_PREFIX_PATH}:/opt/ros/foxy /usr/bin/cmake --build /home/gautier/turtlebot3_ws/build/turtlebot3_gazebo -- -j8 -l8
[2.506s] DEBUG:colcon.colcon_core.event_handler.log_command:Invoking command in '/home/gautier/turtlebot3_ws/build/turtlebot3_fake_node': CMAKE_PREFIX_PATH=${CMAKE_PREFIX_PATH}:/opt/ros/foxy /usr/bin/cmake --install /home/gautier/turtlebot3_ws/build/turtlebot3_fake_node
[2.518s] DEBUG:colcon.colcon_core.event_handler.log_command:Invoking command in '/home/gautier/turtlebot3_ws/build/turtlebot3_gazebo': CMAKE_PREFIX_PATH=${CMAKE_PREFIX_PATH}:/opt/ros/foxy /usr/bin/cmake --install /home/gautier/turtlebot3_ws/build/turtlebot3_gazebo
[2.525s] Level 1:colcon.colcon_core.environment:create_environment_scripts_only(turtlebot3_fake_node)
[2.526s] DEBUG:colcon.colcon_core.event_handler.log_command:Invoked command in '/home/gautier/turtlebot3_ws/build/turtlebot3_fake_node' returned '0': CMAKE_PREFIX_PATH=${CMAKE_PREFIX_PATH}:/opt/ros/foxy /usr/bin/cmake --install /home/gautier/turtlebot3_ws/build/turtlebot3_fake_node
[2.572s] Level 1:colcon.colcon_core.environment:checking '/home/gautier/turtlebot3_ws/install/turtlebot3_fake_node' for CMake module files
[2.573s] Level 1:colcon.colcon_core.environment:checking '/home/gautier/turtlebot3_ws/install/turtlebot3_fake_node' for CMake config files
[2.573s] Level 1:colcon.colcon_core.shell:create_environment_hook('turtlebot3_fake_node', 'cmake_prefix_path')
[2.601s] INFO:colcon.colcon_core.shell:Creating environment hook '/home/gautier/turtlebot3_ws/install/turtlebot3_fake_node/share/turtlebot3_fake_node/hook/cmake_prefix_path.ps1'
[2.601s] INFO:colcon.colcon_core.shell:Creating environment descriptor '/home/gautier/turtlebot3_ws/install/turtlebot3_fake_node/share/turtlebot3_fake_node/hook/cmake_prefix_path.dsv'
[2.602s] INFO:colcon.colcon_core.shell:Creating environment hook '/home/gautier/turtlebot3_ws/install/turtlebot3_fake_node/share/turtlebot3_fake_node/hook/cmake_prefix_path.sh'
[2.602s] Level 1:colcon.colcon_core.environment:checking '/home/gautier/turtlebot3_ws/install/turtlebot3_fake_node/lib'
[2.602s] Level 1:colcon.colcon_core.environment:checking '/home/gautier/turtlebot3_ws/install/turtlebot3_fake_node/bin'
[2.603s] Level 1:colcon.colcon_core.environment:checking '/home/gautier/turtlebot3_ws/install/turtlebot3_fake_node/lib/pkgconfig/turtlebot3_fake_node.pc'
[2.603s] Level 1:colcon.colcon_core.environment:checking '/home/gautier/turtlebot3_ws/install/turtlebot3_fake_node/lib/python3.8/site-packages'
[2.603s] Level 1:colcon.colcon_core.environment:checking '/home/gautier/turtlebot3_ws/install/turtlebot3_fake_node/bin'
[2.632s] INFO:colcon.colcon_core.shell:Creating package script '/home/gautier/turtlebot3_ws/install/turtlebot3_fake_node/share/turtlebot3_fake_node/package.ps1'
[2.633s] INFO:colcon.colcon_core.shell:Creating package descriptor '/home/gautier/turtlebot3_ws/install/turtlebot3_fake_node/share/turtlebot3_fake_node/package.dsv'
[2.633s] INFO:colcon.colcon_core.shell:Creating package script '/home/gautier/turtlebot3_ws/install/turtlebot3_fake_node/share/turtlebot3_fake_node/package.sh'
[2.633s] INFO:colcon.colcon_core.shell:Creating package script '/home/gautier/turtlebot3_ws/install/turtlebot3_fake_node/share/turtlebot3_fake_node/package.bash'
[2.634s] INFO:colcon.colcon_core.shell:Creating package script '/home/gautier/turtlebot3_ws/install/turtlebot3_fake_node/share/turtlebot3_fake_node/package.zsh'
[2.634s] Level 1:colcon.colcon_core.environment:create_file_with_runtime_dependencies(/home/gautier/turtlebot3_ws/install/turtlebot3_fake_node/share/colcon-core/packages/turtlebot3_fake_node)
[2.637s] Level 1:colcon.colcon_core.environment:create_environment_scripts_only(turtlebot3_gazebo)
[2.638s] DEBUG:colcon.colcon_core.event_handler.log_command:Invoked command in '/home/gautier/turtlebot3_ws/build/turtlebot3_gazebo' returned '0': CMAKE_PREFIX_PATH=${CMAKE_PREFIX_PATH}:/opt/ros/foxy /usr/bin/cmake --install /home/gautier/turtlebot3_ws/build/turtlebot3_gazebo
[2.668s] Level 1:colcon.colcon_core.environment:checking '/home/gautier/turtlebot3_ws/install/turtlebot3_gazebo' for CMake module files
[2.669s] Level 1:colcon.colcon_core.environment:checking '/home/gautier/turtlebot3_ws/install/turtlebot3_gazebo' for CMake config files
[2.669s] Level 1:colcon.colcon_core.shell:create_environment_hook('turtlebot3_gazebo', 'cmake_prefix_path')
[2.698s] INFO:colcon.colcon_core.shell:Creating environment hook '/home/gautier/turtlebot3_ws/install/turtlebot3_gazebo/share/turtlebot3_gazebo/hook/cmake_prefix_path.ps1'
[2.698s] INFO:colcon.colcon_core.shell:Creating environment descriptor '/home/gautier/turtlebot3_ws/install/turtlebot3_gazebo/share/turtlebot3_gazebo/hook/cmake_prefix_path.dsv'
[2.698s] INFO:colcon.colcon_core.shell:Creating environment hook '/home/gautier/turtlebot3_ws/install/turtlebot3_gazebo/share/turtlebot3_gazebo/hook/cmake_prefix_path.sh'
[2.699s] Level 1:colcon.colcon_core.environment:checking '/home/gautier/turtlebot3_ws/install/turtlebot3_gazebo/lib'
[2.699s] Level 1:colcon.colcon_core.environment:checking '/home/gautier/turtlebot3_ws/install/turtlebot3_gazebo/bin'
[2.699s] Level 1:colcon.colcon_core.environment:checking '/home/gautier/turtlebot3_ws/install/turtlebot3_gazebo/lib/pkgconfig/turtlebot3_gazebo.pc'
[2.699s] Level 1:colcon.colcon_core.environment:checking '/home/gautier/turtlebot3_ws/install/turtlebot3_gazebo/lib/python3.8/site-packages'
[2.699s] Level 1:colcon.colcon_core.environment:checking '/home/gautier/turtlebot3_ws/install/turtlebot3_gazebo/bin'
[2.727s] INFO:colcon.colcon_core.shell:Creating package script '/home/gautier/turtlebot3_ws/install/turtlebot3_gazebo/share/turtlebot3_gazebo/package.ps1'
[2.727s] INFO:colcon.colcon_core.shell:Creating package descriptor '/home/gautier/turtlebot3_ws/install/turtlebot3_gazebo/share/turtlebot3_gazebo/package.dsv'
[2.727s] INFO:colcon.colcon_core.shell:Creating package script '/home/gautier/turtlebot3_ws/install/turtlebot3_gazebo/share/turtlebot3_gazebo/package.sh'
[2.728s] INFO:colcon.colcon_core.shell:Creating package script '/home/gautier/turtlebot3_ws/install/turtlebot3_gazebo/share/turtlebot3_gazebo/package.bash'
[2.728s] INFO:colcon.colcon_core.shell:Creating package script '/home/gautier/turtlebot3_ws/install/turtlebot3_gazebo/share/turtlebot3_gazebo/package.zsh'
[2.728s] Level 1:colcon.colcon_core.environment:create_file_with_runtime_dependencies(/home/gautier/turtlebot3_ws/install/turtlebot3_gazebo/share/colcon-core/packages/turtlebot3_gazebo)
[2.769s] Level 1:colcon.colcon_core.environment:create_environment_scripts_only(turtlebot3_fake_node)
[2.796s] Level 1:colcon.colcon_core.environment:checking '/home/gautier/turtlebot3_ws/install/turtlebot3_fake_node' for CMake module files
[2.796s] Level 1:colcon.colcon_core.environment:checking '/home/gautier/turtlebot3_ws/install/turtlebot3_fake_node' for CMake config files
[2.796s] Level 1:colcon.colcon_core.shell:create_environment_hook('turtlebot3_fake_node', 'cmake_prefix_path')
[2.824s] INFO:colcon.colcon_core.shell:Creating environment hook '/home/gautier/turtlebot3_ws/install/turtlebot3_fake_node/share/turtlebot3_fake_node/hook/cmake_prefix_path.ps1'
[2.824s] INFO:colcon.colcon_core.shell:Creating environment descriptor '/home/gautier/turtlebot3_ws/install/turtlebot3_fake_node/share/turtlebot3_fake_node/hook/cmake_prefix_path.dsv'
[2.824s] INFO:colcon.colcon_core.shell:Creating environment hook '/home/gautier/turtlebot3_ws/install/turtlebot3_fake_node/share/turtlebot3_fake_node/hook/cmake_prefix_path.sh'
[2.825s] Level 1:colcon.colcon_core.environment:checking '/home/gautier/turtlebot3_ws/install/turtlebot3_fake_node/lib'
[2.825s] Level 1:colcon.colcon_core.environment:checking '/home/gautier/turtlebot3_ws/install/turtlebot3_fake_node/bin'
[2.825s] Level 1:colcon.colcon_core.environment:checking '/home/gautier/turtlebot3_ws/install/turtlebot3_fake_node/lib/pkgconfig/turtlebot3_fake_node.pc'
[2.825s] Level 1:colcon.colcon_core.environment:checking '/home/gautier/turtlebot3_ws/install/turtlebot3_fake_node/lib/python3.8/site-packages'
[2.825s] Level 1:colcon.colcon_core.environment:checking '/home/gautier/turtlebot3_ws/install/turtlebot3_fake_node/bin'
[2.852s] INFO:colcon.colcon_core.shell:Creating package script '/home/gautier/turtlebot3_ws/install/turtlebot3_fake_node/share/turtlebot3_fake_node/package.ps1'
[2.852s] INFO:colcon.colcon_core.shell:Creating package descriptor '/home/gautier/turtlebot3_ws/install/turtlebot3_fake_node/share/turtlebot3_fake_node/package.dsv'
[2.853s] INFO:colcon.colcon_core.shell:Creating package script '/home/gautier/turtlebot3_ws/install/turtlebot3_fake_node/share/turtlebot3_fake_node/package.sh'
[2.853s] INFO:colcon.colcon_core.shell:Creating package script '/home/gautier/turtlebot3_ws/install/turtlebot3_fake_node/share/turtlebot3_fake_node/package.bash'
[2.853s] INFO:colcon.colcon_core.shell:Creating package script '/home/gautier/turtlebot3_ws/install/turtlebot3_fake_node/share/turtlebot3_fake_node/package.zsh'
[2.853s] Level 1:colcon.colcon_core.environment:create_file_with_runtime_dependencies(/home/gautier/turtlebot3_ws/install/turtlebot3_fake_node/share/colcon-core/packages/turtlebot3_fake_node)
[2.856s] DEBUG:colcon.colcon_core.event_handler.log_command:Invoked command in '/home/gautier/turtlebot3_ws/build/turtlebot3_multi_robot_sim' returned '0': CMAKE_PREFIX_PATH=${CMAKE_PREFIX_PATH}:/opt/ros/foxy /usr/bin/cmake --build /home/gautier/turtlebot3_ws/build/turtlebot3_multi_robot_sim -- -j8 -l8
[2.886s] Level 1:colcon.colcon_core.environment:create_environment_scripts_only(turtlebot3_gazebo)
[2.914s] Level 1:colcon.colcon_core.environment:checking '/home/gautier/turtlebot3_ws/install/turtlebot3_gazebo' for CMake module files
[2.914s] Level 1:colcon.colcon_core.environment:checking '/home/gautier/turtlebot3_ws/install/turtlebot3_gazebo' for CMake config files
[2.915s] Level 1:colcon.colcon_core.shell:create_environment_hook('turtlebot3_gazebo', 'cmake_prefix_path')
[2.942s] INFO:colcon.colcon_core.shell:Creating environment hook '/home/gautier/turtlebot3_ws/install/turtlebot3_gazebo/share/turtlebot3_gazebo/hook/cmake_prefix_path.ps1'
[2.942s] INFO:colcon.colcon_core.shell:Creating environment descriptor '/home/gautier/turtlebot3_ws/install/turtlebot3_gazebo/share/turtlebot3_gazebo/hook/cmake_prefix_path.dsv'
[2.942s] INFO:colcon.colcon_core.shell:Creating environment hook '/home/gautier/turtlebot3_ws/install/turtlebot3_gazebo/share/turtlebot3_gazebo/hook/cmake_prefix_path.sh'
[2.943s] Level 1:colcon.colcon_core.environment:checking '/home/gautier/turtlebot3_ws/install/turtlebot3_gazebo/lib'
[2.943s] Level 1:colcon.colcon_core.environment:checking '/home/gautier/turtlebot3_ws/install/turtlebot3_gazebo/bin'
[2.943s] Level 1:colcon.colcon_core.environment:checking '/home/gautier/turtlebot3_ws/install/turtlebot3_gazebo/lib/pkgconfig/turtlebot3_gazebo.pc'
[2.943s] Level 1:colcon.colcon_core.environment:checking '/home/gautier/turtlebot3_ws/install/turtlebot3_gazebo/lib/python3.8/site-packages'
[2.943s] Level 1:colcon.colcon_core.environment:checking '/home/gautier/turtlebot3_ws/install/turtlebot3_gazebo/bin'
[2.972s] INFO:colcon.colcon_core.shell:Creating package script '/home/gautier/turtlebot3_ws/install/turtlebot3_gazebo/share/turtlebot3_gazebo/package.ps1'
[2.972s] INFO:colcon.colcon_core.shell:Creating package descriptor '/home/gautier/turtlebot3_ws/install/turtlebot3_gazebo/share/turtlebot3_gazebo/package.dsv'
[2.973s] INFO:colcon.colcon_core.shell:Creating package script '/home/gautier/turtlebot3_ws/install/turtlebot3_gazebo/share/turtlebot3_gazebo/package.sh'
[2.973s] INFO:colcon.colcon_core.shell:Creating package script '/home/gautier/turtlebot3_ws/install/turtlebot3_gazebo/share/turtlebot3_gazebo/package.bash'
[2.974s] INFO:colcon.colcon_core.shell:Creating package script '/home/gautier/turtlebot3_ws/install/turtlebot3_gazebo/share/turtlebot3_gazebo/package.zsh'
[2.974s] Level 1:colcon.colcon_core.environment:create_file_with_runtime_dependencies(/home/gautier/turtlebot3_ws/install/turtlebot3_gazebo/share/colcon-core/packages/turtlebot3_gazebo)
[2.975s] INFO:colcon.colcon_ros.task.ament_cmake.build:Building ROS package in '/home/gautier/turtlebot3_ws/src/turtlebot3_simulations/turtlebot3_simulations' with build type 'ament_cmake'
[2.975s] INFO:colcon.colcon_cmake.task.cmake.build:Building CMake package in '/home/gautier/turtlebot3_ws/src/turtlebot3_simulations/turtlebot3_simulations'
[3.010s] INFO:colcon.colcon_core.shell:Skip shell extension 'powershell' for command environment: Not usable outside of PowerShell
[3.011s] DEBUG:colcon.colcon_core.shell:Skip shell extension 'dsv' for command environment
[3.097s] DEBUG:colcon.colcon_core.event_handler.log_command:Invoking command in '/home/gautier/turtlebot3_ws/build/turtlebot3_multi_robot_sim': CMAKE_PREFIX_PATH=${CMAKE_PREFIX_PATH}:/opt/ros/foxy /usr/bin/cmake --install /home/gautier/turtlebot3_ws/build/turtlebot3_multi_robot_sim
[3.101s] DEBUG:colcon.colcon_core.event_handler.log_command:Invoking command in '/home/gautier/turtlebot3_ws/build/turtlebot3_simulations': CMAKE_PREFIX_PATH=/home/gautier/turtlebot3_ws/install/turtlebot3_gazebo:/home/gautier/turtlebot3_ws/install/turtlebot3_fake_node:/home/gautier/turtlebot3_ws/install/turtlebot3_simulations:/home/gautier/turtlebot3_ws/install/turtlebot3_multi_robot_sim:/opt/ros/foxy /usr/bin/cmake --build /home/gautier/turtlebot3_ws/build/turtlebot3_simulations -- -j8 -l8
[3.124s] DEBUG:colcon.colcon_core.event_handler.log_command:Invoked command in '/home/gautier/turtlebot3_ws/build/turtlebot3_simulations' returned '0': CMAKE_PREFIX_PATH=/home/gautier/turtlebot3_ws/install/turtlebot3_gazebo:/home/gautier/turtlebot3_ws/install/turtlebot3_fake_node:/home/gautier/turtlebot3_ws/install/turtlebot3_simulations:/home/gautier/turtlebot3_ws/install/turtlebot3_multi_robot_sim:/opt/ros/foxy /usr/bin/cmake --build /home/gautier/turtlebot3_ws/build/turtlebot3_simulations -- -j8 -l8
[3.140s] DEBUG:colcon.colcon_core.event_handler.log_command:Invoking command in '/home/gautier/turtlebot3_ws/build/turtlebot3_simulations': CMAKE_PREFIX_PATH=/home/gautier/turtlebot3_ws/install/turtlebot3_gazebo:/home/gautier/turtlebot3_ws/install/turtlebot3_fake_node:/home/gautier/turtlebot3_ws/install/turtlebot3_simulations:/home/gautier/turtlebot3_ws/install/turtlebot3_multi_robot_sim:/opt/ros/foxy /usr/bin/cmake --install /home/gautier/turtlebot3_ws/build/turtlebot3_simulations
[3.150s] Level 1:colcon.colcon_core.environment:create_environment_scripts_only(turtlebot3_multi_robot_sim)
[3.150s] DEBUG:colcon.colcon_core.event_handler.log_command:Invoked command in '/home/gautier/turtlebot3_ws/build/turtlebot3_multi_robot_sim' returned '0': CMAKE_PREFIX_PATH=${CMAKE_PREFIX_PATH}:/opt/ros/foxy /usr/bin/cmake --install /home/gautier/turtlebot3_ws/build/turtlebot3_multi_robot_sim
[3.180s] Level 1:colcon.colcon_core.environment:checking '/home/gautier/turtlebot3_ws/install/turtlebot3_multi_robot_sim' for CMake module files
[3.180s] Level 1:colcon.colcon_core.environment:checking '/home/gautier/turtlebot3_ws/install/turtlebot3_multi_robot_sim' for CMake config files
[3.181s] Level 1:colcon.colcon_core.shell:create_environment_hook('turtlebot3_multi_robot_sim', 'cmake_prefix_path')
[3.208s] INFO:colcon.colcon_core.shell:Creating environment hook '/home/gautier/turtlebot3_ws/install/turtlebot3_multi_robot_sim/share/turtlebot3_multi_robot_sim/hook/cmake_prefix_path.ps1'
[3.208s] INFO:colcon.colcon_core.shell:Creating environment descriptor '/home/gautier/turtlebot3_ws/install/turtlebot3_multi_robot_sim/share/turtlebot3_multi_robot_sim/hook/cmake_prefix_path.dsv'
[3.209s] INFO:colcon.colcon_core.shell:Creating environment hook '/home/gautier/turtlebot3_ws/install/turtlebot3_multi_robot_sim/share/turtlebot3_multi_robot_sim/hook/cmake_prefix_path.sh'
[3.209s] Level 1:colcon.colcon_core.environment:checking '/home/gautier/turtlebot3_ws/install/turtlebot3_multi_robot_sim/bin'
[3.209s] Level 1:colcon.colcon_core.environment:checking '/home/gautier/turtlebot3_ws/install/turtlebot3_multi_robot_sim/lib/pkgconfig/turtlebot3_multi_robot_sim.pc'
[3.209s] Level 1:colcon.colcon_core.environment:checking '/home/gautier/turtlebot3_ws/install/turtlebot3_multi_robot_sim/lib/python3.8/site-packages'
[3.209s] Level 1:colcon.colcon_core.environment:checking '/home/gautier/turtlebot3_ws/install/turtlebot3_multi_robot_sim/bin'
[3.236s] INFO:colcon.colcon_core.shell:Creating package script '/home/gautier/turtlebot3_ws/install/turtlebot3_multi_robot_sim/share/turtlebot3_multi_robot_sim/package.ps1'
[3.236s] INFO:colcon.colcon_core.shell:Creating package descriptor '/home/gautier/turtlebot3_ws/install/turtlebot3_multi_robot_sim/share/turtlebot3_multi_robot_sim/package.dsv'
[3.237s] INFO:colcon.colcon_core.shell:Creating package script '/home/gautier/turtlebot3_ws/install/turtlebot3_multi_robot_sim/share/turtlebot3_multi_robot_sim/package.sh'
[3.237s] INFO:colcon.colcon_core.shell:Creating package script '/home/gautier/turtlebot3_ws/install/turtlebot3_multi_robot_sim/share/turtlebot3_multi_robot_sim/package.bash'
[3.237s] INFO:colcon.colcon_core.shell:Creating package script '/home/gautier/turtlebot3_ws/install/turtlebot3_multi_robot_sim/share/turtlebot3_multi_robot_sim/package.zsh'
[3.237s] Level 1:colcon.colcon_core.environment:create_file_with_runtime_dependencies(/home/gautier/turtlebot3_ws/install/turtlebot3_multi_robot_sim/share/colcon-core/packages/turtlebot3_multi_robot_sim)
[3.240s] Level 1:colcon.colcon_core.environment:create_environment_scripts_only(turtlebot3_simulations)
[3.241s] DEBUG:colcon.colcon_core.event_handler.log_command:Invoked command in '/home/gautier/turtlebot3_ws/build/turtlebot3_simulations' returned '0': CMAKE_PREFIX_PATH=/home/gautier/turtlebot3_ws/install/turtlebot3_gazebo:/home/gautier/turtlebot3_ws/install/turtlebot3_fake_node:/home/gautier/turtlebot3_ws/install/turtlebot3_simulations:/home/gautier/turtlebot3_ws/install/turtlebot3_multi_robot_sim:/opt/ros/foxy /usr/bin/cmake --install /home/gautier/turtlebot3_ws/build/turtlebot3_simulations
[3.270s] Level 1:colcon.colcon_core.environment:checking '/home/gautier/turtlebot3_ws/install/turtlebot3_simulations' for CMake module files
[3.270s] Level 1:colcon.colcon_core.environment:checking '/home/gautier/turtlebot3_ws/install/turtlebot3_simulations' for CMake config files
[3.270s] Level 1:colcon.colcon_core.shell:create_environment_hook('turtlebot3_simulations', 'cmake_prefix_path')
[3.297s] INFO:colcon.colcon_core.shell:Creating environment hook '/home/gautier/turtlebot3_ws/install/turtlebot3_simulations/share/turtlebot3_simulations/hook/cmake_prefix_path.ps1'
[3.297s] INFO:colcon.colcon_core.shell:Creating environment descriptor '/home/gautier/turtlebot3_ws/install/turtlebot3_simulations/share/turtlebot3_simulations/hook/cmake_prefix_path.dsv'
[3.298s] INFO:colcon.colcon_core.shell:Creating environment hook '/home/gautier/turtlebot3_ws/install/turtlebot3_simulations/share/turtlebot3_simulations/hook/cmake_prefix_path.sh'
[3.298s] Level 1:colcon.colcon_core.environment:checking '/home/gautier/turtlebot3_ws/install/turtlebot3_simulations/bin'
[3.298s] Level 1:colcon.colcon_core.environment:checking '/home/gautier/turtlebot3_ws/install/turtlebot3_simulations/lib/pkgconfig/turtlebot3_simulations.pc'
[3.298s] Level 1:colcon.colcon_core.environment:checking '/home/gautier/turtlebot3_ws/install/turtlebot3_simulations/lib/python3.8/site-packages'
[3.298s] Level 1:colcon.colcon_core.environment:checking '/home/gautier/turtlebot3_ws/install/turtlebot3_simulations/bin'
[3.325s] INFO:colcon.colcon_core.shell:Creating package script '/home/gautier/turtlebot3_ws/install/turtlebot3_simulations/share/turtlebot3_simulations/package.ps1'
[3.325s] INFO:colcon.colcon_core.shell:Creating package descriptor '/home/gautier/turtlebot3_ws/install/turtlebot3_simulations/share/turtlebot3_simulations/package.dsv'
[3.326s] INFO:colcon.colcon_core.shell:Creating package script '/home/gautier/turtlebot3_ws/install/turtlebot3_simulations/share/turtlebot3_simulations/package.sh'
[3.326s] INFO:colcon.colcon_core.shell:Creating package script '/home/gautier/turtlebot3_ws/install/turtlebot3_simulations/share/turtlebot3_simulations/package.bash'
[3.326s] INFO:colcon.colcon_core.shell:Creating package script '/home/gautier/turtlebot3_ws/install/turtlebot3_simulations/share/turtlebot3_simulations/package.zsh'
[3.326s] Level 1:colcon.colcon_core.environment:create_file_with_runtime_dependencies(/home/gautier/turtlebot3_ws/install/turtlebot3_simulations/share/colcon-core/packages/turtlebot3_simulations)
[3.358s] Level 1:colcon.colcon_core.environment:create_environment_scripts_only(turtlebot3_multi_robot_sim)
[3.385s] Level 1:colcon.colcon_core.environment:checking '/home/gautier/turtlebot3_ws/install/turtlebot3_multi_robot_sim' for CMake module files
[3.385s] Level 1:colcon.colcon_core.environment:checking '/home/gautier/turtlebot3_ws/install/turtlebot3_multi_robot_sim' for CMake config files
[3.386s] Level 1:colcon.colcon_core.shell:create_environment_hook('turtlebot3_multi_robot_sim', 'cmake_prefix_path')
[3.413s] INFO:colcon.colcon_core.shell:Creating environment hook '/home/gautier/turtlebot3_ws/install/turtlebot3_multi_robot_sim/share/turtlebot3_multi_robot_sim/hook/cmake_prefix_path.ps1'
[3.413s] INFO:colcon.colcon_core.shell:Creating environment descriptor '/home/gautier/turtlebot3_ws/install/turtlebot3_multi_robot_sim/share/turtlebot3_multi_robot_sim/hook/cmake_prefix_path.dsv'
[3.413s] INFO:colcon.colcon_core.shell:Creating environment hook '/home/gautier/turtlebot3_ws/install/turtlebot3_multi_robot_sim/share/turtlebot3_multi_robot_sim/hook/cmake_prefix_path.sh'
[3.414s] Level 1:colcon.colcon_core.environment:checking '/home/gautier/turtlebot3_ws/install/turtlebot3_multi_robot_sim/bin'
[3.414s] Level 1:colcon.colcon_core.environment:checking '/home/gautier/turtlebot3_ws/install/turtlebot3_multi_robot_sim/lib/pkgconfig/turtlebot3_multi_robot_sim.pc'
[3.414s] Level 1:colcon.colcon_core.environment:checking '/home/gautier/turtlebot3_ws/install/turtlebot3_multi_robot_sim/lib/python3.8/site-packages'
[3.414s] Level 1:colcon.colcon_core.environment:checking '/home/gautier/turtlebot3_ws/install/turtlebot3_multi_robot_sim/bin'
[3.441s] INFO:colcon.colcon_core.shell:Creating package script '/home/gautier/turtlebot3_ws/install/turtlebot3_multi_robot_sim/share/turtlebot3_multi_robot_sim/package.ps1'
[3.441s] INFO:colcon.colcon_core.shell:Creating package descriptor '/home/gautier/turtlebot3_ws/install/turtlebot3_multi_robot_sim/share/turtlebot3_multi_robot_sim/package.dsv'
[3.442s] INFO:colcon.colcon_core.shell:Creating package script '/home/gautier/turtlebot3_ws/install/turtlebot3_multi_robot_sim/share/turtlebot3_multi_robot_sim/package.sh'
[3.442s] INFO:colcon.colcon_core.shell:Creating package script '/home/gautier/turtlebot3_ws/install/turtlebot3_multi_robot_sim/share/turtlebot3_multi_robot_sim/package.bash'
[3.442s] INFO:colcon.colcon_core.shell:Creating package script '/home/gautier/turtlebot3_ws/install/turtlebot3_multi_robot_sim/share/turtlebot3_multi_robot_sim/package.zsh'
[3.442s] Level 1:colcon.colcon_core.environment:create_file_with_runtime_dependencies(/home/gautier/turtlebot3_ws/install/turtlebot3_multi_robot_sim/share/colcon-core/packages/turtlebot3_multi_robot_sim)
[3.478s] Level 1:colcon.colcon_core.environment:create_environment_scripts_only(turtlebot3_simulations)
[3.505s] Level 1:colcon.colcon_core.environment:checking '/home/gautier/turtlebot3_ws/install/turtlebot3_simulations' for CMake module files
[3.505s] Level 1:colcon.colcon_core.environment:checking '/home/gautier/turtlebot3_ws/install/turtlebot3_simulations' for CMake config files
[3.505s] Level 1:colcon.colcon_core.shell:create_environment_hook('turtlebot3_simulations', 'cmake_prefix_path')
[3.533s] INFO:colcon.colcon_core.shell:Creating environment hook '/home/gautier/turtlebot3_ws/install/turtlebot3_simulations/share/turtlebot3_simulations/hook/cmake_prefix_path.ps1'
[3.533s] INFO:colcon.colcon_core.shell:Creating environment descriptor '/home/gautier/turtlebot3_ws/install/turtlebot3_simulations/share/turtlebot3_simulations/hook/cmake_prefix_path.dsv'
[3.533s] INFO:colcon.colcon_core.shell:Creating environment hook '/home/gautier/turtlebot3_ws/install/turtlebot3_simulations/share/turtlebot3_simulations/hook/cmake_prefix_path.sh'
[3.534s] Level 1:colcon.colcon_core.environment:checking '/home/gautier/turtlebot3_ws/install/turtlebot3_simulations/bin'
[3.534s] Level 1:colcon.colcon_core.environment:checking '/home/gautier/turtlebot3_ws/install/turtlebot3_simulations/lib/pkgconfig/turtlebot3_simulations.pc'
[3.534s] Level 1:colcon.colcon_core.environment:checking '/home/gautier/turtlebot3_ws/install/turtlebot3_simulations/lib/python3.8/site-packages'
[3.534s] Level 1:colcon.colcon_core.environment:checking '/home/gautier/turtlebot3_ws/install/turtlebot3_simulations/bin'
[3.561s] INFO:colcon.colcon_core.shell:Creating package script '/home/gautier/turtlebot3_ws/install/turtlebot3_simulations/share/turtlebot3_simulations/package.ps1'
[3.561s] INFO:colcon.colcon_core.shell:Creating package descriptor '/home/gautier/turtlebot3_ws/install/turtlebot3_simulations/share/turtlebot3_simulations/package.dsv'
[3.561s] INFO:colcon.colcon_core.shell:Creating package script '/home/gautier/turtlebot3_ws/install/turtlebot3_simulations/share/turtlebot3_simulations/package.sh'
[3.562s] INFO:colcon.colcon_core.shell:Creating package script '/home/gautier/turtlebot3_ws/install/turtlebot3_simulations/share/turtlebot3_simulations/package.bash'
[3.562s] INFO:colcon.colcon_core.shell:Creating package script '/home/gautier/turtlebot3_ws/install/turtlebot3_simulations/share/turtlebot3_simulations/package.zsh'
[3.562s] Level 1:colcon.colcon_core.environment:create_file_with_runtime_dependencies(/home/gautier/turtlebot3_ws/install/turtlebot3_simulations/share/colcon-core/packages/turtlebot3_simulations)
[3.562s] DEBUG:colcon.colcon_parallel_executor.executor.parallel:closing loop
[3.562s] DEBUG:colcon.colcon_parallel_executor.executor.parallel:loop closed
[3.563s] DEBUG:colcon.colcon_parallel_executor.executor.parallel:run_until_complete finished with '0'
[3.563s] DEBUG:colcon.colcon_core.event_reactor:joining thread
[3.594s] INFO:colcon.colcon_core.plugin_system:Skipping extension 'colcon_notification.desktop_notification.terminal_notifier': Not used on non-Darwin systems
[3.594s] INFO:colcon.colcon_core.plugin_system:Skipping extension 'colcon_notification.desktop_notification.win32': Not used on non-Windows systems
[3.594s] INFO:colcon.colcon_notification.desktop_notification:Sending desktop notification using 'notify2'
[3.604s] DEBUG:colcon.colcon_core.event_reactor:joined thread
[3.635s] INFO:colcon.colcon_core.shell:Creating prefix script '/home/gautier/turtlebot3_ws/install/local_setup.ps1'
[3.635s] INFO:colcon.colcon_core.shell:Creating prefix util module '/home/gautier/turtlebot3_ws/install/_local_setup_util_ps1.py'
[3.636s] INFO:colcon.colcon_core.shell:Creating prefix chain script '/home/gautier/turtlebot3_ws/install/setup.ps1'
[3.666s] INFO:colcon.colcon_core.shell:Creating prefix script '/home/gautier/turtlebot3_ws/install/local_setup.sh'
[3.667s] INFO:colcon.colcon_core.shell:Creating prefix util module '/home/gautier/turtlebot3_ws/install/_local_setup_util_sh.py'
[3.667s] INFO:colcon.colcon_core.shell:Creating prefix chain script '/home/gautier/turtlebot3_ws/install/setup.sh'
[3.695s] INFO:colcon.colcon_core.shell:Creating prefix script '/home/gautier/turtlebot3_ws/install/local_setup.bash'
[3.696s] INFO:colcon.colcon_core.shell:Creating prefix chain script '/home/gautier/turtlebot3_ws/install/setup.bash'
[3.725s] INFO:colcon.colcon_core.shell:Creating prefix script '/home/gautier/turtlebot3_ws/install/local_setup.zsh'
[3.725s] INFO:colcon.colcon_core.shell:Creating prefix chain script '/home/gautier/turtlebot3_ws/install/setup.zsh'
