[0.242s] Invoking command in '/home/gautier/turtlebot3_ws/build/turtlebot3_gazebo': CMAKE_PREFIX_PATH=${CMAKE_PREFIX_PATH}:/opt/ros/foxy /usr/bin/cmake /home/gautier/turtlebot3_ws/src/turtlebot3_simulations/turtlebot3_gazebo -DAMENT_CMAKE_SYMLINK_INSTALL=1 -DCMAKE_INSTALL_PREFIX=/home/gautier/turtlebot3_ws/install/turtlebot3_gazebo
[0.253s] -- Found ament_cmake: 0.9.12 (/opt/ros/foxy/share/ament_cmake/cmake)
[0.268s] -- Using PYTHON_EXECUTABLE: /usr/bin/python3
[0.404s] -- Override CMake install command with custom implementation using symlinks instead of copying resources
[0.440s] -- Found DART: /usr/include (Required is at least version "6.6") found components: dart 
[0.471s] -- Found Protobuf: /usr/lib/x86_64-linux-gnu/libprotobuf.so;-lpthread (found version "3.6.1") 
[0.473s] -- Looking for ignition-math6 -- found version 6.15.0
[0.477s] -- Searching for dependencies of ignition-math6
[0.479s] -- Looking for OGRE...
[0.484s] -- Found Ogre Ghadamon (1.9.0)
[0.484s] -- Found OGRE: optimized;/usr/lib/x86_64-linux-gnu/libOgreMain.so;debug;/usr/lib/x86_64-linux-gnu/libOgreMain.so
[0.495s] -- Looking for OGRE_Paging...
[0.495s] -- Found OGRE_Paging: optimized;/usr/lib/x86_64-linux-gnu/libOgrePaging.so;debug;/usr/lib/x86_64-linux-gnu/libOgrePaging.so
[0.496s] -- Looking for OGRE_Terrain...
[0.497s] -- Found OGRE_Terrain: optimized;/usr/lib/x86_64-linux-gnu/libOgreTerrain.so;debug;/usr/lib/x86_64-linux-gnu/libOgreTerrain.so
[0.497s] -- Looking for OGRE_Property...
[0.497s] -- Found OGRE_Property: optimized;/usr/lib/x86_64-linux-gnu/libOgreProperty.so;debug;/usr/lib/x86_64-linux-gnu/libOgreProperty.so
[0.497s] -- Looking for OGRE_RTShaderSystem...
[0.498s] -- Found OGRE_RTShaderSystem: optimized;/usr/lib/x86_64-linux-gnu/libOgreRTShaderSystem.so;debug;/usr/lib/x86_64-linux-gnu/libOgreRTShaderSystem.so
[0.498s] -- Looking for OGRE_Volume...
[0.498s] -- Found OGRE_Volume: optimized;/usr/lib/x86_64-linux-gnu/libOgreVolume.so;debug;/usr/lib/x86_64-linux-gnu/libOgreVolume.so
[0.498s] -- Looking for OGRE_Overlay...
[0.498s] -- Found OGRE_Overlay: optimized;/usr/lib/x86_64-linux-gnu/libOgreOverlay.so;debug;/usr/lib/x86_64-linux-gnu/libOgreOverlay.so
[0.596s] -- Looking for ignition-math6 -- found version 6.15.0
[0.596s] -- Looking for ignition-transport8 -- found version 8.3.0
[0.597s] -- Searching for dependencies of ignition-transport8
[0.610s] -- Found Protobuf: /usr/lib/x86_64-linux-gnu/libprotobuf.so;-lpthread (found suitable version "3.6.1", minimum required is "3") 
[0.618s] -- Config-file not installed for ZeroMQ -- checking for pkg-config
[0.621s] -- Checking for module 'libzmq >= 4'
[0.632s] --   Found libzmq , version 4.3.2
[0.660s] -- Checking for module 'uuid'
[0.670s] --   Found uuid, version 2.34.0
[0.692s] -- Looking for ignition-msgs5 -- found version 5.10.0
[0.692s] -- Searching for dependencies of ignition-msgs5
[0.706s] -- Looking for ignition-math6 -- found version 6.15.0
[0.709s] -- Checking for module 'tinyxml2'
[0.718s] --   Found tinyxml2, version 6.2.0
[0.741s] -- Looking for ignition-msgs5 -- found version 5.10.0
[0.741s] -- Looking for ignition-common3 -- found version 3.14.2
[0.741s] -- Searching for dependencies of ignition-common3
[0.741s] -- Looking for dlfcn.h - found
[0.741s] -- Looking for libdl - found
[0.748s] -- Searching for <ignition-common3> component [graphics]
[0.749s] -- Looking for ignition-common3-graphics -- found version 3.14.2
[0.750s] -- Searching for dependencies of ignition-common3-graphics
[0.751s] -- Looking for ignition-math6 -- found version 6.15.0
[0.751s] -- Looking for ignition-fuel_tools4 -- found version 4.6.0
[0.751s] -- Searching for dependencies of ignition-fuel_tools4
[0.769s] -- Checking for module 'jsoncpp'
[0.779s] --   Found jsoncpp, version 1.7.4
[0.805s] -- Checking for module 'libzip'
[0.815s] --   Found libzip, version 1.5.1
[0.839s] -- Looking for ignition-common3 -- found version 3.14.2
[0.839s] -- Looking for ignition-math6 -- found version 6.15.0
[0.839s] -- Looking for ignition-msgs5 -- found version 5.10.0
[0.841s] -- Found gazebo_ros_pkgs: 3.5.3 (/opt/ros/foxy/share/gazebo_ros_pkgs/cmake)
[0.841s] -- Found geometry_msgs: 2.0.5 (/opt/ros/foxy/share/geometry_msgs/cmake)
[0.858s] -- Using all available rosidl_typesupport_c: rosidl_typesupport_fastrtps_c;rosidl_typesupport_introspection_c
[0.861s] -- Found rosidl_adapter: 1.3.1 (/opt/ros/foxy/share/rosidl_adapter/cmake)
[0.969s] -- Using all available rosidl_typesupport_cpp: rosidl_typesupport_fastrtps_cpp;rosidl_typesupport_introspection_cpp
[1.021s] -- Found nav_msgs: 2.0.5 (/opt/ros/foxy/share/nav_msgs/cmake)
[1.068s] -- Found rclcpp: 2.4.3 (/opt/ros/foxy/share/rclcpp/cmake)
[1.091s] -- Found rmw_implementation_cmake: 1.0.4 (/opt/ros/foxy/share/rmw_implementation_cmake/cmake)
[1.092s] -- Using RMW implementation 'rmw_fastrtps_cpp' as default
[1.186s] -- Found sensor_msgs: 2.0.5 (/opt/ros/foxy/share/sensor_msgs/cmake)
[1.248s] -- Found tf2: 0.13.14 (/opt/ros/foxy/share/tf2/cmake)
[1.289s] -- Configuring done
[1.309s] -- Generating done
[1.311s] -- Build files have been written to: /home/gautier/turtlebot3_ws/build/turtlebot3_gazebo
[1.318s] Invoked command in '/home/gautier/turtlebot3_ws/build/turtlebot3_gazebo' returned '0': CMAKE_PREFIX_PATH=${CMAKE_PREFIX_PATH}:/opt/ros/foxy /usr/bin/cmake /home/gautier/turtlebot3_ws/src/turtlebot3_simulations/turtlebot3_gazebo -DAMENT_CMAKE_SYMLINK_INSTALL=1 -DCMAKE_INSTALL_PREFIX=/home/gautier/turtlebot3_ws/install/turtlebot3_gazebo
[1.320s] Invoking command in '/home/gautier/turtlebot3_ws/build/turtlebot3_gazebo': CMAKE_PREFIX_PATH=${CMAKE_PREFIX_PATH}:/opt/ros/foxy /usr/bin/cmake --build /home/gautier/turtlebot3_ws/build/turtlebot3_gazebo -- -j8 -l8
[1.369s] [ 25%] Built target turtlebot3_drive
[1.369s] [ 50%] Built target obstacle1
[1.369s] [ 75%] Built target obstacle2
[1.374s] [100%] Built target obstacles
[1.450s] Invoked command in '/home/gautier/turtlebot3_ws/build/turtlebot3_gazebo' returned '0': CMAKE_PREFIX_PATH=${CMAKE_PREFIX_PATH}:/opt/ros/foxy /usr/bin/cmake --build /home/gautier/turtlebot3_ws/build/turtlebot3_gazebo -- -j8 -l8
[1.470s] Invoking command in '/home/gautier/turtlebot3_ws/build/turtlebot3_gazebo': CMAKE_PREFIX_PATH=${CMAKE_PREFIX_PATH}:/opt/ros/foxy /usr/bin/cmake --install /home/gautier/turtlebot3_ws/build/turtlebot3_gazebo
[1.476s] -- Install configuration: ""
[1.476s] -- Execute custom install script
[1.477s] -- Up-to-date symlink: /home/gautier/turtlebot3_ws/install/turtlebot3_gazebo/lib/turtlebot3_gazebo/turtlebot3_drive
[1.477s] -- Up-to-date symlink: /home/gautier/turtlebot3_ws/install/turtlebot3_gazebo/share/turtlebot3_gazebo//launch/empty_world.launch.py
[1.477s] -- Up-to-date symlink: /home/gautier/turtlebot3_ws/install/turtlebot3_gazebo/share/turtlebot3_gazebo//launch/robot_state_publisher.launch.py
[1.477s] -- Up-to-date symlink: /home/gautier/turtlebot3_ws/install/turtlebot3_gazebo/share/turtlebot3_gazebo//launch/robot_state_publisher_namespaced.launch.py
[1.477s] -- Up-to-date symlink: /home/gautier/turtlebot3_ws/install/turtlebot3_gazebo/share/turtlebot3_gazebo//launch/robot_state_publisher_namespaced_launch.xml
[1.477s] -- Up-to-date symlink: /home/gautier/turtlebot3_ws/install/turtlebot3_gazebo/share/turtlebot3_gazebo//launch/turtlebot3_autorace.launch.py
[1.477s] -- Up-to-date symlink: /home/gautier/turtlebot3_ws/install/turtlebot3_gazebo/share/turtlebot3_gazebo//launch/turtlebot3_custom.launch.py
[1.478s] -- Up-to-date symlink: /home/gautier/turtlebot3_ws/install/turtlebot3_gazebo/share/turtlebot3_gazebo//launch/turtlebot3_dqn_stage1.launch.py
[1.478s] -- Up-to-date symlink: /home/gautier/turtlebot3_ws/install/turtlebot3_gazebo/share/turtlebot3_gazebo//launch/turtlebot3_dqn_stage2.launch.py
[1.478s] -- Up-to-date symlink: /home/gautier/turtlebot3_ws/install/turtlebot3_gazebo/share/turtlebot3_gazebo//launch/turtlebot3_dqn_stage3.launch.py
[1.478s] -- Up-to-date symlink: /home/gautier/turtlebot3_ws/install/turtlebot3_gazebo/share/turtlebot3_gazebo//launch/turtlebot3_dqn_stage4.launch.py
[1.478s] -- Up-to-date symlink: /home/gautier/turtlebot3_ws/install/turtlebot3_gazebo/share/turtlebot3_gazebo//launch/turtlebot3_house.launch.py
[1.478s] -- Up-to-date symlink: /home/gautier/turtlebot3_ws/install/turtlebot3_gazebo/share/turtlebot3_gazebo//launch/turtlebot3_multi_robot.launch.py
[1.478s] -- Up-to-date symlink: /home/gautier/turtlebot3_ws/install/turtlebot3_gazebo/share/turtlebot3_gazebo//launch/turtlebot3_multi_robot_launch.xml
[1.478s] -- Up-to-date symlink: /home/gautier/turtlebot3_ws/install/turtlebot3_gazebo/share/turtlebot3_gazebo//launch/turtlebot3_workshop.launch.py
[1.478s] -- Up-to-date symlink: /home/gautier/turtlebot3_ws/install/turtlebot3_gazebo/share/turtlebot3_gazebo//launch/turtlebot3_world.launch.py
[1.479s] -- Up-to-date symlink: /home/gautier/turtlebot3_ws/install/turtlebot3_gazebo/share/turtlebot3_gazebo//models/turtlebot3_autorace/course/materials/scripts/course.material
[1.479s] -- Up-to-date symlink: /home/gautier/turtlebot3_ws/install/turtlebot3_gazebo/share/turtlebot3_gazebo//models/turtlebot3_autorace/course/materials/textures/course.png
[1.479s] -- Up-to-date symlink: /home/gautier/turtlebot3_ws/install/turtlebot3_gazebo/share/turtlebot3_gazebo//models/turtlebot3_autorace/course/model.config
[1.479s] -- Up-to-date symlink: /home/gautier/turtlebot3_ws/install/turtlebot3_gazebo/share/turtlebot3_gazebo//models/turtlebot3_autorace/course/model.sdf
[1.479s] -- Up-to-date symlink: /home/gautier/turtlebot3_ws/install/turtlebot3_gazebo/share/turtlebot3_gazebo//models/turtlebot3_autorace/ground/model.config
[1.480s] -- Up-to-date symlink: /home/gautier/turtlebot3_ws/install/turtlebot3_gazebo/share/turtlebot3_gazebo//models/turtlebot3_autorace/ground/model.sdf
[1.480s] -- Up-to-date symlink: /home/gautier/turtlebot3_ws/install/turtlebot3_gazebo/share/turtlebot3_gazebo//models/turtlebot3_autorace/lights/model.config
[1.480s] -- Up-to-date symlink: /home/gautier/turtlebot3_ws/install/turtlebot3_gazebo/share/turtlebot3_gazebo//models/turtlebot3_autorace/lights/model.sdf
[1.480s] -- Up-to-date symlink: /home/gautier/turtlebot3_ws/install/turtlebot3_gazebo/share/turtlebot3_gazebo//models/turtlebot3_autorace/model.config
[1.480s] -- Up-to-date symlink: /home/gautier/turtlebot3_ws/install/turtlebot3_gazebo/share/turtlebot3_gazebo//models/turtlebot3_autorace/traffic_bar_down/materials/scripts/traffic_bar.material
[1.480s] -- Up-to-date symlink: /home/gautier/turtlebot3_ws/install/turtlebot3_gazebo/share/turtlebot3_gazebo//models/turtlebot3_autorace/traffic_bar_down/materials/textures/traffic_bar.png
[1.480s] -- Up-to-date symlink: /home/gautier/turtlebot3_ws/install/turtlebot3_gazebo/share/turtlebot3_gazebo//models/turtlebot3_autorace/traffic_bar_down/model.config
[1.480s] -- Up-to-date symlink: /home/gautier/turtlebot3_ws/install/turtlebot3_gazebo/share/turtlebot3_gazebo//models/turtlebot3_autorace/traffic_bar_down/model.sdf
[1.480s] -- Up-to-date symlink: /home/gautier/turtlebot3_ws/install/turtlebot3_gazebo/share/turtlebot3_gazebo//models/turtlebot3_autorace/traffic_bar_up/materials/scripts/traffic_bar.material
[1.480s] -- Up-to-date symlink: /home/gautier/turtlebot3_ws/install/turtlebot3_gazebo/share/turtlebot3_gazebo//models/turtlebot3_autorace/traffic_bar_up/materials/textures/traffic_bar.png
[1.481s] -- Up-to-date symlink: /home/gautier/turtlebot3_ws/install/turtlebot3_gazebo/share/turtlebot3_gazebo//models/turtlebot3_autorace/traffic_bar_up/model.config
[1.481s] -- Up-to-date symlink: /home/gautier/turtlebot3_ws/install/turtlebot3_gazebo/share/turtlebot3_gazebo//models/turtlebot3_autorace/traffic_bar_up/model.sdf
[1.481s] -- Up-to-date symlink: /home/gautier/turtlebot3_ws/install/turtlebot3_gazebo/share/turtlebot3_gazebo//models/turtlebot3_autorace/traffic_light_green/model.config
[1.481s] -- Up-to-date symlink: /home/gautier/turtlebot3_ws/install/turtlebot3_gazebo/share/turtlebot3_gazebo//models/turtlebot3_autorace/traffic_light_green/model.sdf
[1.481s] -- Up-to-date symlink: /home/gautier/turtlebot3_ws/install/turtlebot3_gazebo/share/turtlebot3_gazebo//models/turtlebot3_autorace/traffic_light_red/model.config
[1.481s] -- Up-to-date symlink: /home/gautier/turtlebot3_ws/install/turtlebot3_gazebo/share/turtlebot3_gazebo//models/turtlebot3_autorace/traffic_light_red/model.sdf
[1.481s] -- Up-to-date symlink: /home/gautier/turtlebot3_ws/install/turtlebot3_gazebo/share/turtlebot3_gazebo//models/turtlebot3_autorace/traffic_light_yellow/model.config
[1.481s] -- Up-to-date symlink: /home/gautier/turtlebot3_ws/install/turtlebot3_gazebo/share/turtlebot3_gazebo//models/turtlebot3_autorace/traffic_light_yellow/model.sdf
[1.481s] -- Up-to-date symlink: /home/gautier/turtlebot3_ws/install/turtlebot3_gazebo/share/turtlebot3_gazebo//models/turtlebot3_autorace/traffic_parking/materials/scripts/traffic_parking.material
[1.481s] -- Up-to-date symlink: /home/gautier/turtlebot3_ws/install/turtlebot3_gazebo/share/turtlebot3_gazebo//models/turtlebot3_autorace/traffic_parking/materials/textures/traffic_parking.png
[1.481s] -- Up-to-date symlink: /home/gautier/turtlebot3_ws/install/turtlebot3_gazebo/share/turtlebot3_gazebo//models/turtlebot3_autorace/traffic_parking/model.config
[1.481s] -- Up-to-date symlink: /home/gautier/turtlebot3_ws/install/turtlebot3_gazebo/share/turtlebot3_gazebo//models/turtlebot3_autorace/traffic_parking/model.sdf
[1.481s] -- Up-to-date symlink: /home/gautier/turtlebot3_ws/install/turtlebot3_gazebo/share/turtlebot3_gazebo//models/turtlebot3_autorace/traffic_stop/materials/scripts/traffic_stop.material
[1.482s] -- Up-to-date symlink: /home/gautier/turtlebot3_ws/install/turtlebot3_gazebo/share/turtlebot3_gazebo//models/turtlebot3_autorace/traffic_stop/materials/textures/traffic_stop.png
[1.482s] -- Up-to-date symlink: /home/gautier/turtlebot3_ws/install/turtlebot3_gazebo/share/turtlebot3_gazebo//models/turtlebot3_autorace/traffic_stop/model.config
[1.482s] -- Up-to-date symlink: /home/gautier/turtlebot3_ws/install/turtlebot3_gazebo/share/turtlebot3_gazebo//models/turtlebot3_autorace/traffic_stop/model.sdf
[1.482s] -- Up-to-date symlink: /home/gautier/turtlebot3_ws/install/turtlebot3_gazebo/share/turtlebot3_gazebo//models/turtlebot3_autorace/traffic_tunnel/materials/scripts/tunnel.material
[1.482s] -- Up-to-date symlink: /home/gautier/turtlebot3_ws/install/turtlebot3_gazebo/share/turtlebot3_gazebo//models/turtlebot3_autorace/traffic_tunnel/materials/textures/tunnel.png
[1.482s] -- Up-to-date symlink: /home/gautier/turtlebot3_ws/install/turtlebot3_gazebo/share/turtlebot3_gazebo//models/turtlebot3_autorace/traffic_tunnel/model.config
[1.482s] -- Up-to-date symlink: /home/gautier/turtlebot3_ws/install/turtlebot3_gazebo/share/turtlebot3_gazebo//models/turtlebot3_autorace/traffic_tunnel/model.sdf
[1.482s] -- Up-to-date symlink: /home/gautier/turtlebot3_ws/install/turtlebot3_gazebo/share/turtlebot3_gazebo//models/turtlebot3_autorace/tunnel_obstacles/model.config
[1.483s] -- Up-to-date symlink: /home/gautier/turtlebot3_ws/install/turtlebot3_gazebo/share/turtlebot3_gazebo//models/turtlebot3_autorace/tunnel_obstacles/model.sdf
[1.483s] -- Up-to-date symlink: /home/gautier/turtlebot3_ws/install/turtlebot3_gazebo/share/turtlebot3_gazebo//models/turtlebot3_autorace/tunnel_wall/model.config
[1.483s] -- Up-to-date symlink: /home/gautier/turtlebot3_ws/install/turtlebot3_gazebo/share/turtlebot3_gazebo//models/turtlebot3_autorace/tunnel_wall/model.sdf
[1.483s] -- Up-to-date symlink: /home/gautier/turtlebot3_ws/install/turtlebot3_gazebo/share/turtlebot3_gazebo//models/turtlebot3_burger/meshes/burger_base.dae
[1.483s] -- Up-to-date symlink: /home/gautier/turtlebot3_ws/install/turtlebot3_gazebo/share/turtlebot3_gazebo//models/turtlebot3_burger/meshes/lds.dae
[1.483s] -- Up-to-date symlink: /home/gautier/turtlebot3_ws/install/turtlebot3_gazebo/share/turtlebot3_gazebo//models/turtlebot3_burger/meshes/tire.dae
[1.483s] -- Up-to-date symlink: /home/gautier/turtlebot3_ws/install/turtlebot3_gazebo/share/turtlebot3_gazebo//models/turtlebot3_burger/model-1_4.sdf
[1.483s] -- Up-to-date symlink: /home/gautier/turtlebot3_ws/install/turtlebot3_gazebo/share/turtlebot3_gazebo//models/turtlebot3_burger/model.config
[1.484s] -- Up-to-date symlink: /home/gautier/turtlebot3_ws/install/turtlebot3_gazebo/share/turtlebot3_gazebo//models/turtlebot3_burger/model.sdf
[1.484s] -- Up-to-date symlink: /home/gautier/turtlebot3_ws/install/turtlebot3_gazebo/share/turtlebot3_gazebo//models/turtlebot3_dqn_world/goal_box/model.config
[1.484s] -- Up-to-date symlink: /home/gautier/turtlebot3_ws/install/turtlebot3_gazebo/share/turtlebot3_gazebo//models/turtlebot3_dqn_world/goal_box/model.sdf
[1.484s] -- Up-to-date symlink: /home/gautier/turtlebot3_ws/install/turtlebot3_gazebo/share/turtlebot3_gazebo//models/turtlebot3_dqn_world/inner_walls/model.config
[1.484s] -- Up-to-date symlink: /home/gautier/turtlebot3_ws/install/turtlebot3_gazebo/share/turtlebot3_gazebo//models/turtlebot3_dqn_world/inner_walls/model.sdf
[1.484s] -- Up-to-date symlink: /home/gautier/turtlebot3_ws/install/turtlebot3_gazebo/share/turtlebot3_gazebo//models/turtlebot3_dqn_world/model.config
[1.484s] -- Up-to-date symlink: /home/gautier/turtlebot3_ws/install/turtlebot3_gazebo/share/turtlebot3_gazebo//models/turtlebot3_dqn_world/model.sdf
[1.484s] -- Up-to-date symlink: /home/gautier/turtlebot3_ws/install/turtlebot3_gazebo/share/turtlebot3_gazebo//models/turtlebot3_dqn_world/obstacle1/model.config
[1.485s] -- Up-to-date symlink: /home/gautier/turtlebot3_ws/install/turtlebot3_gazebo/share/turtlebot3_gazebo//models/turtlebot3_dqn_world/obstacle1/model.sdf
[1.485s] -- Up-to-date symlink: /home/gautier/turtlebot3_ws/install/turtlebot3_gazebo/share/turtlebot3_gazebo//models/turtlebot3_dqn_world/obstacle2/model.config
[1.485s] -- Up-to-date symlink: /home/gautier/turtlebot3_ws/install/turtlebot3_gazebo/share/turtlebot3_gazebo//models/turtlebot3_dqn_world/obstacle2/model.sdf
[1.485s] -- Up-to-date symlink: /home/gautier/turtlebot3_ws/install/turtlebot3_gazebo/share/turtlebot3_gazebo//models/turtlebot3_dqn_world/obstacle_plugin/CMakeLists.txt
[1.485s] -- Up-to-date symlink: /home/gautier/turtlebot3_ws/install/turtlebot3_gazebo/share/turtlebot3_gazebo//models/turtlebot3_dqn_world/obstacle_plugin/obstacle1.cc
[1.485s] -- Up-to-date symlink: /home/gautier/turtlebot3_ws/install/turtlebot3_gazebo/share/turtlebot3_gazebo//models/turtlebot3_dqn_world/obstacle_plugin/obstacle2.cc
[1.485s] -- Up-to-date symlink: /home/gautier/turtlebot3_ws/install/turtlebot3_gazebo/share/turtlebot3_gazebo//models/turtlebot3_dqn_world/obstacle_plugin/obstacles.cc
[1.485s] -- Up-to-date symlink: /home/gautier/turtlebot3_ws/install/turtlebot3_gazebo/share/turtlebot3_gazebo//models/turtlebot3_dqn_world/obstacles/model.config
[1.486s] -- Up-to-date symlink: /home/gautier/turtlebot3_ws/install/turtlebot3_gazebo/share/turtlebot3_gazebo//models/turtlebot3_dqn_world/obstacles/model.sdf
[1.486s] -- Up-to-date symlink: /home/gautier/turtlebot3_ws/install/turtlebot3_gazebo/share/turtlebot3_gazebo//models/turtlebot3_house/model.config
[1.486s] -- Up-to-date symlink: /home/gautier/turtlebot3_ws/install/turtlebot3_gazebo/share/turtlebot3_gazebo//models/turtlebot3_house/model.sdf
[1.486s] -- Up-to-date symlink: /home/gautier/turtlebot3_ws/install/turtlebot3_gazebo/share/turtlebot3_gazebo//models/turtlebot3_waffle/meshes/lds.dae
[1.486s] -- Up-to-date symlink: /home/gautier/turtlebot3_ws/install/turtlebot3_gazebo/share/turtlebot3_gazebo//models/turtlebot3_waffle/meshes/r200.dae
[1.486s] -- Up-to-date symlink: /home/gautier/turtlebot3_ws/install/turtlebot3_gazebo/share/turtlebot3_gazebo//models/turtlebot3_waffle/meshes/tire.dae
[1.486s] -- Up-to-date symlink: /home/gautier/turtlebot3_ws/install/turtlebot3_gazebo/share/turtlebot3_gazebo//models/turtlebot3_waffle/meshes/waffle_base.dae
[1.486s] -- Up-to-date symlink: /home/gautier/turtlebot3_ws/install/turtlebot3_gazebo/share/turtlebot3_gazebo//models/turtlebot3_waffle/model-1_4.sdf
[1.487s] -- Up-to-date symlink: /home/gautier/turtlebot3_ws/install/turtlebot3_gazebo/share/turtlebot3_gazebo//models/turtlebot3_waffle/model.config
[1.487s] -- Up-to-date symlink: /home/gautier/turtlebot3_ws/install/turtlebot3_gazebo/share/turtlebot3_gazebo//models/turtlebot3_waffle/model.sdf
[1.487s] -- Up-to-date symlink: /home/gautier/turtlebot3_ws/install/turtlebot3_gazebo/share/turtlebot3_gazebo//models/turtlebot3_waffle_pi/meshes/lds.dae
[1.487s] -- Up-to-date symlink: /home/gautier/turtlebot3_ws/install/turtlebot3_gazebo/share/turtlebot3_gazebo//models/turtlebot3_waffle_pi/meshes/tire.dae
[1.487s] -- Up-to-date symlink: /home/gautier/turtlebot3_ws/install/turtlebot3_gazebo/share/turtlebot3_gazebo//models/turtlebot3_waffle_pi/meshes/waffle_pi_base.dae
[1.487s] -- Up-to-date symlink: /home/gautier/turtlebot3_ws/install/turtlebot3_gazebo/share/turtlebot3_gazebo//models/turtlebot3_waffle_pi/model-1_4_.sdf
[1.487s] -- Up-to-date symlink: /home/gautier/turtlebot3_ws/install/turtlebot3_gazebo/share/turtlebot3_gazebo//models/turtlebot3_waffle_pi/model.config
[1.487s] -- Up-to-date symlink: /home/gautier/turtlebot3_ws/install/turtlebot3_gazebo/share/turtlebot3_gazebo//models/turtlebot3_waffle_pi/model.sdf
[1.487s] -- Up-to-date symlink: /home/gautier/turtlebot3_ws/install/turtlebot3_gazebo/share/turtlebot3_gazebo//models/turtlebot3_world/meshes/hexagon.dae
[1.487s] -- Up-to-date symlink: /home/gautier/turtlebot3_ws/install/turtlebot3_gazebo/share/turtlebot3_gazebo//models/turtlebot3_world/meshes/wall.dae
[1.487s] -- Up-to-date symlink: /home/gautier/turtlebot3_ws/install/turtlebot3_gazebo/share/turtlebot3_gazebo//models/turtlebot3_world/model-1_4.sdf
[1.488s] -- Up-to-date symlink: /home/gautier/turtlebot3_ws/install/turtlebot3_gazebo/share/turtlebot3_gazebo//models/turtlebot3_world/model.config
[1.488s] -- Up-to-date symlink: /home/gautier/turtlebot3_ws/install/turtlebot3_gazebo/share/turtlebot3_gazebo//models/turtlebot3_world/model.sdf
[1.488s] -- Up-to-date symlink: /home/gautier/turtlebot3_ws/install/turtlebot3_gazebo/share/turtlebot3_gazebo//rviz/tb3_gazebo.rviz
[1.488s] -- Up-to-date symlink: /home/gautier/turtlebot3_ws/install/turtlebot3_gazebo/share/turtlebot3_gazebo//worlds/custom_worlds/backup/square_room.world
[1.488s] -- Up-to-date symlink: /home/gautier/turtlebot3_ws/install/turtlebot3_gazebo/share/turtlebot3_gazebo//worlds/custom_worlds/workshop_smaller.world
[1.488s] -- Up-to-date symlink: /home/gautier/turtlebot3_ws/install/turtlebot3_gazebo/share/turtlebot3_gazebo//worlds/empty_worlds/burger.model
[1.489s] -- Up-to-date symlink: /home/gautier/turtlebot3_ws/install/turtlebot3_gazebo/share/turtlebot3_gazebo//worlds/empty_worlds/waffle.model
[1.489s] -- Up-to-date symlink: /home/gautier/turtlebot3_ws/install/turtlebot3_gazebo/share/turtlebot3_gazebo//worlds/empty_worlds/waffle_pi.model
[1.489s] -- Up-to-date symlink: /home/gautier/turtlebot3_ws/install/turtlebot3_gazebo/share/turtlebot3_gazebo//worlds/turtlebot3_autoraces/burger.model
[1.489s] -- Up-to-date symlink: /home/gautier/turtlebot3_ws/install/turtlebot3_gazebo/share/turtlebot3_gazebo//worlds/turtlebot3_autoraces/waffle.model
[1.489s] -- Up-to-date symlink: /home/gautier/turtlebot3_ws/install/turtlebot3_gazebo/share/turtlebot3_gazebo//worlds/turtlebot3_autoraces/waffle_pi.model
[1.489s] -- Up-to-date symlink: /home/gautier/turtlebot3_ws/install/turtlebot3_gazebo/share/turtlebot3_gazebo//worlds/turtlebot3_dqn_stage1/burger.model
[1.489s] -- Up-to-date symlink: /home/gautier/turtlebot3_ws/install/turtlebot3_gazebo/share/turtlebot3_gazebo//worlds/turtlebot3_dqn_stage1/waffle.model
[1.489s] -- Up-to-date symlink: /home/gautier/turtlebot3_ws/install/turtlebot3_gazebo/share/turtlebot3_gazebo//worlds/turtlebot3_dqn_stage1/waffle_pi.model
[1.489s] -- Up-to-date symlink: /home/gautier/turtlebot3_ws/install/turtlebot3_gazebo/share/turtlebot3_gazebo//worlds/turtlebot3_dqn_stage2/burger.model
[1.489s] -- Up-to-date symlink: /home/gautier/turtlebot3_ws/install/turtlebot3_gazebo/share/turtlebot3_gazebo//worlds/turtlebot3_dqn_stage2/waffle.model
[1.489s] -- Up-to-date symlink: /home/gautier/turtlebot3_ws/install/turtlebot3_gazebo/share/turtlebot3_gazebo//worlds/turtlebot3_dqn_stage2/waffle_pi.model
[1.490s] -- Up-to-date symlink: /home/gautier/turtlebot3_ws/install/turtlebot3_gazebo/share/turtlebot3_gazebo//worlds/turtlebot3_dqn_stage3/burger.model
[1.490s] -- Up-to-date symlink: /home/gautier/turtlebot3_ws/install/turtlebot3_gazebo/share/turtlebot3_gazebo//worlds/turtlebot3_dqn_stage3/waffle.model
[1.490s] -- Up-to-date symlink: /home/gautier/turtlebot3_ws/install/turtlebot3_gazebo/share/turtlebot3_gazebo//worlds/turtlebot3_dqn_stage3/waffle_pi.model
[1.490s] -- Up-to-date symlink: /home/gautier/turtlebot3_ws/install/turtlebot3_gazebo/share/turtlebot3_gazebo//worlds/turtlebot3_dqn_stage4/burger.model
[1.490s] -- Up-to-date symlink: /home/gautier/turtlebot3_ws/install/turtlebot3_gazebo/share/turtlebot3_gazebo//worlds/turtlebot3_dqn_stage4/waffle.model
[1.490s] -- Up-to-date symlink: /home/gautier/turtlebot3_ws/install/turtlebot3_gazebo/share/turtlebot3_gazebo//worlds/turtlebot3_dqn_stage4/waffle_pi.model
[1.490s] -- Up-to-date symlink: /home/gautier/turtlebot3_ws/install/turtlebot3_gazebo/share/turtlebot3_gazebo//worlds/turtlebot3_houses/burger.model
[1.490s] -- Up-to-date symlink: /home/gautier/turtlebot3_ws/install/turtlebot3_gazebo/share/turtlebot3_gazebo//worlds/turtlebot3_houses/waffle.model
[1.490s] -- Up-to-date symlink: /home/gautier/turtlebot3_ws/install/turtlebot3_gazebo/share/turtlebot3_gazebo//worlds/turtlebot3_houses/waffle_pi.model
[1.490s] -- Up-to-date symlink: /home/gautier/turtlebot3_ws/install/turtlebot3_gazebo/share/turtlebot3_gazebo//worlds/turtlebot3_worlds/burger.model
[1.491s] -- Up-to-date symlink: /home/gautier/turtlebot3_ws/install/turtlebot3_gazebo/share/turtlebot3_gazebo//worlds/turtlebot3_worlds/waffle.model
[1.491s] -- Up-to-date symlink: /home/gautier/turtlebot3_ws/install/turtlebot3_gazebo/share/turtlebot3_gazebo//worlds/turtlebot3_worlds/waffle_pi.model
[1.491s] -- Up-to-date symlink: /home/gautier/turtlebot3_ws/install/turtlebot3_gazebo/include//turtlebot3_gazebo/turtlebot3_drive.hpp
[1.491s] -- Up-to-date symlink: /home/gautier/turtlebot3_ws/install/turtlebot3_gazebo/share/ament_index/resource_index/package_run_dependencies/turtlebot3_gazebo
[1.491s] -- Up-to-date symlink: /home/gautier/turtlebot3_ws/install/turtlebot3_gazebo/share/ament_index/resource_index/parent_prefix_path/turtlebot3_gazebo
[1.492s] -- Up-to-date symlink: /home/gautier/turtlebot3_ws/install/turtlebot3_gazebo/share/turtlebot3_gazebo/environment/ament_prefix_path.sh
[1.492s] -- Up-to-date symlink: /home/gautier/turtlebot3_ws/install/turtlebot3_gazebo/share/turtlebot3_gazebo/environment/ament_prefix_path.dsv
[1.492s] -- Up-to-date symlink: /home/gautier/turtlebot3_ws/install/turtlebot3_gazebo/share/turtlebot3_gazebo/environment/path.sh
[1.492s] -- Up-to-date symlink: /home/gautier/turtlebot3_ws/install/turtlebot3_gazebo/share/turtlebot3_gazebo/environment/path.dsv
[1.492s] -- Up-to-date symlink: /home/gautier/turtlebot3_ws/install/turtlebot3_gazebo/share/turtlebot3_gazebo/local_setup.bash
[1.492s] -- Up-to-date symlink: /home/gautier/turtlebot3_ws/install/turtlebot3_gazebo/share/turtlebot3_gazebo/local_setup.sh
[1.492s] -- Up-to-date symlink: /home/gautier/turtlebot3_ws/install/turtlebot3_gazebo/share/turtlebot3_gazebo/local_setup.zsh
[1.493s] -- Up-to-date symlink: /home/gautier/turtlebot3_ws/install/turtlebot3_gazebo/share/turtlebot3_gazebo/local_setup.dsv
[1.493s] -- Symlinking: /home/gautier/turtlebot3_ws/install/turtlebot3_gazebo/share/turtlebot3_gazebo/package.dsv
[1.499s] -- Up-to-date symlink: /home/gautier/turtlebot3_ws/install/turtlebot3_gazebo/share/ament_index/resource_index/packages/turtlebot3_gazebo
[1.499s] -- Up-to-date symlink: /home/gautier/turtlebot3_ws/install/turtlebot3_gazebo/share/turtlebot3_gazebo/cmake/ament_cmake_export_include_directories-extras.cmake
[1.499s] -- Up-to-date symlink: /home/gautier/turtlebot3_ws/install/turtlebot3_gazebo/share/turtlebot3_gazebo/cmake/ament_cmake_export_dependencies-extras.cmake
[1.499s] -- Up-to-date symlink: /home/gautier/turtlebot3_ws/install/turtlebot3_gazebo/share/turtlebot3_gazebo/cmake/turtlebot3_gazeboConfig.cmake
[1.499s] -- Up-to-date symlink: /home/gautier/turtlebot3_ws/install/turtlebot3_gazebo/share/turtlebot3_gazebo/cmake/turtlebot3_gazeboConfig-version.cmake
[1.500s] -- Up-to-date symlink: /home/gautier/turtlebot3_ws/install/turtlebot3_gazebo/share/turtlebot3_gazebo/package.xml
[1.501s] Invoked command in '/home/gautier/turtlebot3_ws/build/turtlebot3_gazebo' returned '0': CMAKE_PREFIX_PATH=${CMAKE_PREFIX_PATH}:/opt/ros/foxy /usr/bin/cmake --install /home/gautier/turtlebot3_ws/build/turtlebot3_gazebo
