-- Install configuration: ""
-- Execute custom install script
-- Up-to-date symlink: /home/gautier/turtlebot3_ws/install/turtlebot3_multi_robot_sim/share/turtlebot3_multi_robot_sim//launch/multi_robot_slam_launch.launch.py
-- Up-to-date symlink: /home/gautier/turtlebot3_ws/install/turtlebot3_multi_robot_sim/share/turtlebot3_multi_robot_sim//launch/multi_robot_spawn_launch.xml
-- Up-to-date symlink: /home/gautier/turtlebot3_ws/install/turtlebot3_multi_robot_sim/share/turtlebot3_multi_robot_sim//launch/single_robot_slam.launch.py
-- Up-to-date symlink: /home/gautier/turtlebot3_ws/install/turtlebot3_multi_robot_sim/share/turtlebot3_multi_robot_sim//launch/single_robot_spawn_launch.xml
-- Symlinking: /home/gautier/turtlebot3_ws/install/turtlebot3_multi_robot_sim/share/turtlebot3_multi_robot_sim//param/Backup/waffle1.yaml
-- Symlinking: /home/gautier/turtlebot3_ws/install/turtlebot3_multi_robot_sim/share/turtlebot3_multi_robot_sim//param/Backup/waffle2.yaml
-- Symlinking: /home/gautier/turtlebot3_ws/install/turtlebot3_multi_robot_sim/share/turtlebot3_multi_robot_sim//param/Backup/waffle3.yaml
-- Up-to-date symlink: /home/gautier/turtlebot3_ws/install/turtlebot3_multi_robot_sim/share/turtlebot3_multi_robot_sim//param/waffle.yaml
-- Up-to-date symlink: /home/gautier/turtlebot3_ws/install/turtlebot3_multi_robot_sim/share/turtlebot3_multi_robot_sim//param/waffle1.yaml
-- Up-to-date symlink: /home/gautier/turtlebot3_ws/install/turtlebot3_multi_robot_sim/share/turtlebot3_multi_robot_sim//param/waffle2.yaml
-- Up-to-date symlink: /home/gautier/turtlebot3_ws/install/turtlebot3_multi_robot_sim/share/turtlebot3_multi_robot_sim//param/waffle3.yaml
-- Up-to-date symlink: /home/gautier/turtlebot3_ws/install/turtlebot3_multi_robot_sim/share/turtlebot3_multi_robot_sim//rviz/multi_robot_slam.rviz
-- Up-to-date symlink: /home/gautier/turtlebot3_ws/install/turtlebot3_multi_robot_sim/share/turtlebot3_multi_robot_sim//rviz/single_robot_slam.rviz
-- Up-to-date symlink: /home/gautier/turtlebot3_ws/install/turtlebot3_multi_robot_sim/share/turtlebot3_multi_robot_sim//map/workshop.pgm
-- Up-to-date symlink: /home/gautier/turtlebot3_ws/install/turtlebot3_multi_robot_sim/share/turtlebot3_multi_robot_sim//map/workshop.yaml
-- Up-to-date symlink: /home/gautier/turtlebot3_ws/install/turtlebot3_multi_robot_sim/share/ament_index/resource_index/package_run_dependencies/turtlebot3_multi_robot_sim
-- Up-to-date symlink: /home/gautier/turtlebot3_ws/install/turtlebot3_multi_robot_sim/share/ament_index/resource_index/parent_prefix_path/turtlebot3_multi_robot_sim
-- Up-to-date symlink: /home/gautier/turtlebot3_ws/install/turtlebot3_multi_robot_sim/share/turtlebot3_multi_robot_sim/environment/ament_prefix_path.sh
-- Up-to-date symlink: /home/gautier/turtlebot3_ws/install/turtlebot3_multi_robot_sim/share/turtlebot3_multi_robot_sim/environment/ament_prefix_path.dsv
-- Up-to-date symlink: /home/gautier/turtlebot3_ws/install/turtlebot3_multi_robot_sim/share/turtlebot3_multi_robot_sim/environment/path.sh
-- Up-to-date symlink: /home/gautier/turtlebot3_ws/install/turtlebot3_multi_robot_sim/share/turtlebot3_multi_robot_sim/environment/path.dsv
-- Up-to-date symlink: /home/gautier/turtlebot3_ws/install/turtlebot3_multi_robot_sim/share/turtlebot3_multi_robot_sim/local_setup.bash
-- Up-to-date symlink: /home/gautier/turtlebot3_ws/install/turtlebot3_multi_robot_sim/share/turtlebot3_multi_robot_sim/local_setup.sh
-- Up-to-date symlink: /home/gautier/turtlebot3_ws/install/turtlebot3_multi_robot_sim/share/turtlebot3_multi_robot_sim/local_setup.zsh
-- Up-to-date symlink: /home/gautier/turtlebot3_ws/install/turtlebot3_multi_robot_sim/share/turtlebot3_multi_robot_sim/local_setup.dsv
-- Symlinking: /home/gautier/turtlebot3_ws/install/turtlebot3_multi_robot_sim/share/turtlebot3_multi_robot_sim/package.dsv
-- Up-to-date symlink: /home/gautier/turtlebot3_ws/install/turtlebot3_multi_robot_sim/share/ament_index/resource_index/packages/turtlebot3_multi_robot_sim
-- Up-to-date symlink: /home/gautier/turtlebot3_ws/install/turtlebot3_multi_robot_sim/share/turtlebot3_multi_robot_sim/cmake/turtlebot3_multi_robot_simConfig.cmake
-- Up-to-date symlink: /home/gautier/turtlebot3_ws/install/turtlebot3_multi_robot_sim/share/turtlebot3_multi_robot_sim/cmake/turtlebot3_multi_robot_simConfig-version.cmake
-- Up-to-date symlink: /home/gautier/turtlebot3_ws/install/turtlebot3_multi_robot_sim/share/turtlebot3_multi_robot_sim/package.xml
