[0.341s] Invoking command in '/home/gautier/turtlebot3_ws/build/turtlebot3_simulations': CMAKE_PREFIX_PATH=/home/gautier/turtlebot3_ws/install/turtlebot3_gazebo:/home/gautier/turtlebot3_ws/install/turtlebot3_fake_node:/home/gautier/turtlebot3_ws/install/turtlebot3_simulations:/home/gautier/turtlebot3_ws/install/turtlebot3_multi_robot_sim:/opt/ros/foxy /usr/bin/cmake --build /home/gautier/turtlebot3_ws/build/turtlebot3_simulations -- -j8 -l8
[0.407s] Invoked command in '/home/gautier/turtlebot3_ws/build/turtlebot3_simulations' returned '0': CMAKE_PREFIX_PATH=/home/gautier/turtlebot3_ws/install/turtlebot3_gazebo:/home/gautier/turtlebot3_ws/install/turtlebot3_fake_node:/home/gautier/turtlebot3_ws/install/turtlebot3_simulations:/home/gautier/turtlebot3_ws/install/turtlebot3_multi_robot_sim:/opt/ros/foxy /usr/bin/cmake --build /home/gautier/turtlebot3_ws/build/turtlebot3_simulations -- -j8 -l8
[0.446s] Invoking command in '/home/gautier/turtlebot3_ws/build/turtlebot3_simulations': CMAKE_PREFIX_PATH=/home/gautier/turtlebot3_ws/install/turtlebot3_gazebo:/home/gautier/turtlebot3_ws/install/turtlebot3_fake_node:/home/gautier/turtlebot3_ws/install/turtlebot3_simulations:/home/gautier/turtlebot3_ws/install/turtlebot3_multi_robot_sim:/opt/ros/foxy /usr/bin/cmake --install /home/gautier/turtlebot3_ws/build/turtlebot3_simulations
[0.461s] -- Install configuration: ""
[0.461s] -- Execute custom install script
[0.462s] -- Up-to-date symlink: /home/gautier/turtlebot3_ws/install/turtlebot3_simulations/share/ament_index/resource_index/package_run_dependencies/turtlebot3_simulations
[0.462s] -- Up-to-date symlink: /home/gautier/turtlebot3_ws/install/turtlebot3_simulations/share/ament_index/resource_index/parent_prefix_path/turtlebot3_simulations
[0.462s] -- Up-to-date symlink: /home/gautier/turtlebot3_ws/install/turtlebot3_simulations/share/turtlebot3_simulations/environment/ament_prefix_path.sh
[0.463s] -- Up-to-date symlink: /home/gautier/turtlebot3_ws/install/turtlebot3_simulations/share/turtlebot3_simulations/environment/ament_prefix_path.dsv
[0.463s] -- Up-to-date symlink: /home/gautier/turtlebot3_ws/install/turtlebot3_simulations/share/turtlebot3_simulations/environment/path.sh
[0.464s] -- Up-to-date symlink: /home/gautier/turtlebot3_ws/install/turtlebot3_simulations/share/turtlebot3_simulations/environment/path.dsv
[0.464s] -- Up-to-date symlink: /home/gautier/turtlebot3_ws/install/turtlebot3_simulations/share/turtlebot3_simulations/local_setup.bash
[0.464s] -- Up-to-date symlink: /home/gautier/turtlebot3_ws/install/turtlebot3_simulations/share/turtlebot3_simulations/local_setup.sh
[0.465s] -- Up-to-date symlink: /home/gautier/turtlebot3_ws/install/turtlebot3_simulations/share/turtlebot3_simulations/local_setup.zsh
[0.465s] -- Up-to-date symlink: /home/gautier/turtlebot3_ws/install/turtlebot3_simulations/share/turtlebot3_simulations/local_setup.dsv
[0.465s] -- Symlinking: /home/gautier/turtlebot3_ws/install/turtlebot3_simulations/share/turtlebot3_simulations/package.dsv
[0.482s] -- Up-to-date symlink: /home/gautier/turtlebot3_ws/install/turtlebot3_simulations/share/ament_index/resource_index/packages/turtlebot3_simulations
[0.482s] -- Up-to-date symlink: /home/gautier/turtlebot3_ws/install/turtlebot3_simulations/share/turtlebot3_simulations/cmake/turtlebot3_simulationsConfig.cmake
[0.482s] -- Up-to-date symlink: /home/gautier/turtlebot3_ws/install/turtlebot3_simulations/share/turtlebot3_simulations/cmake/turtlebot3_simulationsConfig-version.cmake
[0.482s] -- Up-to-date symlink: /home/gautier/turtlebot3_ws/install/turtlebot3_simulations/share/turtlebot3_simulations/package.xml
[0.487s] Invoked command in '/home/gautier/turtlebot3_ws/build/turtlebot3_simulations' returned '0': CMAKE_PREFIX_PATH=/home/gautier/turtlebot3_ws/install/turtlebot3_gazebo:/home/gautier/turtlebot3_ws/install/turtlebot3_fake_node:/home/gautier/turtlebot3_ws/install/turtlebot3_simulations:/home/gautier/turtlebot3_ws/install/turtlebot3_multi_robot_sim:/opt/ros/foxy /usr/bin/cmake --install /home/gautier/turtlebot3_ws/build/turtlebot3_simulations
