[0.118s] Invoking command in '/home/gautier/turtlebot3_ws/build/turtlebot3_simulations': CMAKE_PREFIX_PATH=/home/gautier/turtlebot3_ws/install/turtlebot3_gazebo:/home/gautier/turtlebot3_ws/install/turtlebot3_fake_node:/home/gautier/turtlebot3_ws/install/turtlebot3_simulations:/home/gautier/turtlebot3_ws/install/turtlebot3_multi_robot_sim:/opt/ros/foxy /usr/bin/cmake --build /home/gautier/turtlebot3_ws/build/turtlebot3_simulations -- -j8 -l8
[0.144s] Invoked command in '/home/gautier/turtlebot3_ws/build/turtlebot3_simulations' returned '0': CMAKE_PREFIX_PATH=/home/gautier/turtlebot3_ws/install/turtlebot3_gazebo:/home/gautier/turtlebot3_ws/install/turtlebot3_fake_node:/home/gautier/turtlebot3_ws/install/turtlebot3_simulations:/home/gautier/turtlebot3_ws/install/turtlebot3_multi_robot_sim:/opt/ros/foxy /usr/bin/cmake --build /home/gautier/turtlebot3_ws/build/turtlebot3_simulations -- -j8 -l8
[0.159s] Invoking command in '/home/gautier/turtlebot3_ws/build/turtlebot3_simulations': CMAKE_PREFIX_PATH=/home/gautier/turtlebot3_ws/install/turtlebot3_gazebo:/home/gautier/turtlebot3_ws/install/turtlebot3_fake_node:/home/gautier/turtlebot3_ws/install/turtlebot3_simulations:/home/gautier/turtlebot3_ws/install/turtlebot3_multi_robot_sim:/opt/ros/foxy /usr/bin/cmake --install /home/gautier/turtlebot3_ws/build/turtlebot3_simulations
[0.165s] -- Install configuration: ""
[0.165s] -- Execute custom install script
[0.165s] -- Up-to-date symlink: /home/gautier/turtlebot3_ws/install/turtlebot3_simulations/share/ament_index/resource_index/package_run_dependencies/turtlebot3_simulations
[0.165s] -- Up-to-date symlink: /home/gautier/turtlebot3_ws/install/turtlebot3_simulations/share/ament_index/resource_index/parent_prefix_path/turtlebot3_simulations
[0.166s] -- Up-to-date symlink: /home/gautier/turtlebot3_ws/install/turtlebot3_simulations/share/turtlebot3_simulations/environment/ament_prefix_path.sh
[0.166s] -- Up-to-date symlink: /home/gautier/turtlebot3_ws/install/turtlebot3_simulations/share/turtlebot3_simulations/environment/ament_prefix_path.dsv
[0.166s] -- Up-to-date symlink: /home/gautier/turtlebot3_ws/install/turtlebot3_simulations/share/turtlebot3_simulations/environment/path.sh
[0.166s] -- Up-to-date symlink: /home/gautier/turtlebot3_ws/install/turtlebot3_simulations/share/turtlebot3_simulations/environment/path.dsv
[0.166s] -- Up-to-date symlink: /home/gautier/turtlebot3_ws/install/turtlebot3_simulations/share/turtlebot3_simulations/local_setup.bash
[0.167s] -- Up-to-date symlink: /home/gautier/turtlebot3_ws/install/turtlebot3_simulations/share/turtlebot3_simulations/local_setup.sh
[0.167s] -- Up-to-date symlink: /home/gautier/turtlebot3_ws/install/turtlebot3_simulations/share/turtlebot3_simulations/local_setup.zsh
[0.167s] -- Up-to-date symlink: /home/gautier/turtlebot3_ws/install/turtlebot3_simulations/share/turtlebot3_simulations/local_setup.dsv
[0.167s] -- Symlinking: /home/gautier/turtlebot3_ws/install/turtlebot3_simulations/share/turtlebot3_simulations/package.dsv
[0.173s] -- Up-to-date symlink: /home/gautier/turtlebot3_ws/install/turtlebot3_simulations/share/ament_index/resource_index/packages/turtlebot3_simulations
[0.173s] -- Up-to-date symlink: /home/gautier/turtlebot3_ws/install/turtlebot3_simulations/share/turtlebot3_simulations/cmake/turtlebot3_simulationsConfig.cmake
[0.173s] -- Up-to-date symlink: /home/gautier/turtlebot3_ws/install/turtlebot3_simulations/share/turtlebot3_simulations/cmake/turtlebot3_simulationsConfig-version.cmake
[0.174s] -- Up-to-date symlink: /home/gautier/turtlebot3_ws/install/turtlebot3_simulations/share/turtlebot3_simulations/package.xml
[0.175s] Invoked command in '/home/gautier/turtlebot3_ws/build/turtlebot3_simulations' returned '0': CMAKE_PREFIX_PATH=/home/gautier/turtlebot3_ws/install/turtlebot3_gazebo:/home/gautier/turtlebot3_ws/install/turtlebot3_fake_node:/home/gautier/turtlebot3_ws/install/turtlebot3_simulations:/home/gautier/turtlebot3_ws/install/turtlebot3_multi_robot_sim:/opt/ros/foxy /usr/bin/cmake --install /home/gautier/turtlebot3_ws/build/turtlebot3_simulations
