[1.569s] DEBUG:colcon:Command line arguments: ['/usr/bin/colcon', 'build']
[1.569s] DEBUG:colcon:Parsed command line arguments: Namespace(allow_overriding=[], ament_cmake_args=None, base_paths=['.'], build_base='build', catkin_cmake_args=None, catkin_skip_building_tests=False, cmake_args=None, cmake_clean_cache=False, cmake_clean_first=False, cmake_force_configure=False, cmake_target=None, cmake_target_skip_unavailable=False, continue_on_error=False, event_handlers=None, executor='parallel', ignore_user_meta=False, install_base='install', log_base=None, log_level=None, main=<bound method BuildVerb.main of <colcon_core.verb.build.BuildVerb object at 0x7fe3ccbfcbe0>>, merge_install=False, metas=['./colcon.meta'], packages_above=None, packages_above_and_dependencies=None, packages_above_depth=None, packages_end=None, packages_ignore=None, packages_ignore_regex=None, packages_select=None, packages_select_build_failed=False, packages_select_by_dep=None, packages_select_regex=None, packages_select_test_failures=False, packages_skip=None, packages_skip_build_finished=False, packages_skip_by_dep=None, packages_skip_regex=None, packages_skip_test_passed=False, packages_skip_up_to=None, packages_start=None, packages_up_to=None, packages_up_to_regex=None, parallel_workers=8, paths=None, symlink_install=False, test_result_base=None, verb_extension=<colcon_core.verb.build.BuildVerb object at 0x7fe3ccbfcbe0>, verb_name='build', verb_parser=<colcon_defaults.argument_parser.defaults.DefaultArgumentsDecorator object at 0x7fe3cc79ae20>)
[1.632s] Level 1:colcon.colcon_core.package_discovery:discover_packages(colcon_meta) check parameters
[1.632s] Level 1:colcon.colcon_core.package_discovery:discover_packages(recursive) check parameters
[1.632s] Level 1:colcon.colcon_core.package_discovery:discover_packages(ignore) check parameters
[1.632s] Level 1:colcon.colcon_core.package_discovery:discover_packages(path) check parameters
[1.632s] Level 1:colcon.colcon_core.package_discovery:discover_packages(colcon_meta) discover
[1.632s] Level 1:colcon.colcon_core.package_discovery:discover_packages(recursive) discover
[1.632s] INFO:colcon.colcon_core.package_discovery:Crawling recursively for packages in '/home/gautier/turtlebot3_ws'
[1.632s] Level 1:colcon.colcon_core.package_identification:_identify(.) by extensions ['ignore', 'ignore_ament_install']
[1.632s] Level 1:colcon.colcon_core.package_identification:_identify(.) by extension 'ignore'
[1.632s] Level 1:colcon.colcon_core.package_identification:_identify(.) by extension 'ignore_ament_install'
[1.632s] Level 1:colcon.colcon_core.package_identification:_identify(.) by extensions ['colcon_pkg']
[1.632s] Level 1:colcon.colcon_core.package_identification:_identify(.) by extension 'colcon_pkg'
[1.632s] Level 1:colcon.colcon_core.package_identification:_identify(.) by extensions ['colcon_meta']
[1.632s] Level 1:colcon.colcon_core.package_identification:_identify(.) by extension 'colcon_meta'
[1.632s] Level 1:colcon.colcon_core.package_identification:_identify(.) by extensions ['ros']
[1.632s] Level 1:colcon.colcon_core.package_identification:_identify(.) by extension 'ros'
[1.639s] Level 1:colcon.colcon_core.package_identification:_identify(.) by extensions ['cmake', 'python']
[1.639s] Level 1:colcon.colcon_core.package_identification:_identify(.) by extension 'cmake'
[1.639s] Level 1:colcon.colcon_core.package_identification:_identify(.) by extension 'python'
[1.639s] Level 1:colcon.colcon_core.package_identification:_identify(.) by extensions ['python_setup_py']
[1.639s] Level 1:colcon.colcon_core.package_identification:_identify(.) by extension 'python_setup_py'
[1.639s] Level 1:colcon.colcon_core.package_identification:_identify(build) by extensions ['ignore', 'ignore_ament_install']
[1.639s] Level 1:colcon.colcon_core.package_identification:_identify(build) by extension 'ignore'
[1.639s] Level 1:colcon.colcon_core.package_identification:_identify(build) ignored
[1.639s] Level 1:colcon.colcon_core.package_identification:_identify(install) by extensions ['ignore', 'ignore_ament_install']
[1.639s] Level 1:colcon.colcon_core.package_identification:_identify(install) by extension 'ignore'
[1.639s] Level 1:colcon.colcon_core.package_identification:_identify(install) ignored
[1.639s] Level 1:colcon.colcon_core.package_identification:_identify(log) by extensions ['ignore', 'ignore_ament_install']
[1.639s] Level 1:colcon.colcon_core.package_identification:_identify(log) by extension 'ignore'
[1.639s] Level 1:colcon.colcon_core.package_identification:_identify(log) ignored
[1.639s] Level 1:colcon.colcon_core.package_identification:_identify(src) by extensions ['ignore', 'ignore_ament_install']
[1.639s] Level 1:colcon.colcon_core.package_identification:_identify(src) by extension 'ignore'
[1.639s] Level 1:colcon.colcon_core.package_identification:_identify(src) by extension 'ignore_ament_install'
[1.639s] Level 1:colcon.colcon_core.package_identification:_identify(src) by extensions ['colcon_pkg']
[1.639s] Level 1:colcon.colcon_core.package_identification:_identify(src) by extension 'colcon_pkg'
[1.639s] Level 1:colcon.colcon_core.package_identification:_identify(src) by extensions ['colcon_meta']
[1.639s] Level 1:colcon.colcon_core.package_identification:_identify(src) by extension 'colcon_meta'
[1.639s] Level 1:colcon.colcon_core.package_identification:_identify(src) by extensions ['ros']
[1.639s] Level 1:colcon.colcon_core.package_identification:_identify(src) by extension 'ros'
[1.640s] Level 1:colcon.colcon_core.package_identification:_identify(src) by extensions ['cmake', 'python']
[1.640s] Level 1:colcon.colcon_core.package_identification:_identify(src) by extension 'cmake'
[1.640s] Level 1:colcon.colcon_core.package_identification:_identify(src) by extension 'python'
[1.640s] Level 1:colcon.colcon_core.package_identification:_identify(src) by extensions ['python_setup_py']
[1.640s] Level 1:colcon.colcon_core.package_identification:_identify(src) by extension 'python_setup_py'
[1.640s] Level 1:colcon.colcon_core.package_identification:_identify(src/turtlebot3_multi_robot_sim) by extensions ['ignore', 'ignore_ament_install']
[1.640s] Level 1:colcon.colcon_core.package_identification:_identify(src/turtlebot3_multi_robot_sim) by extension 'ignore'
[1.640s] Level 1:colcon.colcon_core.package_identification:_identify(src/turtlebot3_multi_robot_sim) by extension 'ignore_ament_install'
[1.640s] Level 1:colcon.colcon_core.package_identification:_identify(src/turtlebot3_multi_robot_sim) by extensions ['colcon_pkg']
[1.640s] Level 1:colcon.colcon_core.package_identification:_identify(src/turtlebot3_multi_robot_sim) by extension 'colcon_pkg'
[1.640s] Level 1:colcon.colcon_core.package_identification:_identify(src/turtlebot3_multi_robot_sim) by extensions ['colcon_meta']
[1.640s] Level 1:colcon.colcon_core.package_identification:_identify(src/turtlebot3_multi_robot_sim) by extension 'colcon_meta'
[1.640s] Level 1:colcon.colcon_core.package_identification:_identify(src/turtlebot3_multi_robot_sim) by extensions ['ros']
[1.640s] Level 1:colcon.colcon_core.package_identification:_identify(src/turtlebot3_multi_robot_sim) by extension 'ros'
[1.641s] DEBUG:colcon.colcon_core.package_identification:Package 'src/turtlebot3_multi_robot_sim' with type 'ros.ament_cmake' and name 'turtlebot3_multi_robot_sim'
[1.641s] Level 1:colcon.colcon_core.package_identification:_identify(src/turtlebot3_simulations) by extensions ['ignore', 'ignore_ament_install']
[1.641s] Level 1:colcon.colcon_core.package_identification:_identify(src/turtlebot3_simulations) by extension 'ignore'
[1.641s] Level 1:colcon.colcon_core.package_identification:_identify(src/turtlebot3_simulations) by extension 'ignore_ament_install'
[1.641s] Level 1:colcon.colcon_core.package_identification:_identify(src/turtlebot3_simulations) by extensions ['colcon_pkg']
[1.641s] Level 1:colcon.colcon_core.package_identification:_identify(src/turtlebot3_simulations) by extension 'colcon_pkg'
[1.642s] Level 1:colcon.colcon_core.package_identification:_identify(src/turtlebot3_simulations) by extensions ['colcon_meta']
[1.642s] Level 1:colcon.colcon_core.package_identification:_identify(src/turtlebot3_simulations) by extension 'colcon_meta'
[1.642s] Level 1:colcon.colcon_core.package_identification:_identify(src/turtlebot3_simulations) by extensions ['ros']
[1.642s] Level 1:colcon.colcon_core.package_identification:_identify(src/turtlebot3_simulations) by extension 'ros'
[1.642s] Level 1:colcon.colcon_core.package_identification:_identify(src/turtlebot3_simulations) by extensions ['cmake', 'python']
[1.642s] Level 1:colcon.colcon_core.package_identification:_identify(src/turtlebot3_simulations) by extension 'cmake'
[1.642s] Level 1:colcon.colcon_core.package_identification:_identify(src/turtlebot3_simulations) by extension 'python'
[1.642s] Level 1:colcon.colcon_core.package_identification:_identify(src/turtlebot3_simulations) by extensions ['python_setup_py']
[1.642s] Level 1:colcon.colcon_core.package_identification:_identify(src/turtlebot3_simulations) by extension 'python_setup_py'
[1.642s] Level 1:colcon.colcon_core.package_identification:_identify(src/turtlebot3_simulations/turtlebot3_fake_node) by extensions ['ignore', 'ignore_ament_install']
[1.642s] Level 1:colcon.colcon_core.package_identification:_identify(src/turtlebot3_simulations/turtlebot3_fake_node) by extension 'ignore'
[1.642s] Level 1:colcon.colcon_core.package_identification:_identify(src/turtlebot3_simulations/turtlebot3_fake_node) by extension 'ignore_ament_install'
[1.642s] Level 1:colcon.colcon_core.package_identification:_identify(src/turtlebot3_simulations/turtlebot3_fake_node) by extensions ['colcon_pkg']
[1.642s] Level 1:colcon.colcon_core.package_identification:_identify(src/turtlebot3_simulations/turtlebot3_fake_node) by extension 'colcon_pkg'
[1.642s] Level 1:colcon.colcon_core.package_identification:_identify(src/turtlebot3_simulations/turtlebot3_fake_node) by extensions ['colcon_meta']
[1.642s] Level 1:colcon.colcon_core.package_identification:_identify(src/turtlebot3_simulations/turtlebot3_fake_node) by extension 'colcon_meta'
[1.642s] Level 1:colcon.colcon_core.package_identification:_identify(src/turtlebot3_simulations/turtlebot3_fake_node) by extensions ['ros']
[1.642s] Level 1:colcon.colcon_core.package_identification:_identify(src/turtlebot3_simulations/turtlebot3_fake_node) by extension 'ros'
[1.643s] DEBUG:colcon.colcon_core.package_identification:Package 'src/turtlebot3_simulations/turtlebot3_fake_node' with type 'ros.ament_cmake' and name 'turtlebot3_fake_node'
[1.643s] Level 1:colcon.colcon_core.package_identification:_identify(src/turtlebot3_simulations/turtlebot3_gazebo) by extensions ['ignore', 'ignore_ament_install']
[1.643s] Level 1:colcon.colcon_core.package_identification:_identify(src/turtlebot3_simulations/turtlebot3_gazebo) by extension 'ignore'
[1.643s] Level 1:colcon.colcon_core.package_identification:_identify(src/turtlebot3_simulations/turtlebot3_gazebo) by extension 'ignore_ament_install'
[1.643s] Level 1:colcon.colcon_core.package_identification:_identify(src/turtlebot3_simulations/turtlebot3_gazebo) by extensions ['colcon_pkg']
[1.643s] Level 1:colcon.colcon_core.package_identification:_identify(src/turtlebot3_simulations/turtlebot3_gazebo) by extension 'colcon_pkg'
[1.643s] Level 1:colcon.colcon_core.package_identification:_identify(src/turtlebot3_simulations/turtlebot3_gazebo) by extensions ['colcon_meta']
[1.643s] Level 1:colcon.colcon_core.package_identification:_identify(src/turtlebot3_simulations/turtlebot3_gazebo) by extension 'colcon_meta'
[1.643s] Level 1:colcon.colcon_core.package_identification:_identify(src/turtlebot3_simulations/turtlebot3_gazebo) by extensions ['ros']
[1.643s] Level 1:colcon.colcon_core.package_identification:_identify(src/turtlebot3_simulations/turtlebot3_gazebo) by extension 'ros'
[1.644s] DEBUG:colcon.colcon_core.package_identification:Package 'src/turtlebot3_simulations/turtlebot3_gazebo' with type 'ros.ament_cmake' and name 'turtlebot3_gazebo'
[1.644s] Level 1:colcon.colcon_core.package_identification:_identify(src/turtlebot3_simulations/turtlebot3_simulations) by extensions ['ignore', 'ignore_ament_install']
[1.644s] Level 1:colcon.colcon_core.package_identification:_identify(src/turtlebot3_simulations/turtlebot3_simulations) by extension 'ignore'
[1.644s] Level 1:colcon.colcon_core.package_identification:_identify(src/turtlebot3_simulations/turtlebot3_simulations) by extension 'ignore_ament_install'
[1.644s] Level 1:colcon.colcon_core.package_identification:_identify(src/turtlebot3_simulations/turtlebot3_simulations) by extensions ['colcon_pkg']
[1.644s] Level 1:colcon.colcon_core.package_identification:_identify(src/turtlebot3_simulations/turtlebot3_simulations) by extension 'colcon_pkg'
[1.644s] Level 1:colcon.colcon_core.package_identification:_identify(src/turtlebot3_simulations/turtlebot3_simulations) by extensions ['colcon_meta']
[1.644s] Level 1:colcon.colcon_core.package_identification:_identify(src/turtlebot3_simulations/turtlebot3_simulations) by extension 'colcon_meta'
[1.644s] Level 1:colcon.colcon_core.package_identification:_identify(src/turtlebot3_simulations/turtlebot3_simulations) by extensions ['ros']
[1.644s] Level 1:colcon.colcon_core.package_identification:_identify(src/turtlebot3_simulations/turtlebot3_simulations) by extension 'ros'
[1.644s] DEBUG:colcon.colcon_core.package_identification:Package 'src/turtlebot3_simulations/turtlebot3_simulations' with type 'ros.ament_cmake' and name 'turtlebot3_simulations'
[1.644s] Level 1:colcon.colcon_core.package_discovery:discover_packages(recursive) using defaults
[1.644s] Level 1:colcon.colcon_core.package_discovery:discover_packages(ignore) discover
[1.644s] Level 1:colcon.colcon_core.package_discovery:discover_packages(ignore) using defaults
[1.644s] Level 1:colcon.colcon_core.package_discovery:discover_packages(path) discover
[1.644s] Level 1:colcon.colcon_core.package_discovery:discover_packages(path) using defaults
[1.788s] Level 1:colcon.colcon_core.package_discovery:discover_packages(prefix_path) check parameters
[1.788s] Level 1:colcon.colcon_core.package_discovery:discover_packages(prefix_path) discover
[1.848s] DEBUG:colcon.colcon_installed_package_information.package_discovery:Found 4 installed packages in /home/gautier/turtlebot3_ws/install
[1.876s] DEBUG:colcon.colcon_installed_package_information.package_discovery:Found 338 installed packages in /opt/ros/foxy
[1.877s] Level 1:colcon.colcon_core.package_discovery:discover_packages(prefix_path) using defaults
[1.988s] Level 5:colcon.colcon_core.verb:set package 'turtlebot3_fake_node' build argument 'cmake_args' from command line to 'None'
[1.988s] Level 5:colcon.colcon_core.verb:set package 'turtlebot3_fake_node' build argument 'cmake_target' from command line to 'None'
[1.988s] Level 5:colcon.colcon_core.verb:set package 'turtlebot3_fake_node' build argument 'cmake_target_skip_unavailable' from command line to 'False'
[1.988s] Level 5:colcon.colcon_core.verb:set package 'turtlebot3_fake_node' build argument 'cmake_clean_cache' from command line to 'False'
[1.988s] Level 5:colcon.colcon_core.verb:set package 'turtlebot3_fake_node' build argument 'cmake_clean_first' from command line to 'False'
[1.988s] Level 5:colcon.colcon_core.verb:set package 'turtlebot3_fake_node' build argument 'cmake_force_configure' from command line to 'False'
[1.988s] Level 5:colcon.colcon_core.verb:set package 'turtlebot3_fake_node' build argument 'ament_cmake_args' from command line to 'None'
[1.988s] Level 5:colcon.colcon_core.verb:set package 'turtlebot3_fake_node' build argument 'catkin_cmake_args' from command line to 'None'
[1.988s] Level 5:colcon.colcon_core.verb:set package 'turtlebot3_fake_node' build argument 'catkin_skip_building_tests' from command line to 'False'
[1.988s] DEBUG:colcon.colcon_core.verb:Building package 'turtlebot3_fake_node' with the following arguments: {'ament_cmake_args': None, 'build_base': '/home/gautier/turtlebot3_ws/build/turtlebot3_fake_node', 'catkin_cmake_args': None, 'catkin_skip_building_tests': False, 'cmake_args': None, 'cmake_clean_cache': False, 'cmake_clean_first': False, 'cmake_force_configure': False, 'cmake_target': None, 'cmake_target_skip_unavailable': False, 'install_base': '/home/gautier/turtlebot3_ws/install/turtlebot3_fake_node', 'merge_install': False, 'path': '/home/gautier/turtlebot3_ws/src/turtlebot3_simulations/turtlebot3_fake_node', 'symlink_install': False, 'test_result_base': None}
[2.014s] Level 5:colcon.colcon_core.verb:set package 'turtlebot3_gazebo' build argument 'cmake_args' from command line to 'None'
[2.014s] Level 5:colcon.colcon_core.verb:set package 'turtlebot3_gazebo' build argument 'cmake_target' from command line to 'None'
[2.014s] Level 5:colcon.colcon_core.verb:set package 'turtlebot3_gazebo' build argument 'cmake_target_skip_unavailable' from command line to 'False'
[2.014s] Level 5:colcon.colcon_core.verb:set package 'turtlebot3_gazebo' build argument 'cmake_clean_cache' from command line to 'False'
[2.014s] Level 5:colcon.colcon_core.verb:set package 'turtlebot3_gazebo' build argument 'cmake_clean_first' from command line to 'False'
[2.014s] Level 5:colcon.colcon_core.verb:set package 'turtlebot3_gazebo' build argument 'cmake_force_configure' from command line to 'False'
[2.015s] Level 5:colcon.colcon_core.verb:set package 'turtlebot3_gazebo' build argument 'ament_cmake_args' from command line to 'None'
[2.015s] Level 5:colcon.colcon_core.verb:set package 'turtlebot3_gazebo' build argument 'catkin_cmake_args' from command line to 'None'
[2.015s] Level 5:colcon.colcon_core.verb:set package 'turtlebot3_gazebo' build argument 'catkin_skip_building_tests' from command line to 'False'
[2.015s] DEBUG:colcon.colcon_core.verb:Building package 'turtlebot3_gazebo' with the following arguments: {'ament_cmake_args': None, 'build_base': '/home/gautier/turtlebot3_ws/build/turtlebot3_gazebo', 'catkin_cmake_args': None, 'catkin_skip_building_tests': False, 'cmake_args': None, 'cmake_clean_cache': False, 'cmake_clean_first': False, 'cmake_force_configure': False, 'cmake_target': None, 'cmake_target_skip_unavailable': False, 'install_base': '/home/gautier/turtlebot3_ws/install/turtlebot3_gazebo', 'merge_install': False, 'path': '/home/gautier/turtlebot3_ws/src/turtlebot3_simulations/turtlebot3_gazebo', 'symlink_install': False, 'test_result_base': None}
[2.041s] Level 5:colcon.colcon_core.verb:set package 'turtlebot3_multi_robot_sim' build argument 'cmake_args' from command line to 'None'
[2.041s] Level 5:colcon.colcon_core.verb:set package 'turtlebot3_multi_robot_sim' build argument 'cmake_target' from command line to 'None'
[2.041s] Level 5:colcon.colcon_core.verb:set package 'turtlebot3_multi_robot_sim' build argument 'cmake_target_skip_unavailable' from command line to 'False'
[2.041s] Level 5:colcon.colcon_core.verb:set package 'turtlebot3_multi_robot_sim' build argument 'cmake_clean_cache' from command line to 'False'
[2.041s] Level 5:colcon.colcon_core.verb:set package 'turtlebot3_multi_robot_sim' build argument 'cmake_clean_first' from command line to 'False'
[2.041s] Level 5:colcon.colcon_core.verb:set package 'turtlebot3_multi_robot_sim' build argument 'cmake_force_configure' from command line to 'False'
[2.041s] Level 5:colcon.colcon_core.verb:set package 'turtlebot3_multi_robot_sim' build argument 'ament_cmake_args' from command line to 'None'
[2.041s] Level 5:colcon.colcon_core.verb:set package 'turtlebot3_multi_robot_sim' build argument 'catkin_cmake_args' from command line to 'None'
[2.041s] Level 5:colcon.colcon_core.verb:set package 'turtlebot3_multi_robot_sim' build argument 'catkin_skip_building_tests' from command line to 'False'
[2.041s] DEBUG:colcon.colcon_core.verb:Building package 'turtlebot3_multi_robot_sim' with the following arguments: {'ament_cmake_args': None, 'build_base': '/home/gautier/turtlebot3_ws/build/turtlebot3_multi_robot_sim', 'catkin_cmake_args': None, 'catkin_skip_building_tests': False, 'cmake_args': None, 'cmake_clean_cache': False, 'cmake_clean_first': False, 'cmake_force_configure': False, 'cmake_target': None, 'cmake_target_skip_unavailable': False, 'install_base': '/home/gautier/turtlebot3_ws/install/turtlebot3_multi_robot_sim', 'merge_install': False, 'path': '/home/gautier/turtlebot3_ws/src/turtlebot3_multi_robot_sim', 'symlink_install': False, 'test_result_base': None}
[2.074s] Level 5:colcon.colcon_core.verb:set package 'turtlebot3_simulations' build argument 'cmake_args' from command line to 'None'
[2.074s] Level 5:colcon.colcon_core.verb:set package 'turtlebot3_simulations' build argument 'cmake_target' from command line to 'None'
[2.074s] Level 5:colcon.colcon_core.verb:set package 'turtlebot3_simulations' build argument 'cmake_target_skip_unavailable' from command line to 'False'
[2.074s] Level 5:colcon.colcon_core.verb:set package 'turtlebot3_simulations' build argument 'cmake_clean_cache' from command line to 'False'
[2.074s] Level 5:colcon.colcon_core.verb:set package 'turtlebot3_simulations' build argument 'cmake_clean_first' from command line to 'False'
[2.074s] Level 5:colcon.colcon_core.verb:set package 'turtlebot3_simulations' build argument 'cmake_force_configure' from command line to 'False'
[2.074s] Level 5:colcon.colcon_core.verb:set package 'turtlebot3_simulations' build argument 'ament_cmake_args' from command line to 'None'
[2.074s] Level 5:colcon.colcon_core.verb:set package 'turtlebot3_simulations' build argument 'catkin_cmake_args' from command line to 'None'
[2.074s] Level 5:colcon.colcon_core.verb:set package 'turtlebot3_simulations' build argument 'catkin_skip_building_tests' from command line to 'False'
[2.074s] DEBUG:colcon.colcon_core.verb:Building package 'turtlebot3_simulations' with the following arguments: {'ament_cmake_args': None, 'build_base': '/home/gautier/turtlebot3_ws/build/turtlebot3_simulations', 'catkin_cmake_args': None, 'catkin_skip_building_tests': False, 'cmake_args': None, 'cmake_clean_cache': False, 'cmake_clean_first': False, 'cmake_force_configure': False, 'cmake_target': None, 'cmake_target_skip_unavailable': False, 'install_base': '/home/gautier/turtlebot3_ws/install/turtlebot3_simulations', 'merge_install': False, 'path': '/home/gautier/turtlebot3_ws/src/turtlebot3_simulations/turtlebot3_simulations', 'symlink_install': False, 'test_result_base': None}
[2.101s] INFO:colcon.colcon_core.executor:Executing jobs using 'parallel' executor
[2.127s] DEBUG:colcon.colcon_parallel_executor.executor.parallel:run_until_complete
[2.128s] INFO:colcon.colcon_ros.task.ament_cmake.build:Building ROS package in '/home/gautier/turtlebot3_ws/src/turtlebot3_simulations/turtlebot3_fake_node' with build type 'ament_cmake'
[2.128s] INFO:colcon.colcon_cmake.task.cmake.build:Building CMake package in '/home/gautier/turtlebot3_ws/src/turtlebot3_simulations/turtlebot3_fake_node'
[2.156s] INFO:colcon.colcon_core.plugin_system:Skipping extension 'colcon_core.shell.bat': Not used on non-Windows systems
[2.156s] INFO:colcon.colcon_core.shell:Skip shell extension 'powershell' for command environment: Not usable outside of PowerShell
[2.156s] DEBUG:colcon.colcon_core.shell:Skip shell extension 'dsv' for command environment
[2.242s] INFO:colcon.colcon_ros.task.ament_cmake.build:Building ROS package in '/home/gautier/turtlebot3_ws/src/turtlebot3_simulations/turtlebot3_gazebo' with build type 'ament_cmake'
[2.243s] INFO:colcon.colcon_cmake.task.cmake.build:Building CMake package in '/home/gautier/turtlebot3_ws/src/turtlebot3_simulations/turtlebot3_gazebo'
[2.272s] INFO:colcon.colcon_core.shell:Skip shell extension 'powershell' for command environment: Not usable outside of PowerShell
[2.272s] DEBUG:colcon.colcon_core.shell:Skip shell extension 'dsv' for command environment
[2.356s] INFO:colcon.colcon_ros.task.ament_cmake.build:Building ROS package in '/home/gautier/turtlebot3_ws/src/turtlebot3_multi_robot_sim' with build type 'ament_cmake'
[2.357s] INFO:colcon.colcon_cmake.task.cmake.build:Building CMake package in '/home/gautier/turtlebot3_ws/src/turtlebot3_multi_robot_sim'
[2.384s] INFO:colcon.colcon_core.shell:Skip shell extension 'powershell' for command environment: Not usable outside of PowerShell
[2.384s] DEBUG:colcon.colcon_core.shell:Skip shell extension 'dsv' for command environment
[2.475s] DEBUG:colcon.colcon_core.event_handler.log_command:Invoking command in '/home/gautier/turtlebot3_ws/build/turtlebot3_fake_node': CMAKE_PREFIX_PATH=${CMAKE_PREFIX_PATH}:/opt/ros/foxy /usr/bin/cmake --build /home/gautier/turtlebot3_ws/build/turtlebot3_fake_node -- -j8 -l8
[2.478s] DEBUG:colcon.colcon_core.event_handler.log_command:Invoking command in '/home/gautier/turtlebot3_ws/build/turtlebot3_gazebo': CMAKE_PREFIX_PATH=${CMAKE_PREFIX_PATH}:/opt/ros/foxy /usr/bin/cmake --build /home/gautier/turtlebot3_ws/build/turtlebot3_gazebo -- -j8 -l8
[2.483s] DEBUG:colcon.colcon_core.event_handler.log_command:Invoking command in '/home/gautier/turtlebot3_ws/build/turtlebot3_multi_robot_sim': CMAKE_PREFIX_PATH=${CMAKE_PREFIX_PATH}:/opt/ros/foxy /usr/bin/cmake --build /home/gautier/turtlebot3_ws/build/turtlebot3_multi_robot_sim -- -j8 -l8
[2.509s] DEBUG:colcon.colcon_core.event_handler.log_command:Invoked command in '/home/gautier/turtlebot3_ws/build/turtlebot3_multi_robot_sim' returned '0': CMAKE_PREFIX_PATH=${CMAKE_PREFIX_PATH}:/opt/ros/foxy /usr/bin/cmake --build /home/gautier/turtlebot3_ws/build/turtlebot3_multi_robot_sim -- -j8 -l8
[2.533s] DEBUG:colcon.colcon_core.event_handler.log_command:Invoking command in '/home/gautier/turtlebot3_ws/build/turtlebot3_multi_robot_sim': CMAKE_PREFIX_PATH=${CMAKE_PREFIX_PATH}:/opt/ros/foxy /usr/bin/cmake --install /home/gautier/turtlebot3_ws/build/turtlebot3_multi_robot_sim
[2.535s] DEBUG:colcon.colcon_core.event_handler.log_command:Invoked command in '/home/gautier/turtlebot3_ws/build/turtlebot3_fake_node' returned '0': CMAKE_PREFIX_PATH=${CMAKE_PREFIX_PATH}:/opt/ros/foxy /usr/bin/cmake --build /home/gautier/turtlebot3_ws/build/turtlebot3_fake_node -- -j8 -l8
[2.537s] DEBUG:colcon.colcon_core.event_handler.log_command:Invoked command in '/home/gautier/turtlebot3_ws/build/turtlebot3_gazebo' returned '0': CMAKE_PREFIX_PATH=${CMAKE_PREFIX_PATH}:/opt/ros/foxy /usr/bin/cmake --build /home/gautier/turtlebot3_ws/build/turtlebot3_gazebo -- -j8 -l8
[2.552s] DEBUG:colcon.colcon_core.event_handler.log_command:Invoking command in '/home/gautier/turtlebot3_ws/build/turtlebot3_fake_node': CMAKE_PREFIX_PATH=${CMAKE_PREFIX_PATH}:/opt/ros/foxy /usr/bin/cmake --install /home/gautier/turtlebot3_ws/build/turtlebot3_fake_node
[2.553s] Level 1:colcon.colcon_core.environment:create_environment_scripts_only(turtlebot3_multi_robot_sim)
[2.553s] DEBUG:colcon.colcon_core.event_handler.log_command:Invoked command in '/home/gautier/turtlebot3_ws/build/turtlebot3_multi_robot_sim' returned '0': CMAKE_PREFIX_PATH=${CMAKE_PREFIX_PATH}:/opt/ros/foxy /usr/bin/cmake --install /home/gautier/turtlebot3_ws/build/turtlebot3_multi_robot_sim
[2.587s] Level 1:colcon.colcon_core.environment:checking '/home/gautier/turtlebot3_ws/install/turtlebot3_multi_robot_sim' for CMake module files
[2.588s] Level 1:colcon.colcon_core.environment:checking '/home/gautier/turtlebot3_ws/install/turtlebot3_multi_robot_sim' for CMake config files
[2.588s] Level 1:colcon.colcon_core.shell:create_environment_hook('turtlebot3_multi_robot_sim', 'cmake_prefix_path')
[2.615s] INFO:colcon.colcon_core.shell:Creating environment hook '/home/gautier/turtlebot3_ws/install/turtlebot3_multi_robot_sim/share/turtlebot3_multi_robot_sim/hook/cmake_prefix_path.ps1'
[2.615s] INFO:colcon.colcon_core.shell:Creating environment descriptor '/home/gautier/turtlebot3_ws/install/turtlebot3_multi_robot_sim/share/turtlebot3_multi_robot_sim/hook/cmake_prefix_path.dsv'
[2.615s] INFO:colcon.colcon_core.shell:Creating environment hook '/home/gautier/turtlebot3_ws/install/turtlebot3_multi_robot_sim/share/turtlebot3_multi_robot_sim/hook/cmake_prefix_path.sh'
[2.616s] Level 1:colcon.colcon_core.environment:checking '/home/gautier/turtlebot3_ws/install/turtlebot3_multi_robot_sim/bin'
[2.616s] Level 1:colcon.colcon_core.environment:checking '/home/gautier/turtlebot3_ws/install/turtlebot3_multi_robot_sim/lib/pkgconfig/turtlebot3_multi_robot_sim.pc'
[2.616s] Level 1:colcon.colcon_core.environment:checking '/home/gautier/turtlebot3_ws/install/turtlebot3_multi_robot_sim/lib/python3.8/site-packages'
[2.616s] Level 1:colcon.colcon_core.environment:checking '/home/gautier/turtlebot3_ws/install/turtlebot3_multi_robot_sim/bin'
[2.642s] INFO:colcon.colcon_core.shell:Creating package script '/home/gautier/turtlebot3_ws/install/turtlebot3_multi_robot_sim/share/turtlebot3_multi_robot_sim/package.ps1'
[2.643s] INFO:colcon.colcon_core.shell:Creating package descriptor '/home/gautier/turtlebot3_ws/install/turtlebot3_multi_robot_sim/share/turtlebot3_multi_robot_sim/package.dsv'
[2.643s] INFO:colcon.colcon_core.shell:Creating package script '/home/gautier/turtlebot3_ws/install/turtlebot3_multi_robot_sim/share/turtlebot3_multi_robot_sim/package.sh'
[2.643s] INFO:colcon.colcon_core.shell:Creating package script '/home/gautier/turtlebot3_ws/install/turtlebot3_multi_robot_sim/share/turtlebot3_multi_robot_sim/package.bash'
[2.644s] INFO:colcon.colcon_core.shell:Creating package script '/home/gautier/turtlebot3_ws/install/turtlebot3_multi_robot_sim/share/turtlebot3_multi_robot_sim/package.zsh'
[2.644s] Level 1:colcon.colcon_core.environment:create_file_with_runtime_dependencies(/home/gautier/turtlebot3_ws/install/turtlebot3_multi_robot_sim/share/colcon-core/packages/turtlebot3_multi_robot_sim)
[2.649s] DEBUG:colcon.colcon_core.event_handler.log_command:Invoking command in '/home/gautier/turtlebot3_ws/build/turtlebot3_gazebo': CMAKE_PREFIX_PATH=${CMAKE_PREFIX_PATH}:/opt/ros/foxy /usr/bin/cmake --install /home/gautier/turtlebot3_ws/build/turtlebot3_gazebo
[2.650s] Level 1:colcon.colcon_core.environment:create_environment_scripts_only(turtlebot3_fake_node)
[2.650s] DEBUG:colcon.colcon_core.event_handler.log_command:Invoked command in '/home/gautier/turtlebot3_ws/build/turtlebot3_fake_node' returned '0': CMAKE_PREFIX_PATH=${CMAKE_PREFIX_PATH}:/opt/ros/foxy /usr/bin/cmake --install /home/gautier/turtlebot3_ws/build/turtlebot3_fake_node
[2.695s] Level 1:colcon.colcon_core.environment:checking '/home/gautier/turtlebot3_ws/install/turtlebot3_fake_node' for CMake module files
[2.695s] Level 1:colcon.colcon_core.environment:checking '/home/gautier/turtlebot3_ws/install/turtlebot3_fake_node' for CMake config files
[2.695s] Level 1:colcon.colcon_core.shell:create_environment_hook('turtlebot3_fake_node', 'cmake_prefix_path')
[2.721s] INFO:colcon.colcon_core.shell:Creating environment hook '/home/gautier/turtlebot3_ws/install/turtlebot3_fake_node/share/turtlebot3_fake_node/hook/cmake_prefix_path.ps1'
[2.722s] INFO:colcon.colcon_core.shell:Creating environment descriptor '/home/gautier/turtlebot3_ws/install/turtlebot3_fake_node/share/turtlebot3_fake_node/hook/cmake_prefix_path.dsv'
[2.722s] INFO:colcon.colcon_core.shell:Creating environment hook '/home/gautier/turtlebot3_ws/install/turtlebot3_fake_node/share/turtlebot3_fake_node/hook/cmake_prefix_path.sh'
[2.722s] Level 1:colcon.colcon_core.environment:checking '/home/gautier/turtlebot3_ws/install/turtlebot3_fake_node/lib'
[2.722s] Level 1:colcon.colcon_core.environment:checking '/home/gautier/turtlebot3_ws/install/turtlebot3_fake_node/bin'
[2.722s] Level 1:colcon.colcon_core.environment:checking '/home/gautier/turtlebot3_ws/install/turtlebot3_fake_node/lib/pkgconfig/turtlebot3_fake_node.pc'
[2.722s] Level 1:colcon.colcon_core.environment:checking '/home/gautier/turtlebot3_ws/install/turtlebot3_fake_node/lib/python3.8/site-packages'
[2.723s] Level 1:colcon.colcon_core.environment:checking '/home/gautier/turtlebot3_ws/install/turtlebot3_fake_node/bin'
[2.749s] INFO:colcon.colcon_core.shell:Creating package script '/home/gautier/turtlebot3_ws/install/turtlebot3_fake_node/share/turtlebot3_fake_node/package.ps1'
[2.749s] INFO:colcon.colcon_core.shell:Creating package descriptor '/home/gautier/turtlebot3_ws/install/turtlebot3_fake_node/share/turtlebot3_fake_node/package.dsv'
[2.750s] INFO:colcon.colcon_core.shell:Creating package script '/home/gautier/turtlebot3_ws/install/turtlebot3_fake_node/share/turtlebot3_fake_node/package.sh'
[2.750s] INFO:colcon.colcon_core.shell:Creating package script '/home/gautier/turtlebot3_ws/install/turtlebot3_fake_node/share/turtlebot3_fake_node/package.bash'
[2.750s] INFO:colcon.colcon_core.shell:Creating package script '/home/gautier/turtlebot3_ws/install/turtlebot3_fake_node/share/turtlebot3_fake_node/package.zsh'
[2.750s] Level 1:colcon.colcon_core.environment:create_file_with_runtime_dependencies(/home/gautier/turtlebot3_ws/install/turtlebot3_fake_node/share/colcon-core/packages/turtlebot3_fake_node)
[2.790s] Level 1:colcon.colcon_core.environment:create_environment_scripts_only(turtlebot3_multi_robot_sim)
[2.816s] Level 1:colcon.colcon_core.environment:checking '/home/gautier/turtlebot3_ws/install/turtlebot3_multi_robot_sim' for CMake module files
[2.817s] Level 1:colcon.colcon_core.environment:checking '/home/gautier/turtlebot3_ws/install/turtlebot3_multi_robot_sim' for CMake config files
[2.817s] Level 1:colcon.colcon_core.shell:create_environment_hook('turtlebot3_multi_robot_sim', 'cmake_prefix_path')
[2.844s] INFO:colcon.colcon_core.shell:Creating environment hook '/home/gautier/turtlebot3_ws/install/turtlebot3_multi_robot_sim/share/turtlebot3_multi_robot_sim/hook/cmake_prefix_path.ps1'
[2.844s] INFO:colcon.colcon_core.shell:Creating environment descriptor '/home/gautier/turtlebot3_ws/install/turtlebot3_multi_robot_sim/share/turtlebot3_multi_robot_sim/hook/cmake_prefix_path.dsv'
[2.844s] INFO:colcon.colcon_core.shell:Creating environment hook '/home/gautier/turtlebot3_ws/install/turtlebot3_multi_robot_sim/share/turtlebot3_multi_robot_sim/hook/cmake_prefix_path.sh'
[2.844s] Level 1:colcon.colcon_core.environment:checking '/home/gautier/turtlebot3_ws/install/turtlebot3_multi_robot_sim/bin'
[2.845s] Level 1:colcon.colcon_core.environment:checking '/home/gautier/turtlebot3_ws/install/turtlebot3_multi_robot_sim/lib/pkgconfig/turtlebot3_multi_robot_sim.pc'
[2.845s] Level 1:colcon.colcon_core.environment:checking '/home/gautier/turtlebot3_ws/install/turtlebot3_multi_robot_sim/lib/python3.8/site-packages'
[2.845s] Level 1:colcon.colcon_core.environment:checking '/home/gautier/turtlebot3_ws/install/turtlebot3_multi_robot_sim/bin'
[2.871s] INFO:colcon.colcon_core.shell:Creating package script '/home/gautier/turtlebot3_ws/install/turtlebot3_multi_robot_sim/share/turtlebot3_multi_robot_sim/package.ps1'
[2.872s] INFO:colcon.colcon_core.shell:Creating package descriptor '/home/gautier/turtlebot3_ws/install/turtlebot3_multi_robot_sim/share/turtlebot3_multi_robot_sim/package.dsv'
[2.872s] INFO:colcon.colcon_core.shell:Creating package script '/home/gautier/turtlebot3_ws/install/turtlebot3_multi_robot_sim/share/turtlebot3_multi_robot_sim/package.sh'
[2.872s] INFO:colcon.colcon_core.shell:Creating package script '/home/gautier/turtlebot3_ws/install/turtlebot3_multi_robot_sim/share/turtlebot3_multi_robot_sim/package.bash'
[2.872s] INFO:colcon.colcon_core.shell:Creating package script '/home/gautier/turtlebot3_ws/install/turtlebot3_multi_robot_sim/share/turtlebot3_multi_robot_sim/package.zsh'
[2.873s] Level 1:colcon.colcon_core.environment:create_file_with_runtime_dependencies(/home/gautier/turtlebot3_ws/install/turtlebot3_multi_robot_sim/share/colcon-core/packages/turtlebot3_multi_robot_sim)
[2.873s] Level 1:colcon.colcon_core.environment:create_environment_scripts_only(turtlebot3_gazebo)
[2.873s] DEBUG:colcon.colcon_core.event_handler.log_command:Invoked command in '/home/gautier/turtlebot3_ws/build/turtlebot3_gazebo' returned '0': CMAKE_PREFIX_PATH=${CMAKE_PREFIX_PATH}:/opt/ros/foxy /usr/bin/cmake --install /home/gautier/turtlebot3_ws/build/turtlebot3_gazebo
[2.901s] Level 1:colcon.colcon_core.environment:checking '/home/gautier/turtlebot3_ws/install/turtlebot3_gazebo' for CMake module files
[2.901s] Level 1:colcon.colcon_core.environment:checking '/home/gautier/turtlebot3_ws/install/turtlebot3_gazebo' for CMake config files
[2.902s] Level 1:colcon.colcon_core.shell:create_environment_hook('turtlebot3_gazebo', 'cmake_prefix_path')
[2.931s] INFO:colcon.colcon_core.shell:Creating environment hook '/home/gautier/turtlebot3_ws/install/turtlebot3_gazebo/share/turtlebot3_gazebo/hook/cmake_prefix_path.ps1'
[2.931s] INFO:colcon.colcon_core.shell:Creating environment descriptor '/home/gautier/turtlebot3_ws/install/turtlebot3_gazebo/share/turtlebot3_gazebo/hook/cmake_prefix_path.dsv'
[2.931s] INFO:colcon.colcon_core.shell:Creating environment hook '/home/gautier/turtlebot3_ws/install/turtlebot3_gazebo/share/turtlebot3_gazebo/hook/cmake_prefix_path.sh'
[2.932s] Level 1:colcon.colcon_core.environment:checking '/home/gautier/turtlebot3_ws/install/turtlebot3_gazebo/lib'
[2.932s] Level 1:colcon.colcon_core.environment:checking '/home/gautier/turtlebot3_ws/install/turtlebot3_gazebo/bin'
[2.932s] Level 1:colcon.colcon_core.environment:checking '/home/gautier/turtlebot3_ws/install/turtlebot3_gazebo/lib/pkgconfig/turtlebot3_gazebo.pc'
[2.932s] Level 1:colcon.colcon_core.environment:checking '/home/gautier/turtlebot3_ws/install/turtlebot3_gazebo/lib/python3.8/site-packages'
[2.932s] Level 1:colcon.colcon_core.environment:checking '/home/gautier/turtlebot3_ws/install/turtlebot3_gazebo/bin'
[2.962s] INFO:colcon.colcon_core.shell:Creating package script '/home/gautier/turtlebot3_ws/install/turtlebot3_gazebo/share/turtlebot3_gazebo/package.ps1'
[2.963s] INFO:colcon.colcon_core.shell:Creating package descriptor '/home/gautier/turtlebot3_ws/install/turtlebot3_gazebo/share/turtlebot3_gazebo/package.dsv'
[2.963s] INFO:colcon.colcon_core.shell:Creating package script '/home/gautier/turtlebot3_ws/install/turtlebot3_gazebo/share/turtlebot3_gazebo/package.sh'
[2.963s] INFO:colcon.colcon_core.shell:Creating package script '/home/gautier/turtlebot3_ws/install/turtlebot3_gazebo/share/turtlebot3_gazebo/package.bash'
[2.963s] INFO:colcon.colcon_core.shell:Creating package script '/home/gautier/turtlebot3_ws/install/turtlebot3_gazebo/share/turtlebot3_gazebo/package.zsh'
[2.963s] Level 1:colcon.colcon_core.environment:create_file_with_runtime_dependencies(/home/gautier/turtlebot3_ws/install/turtlebot3_gazebo/share/colcon-core/packages/turtlebot3_gazebo)
[2.996s] Level 1:colcon.colcon_core.environment:create_environment_scripts_only(turtlebot3_fake_node)
[3.023s] Level 1:colcon.colcon_core.environment:checking '/home/gautier/turtlebot3_ws/install/turtlebot3_fake_node' for CMake module files
[3.023s] Level 1:colcon.colcon_core.environment:checking '/home/gautier/turtlebot3_ws/install/turtlebot3_fake_node' for CMake config files
[3.023s] Level 1:colcon.colcon_core.shell:create_environment_hook('turtlebot3_fake_node', 'cmake_prefix_path')
[3.051s] INFO:colcon.colcon_core.shell:Creating environment hook '/home/gautier/turtlebot3_ws/install/turtlebot3_fake_node/share/turtlebot3_fake_node/hook/cmake_prefix_path.ps1'
[3.051s] INFO:colcon.colcon_core.shell:Creating environment descriptor '/home/gautier/turtlebot3_ws/install/turtlebot3_fake_node/share/turtlebot3_fake_node/hook/cmake_prefix_path.dsv'
[3.051s] INFO:colcon.colcon_core.shell:Creating environment hook '/home/gautier/turtlebot3_ws/install/turtlebot3_fake_node/share/turtlebot3_fake_node/hook/cmake_prefix_path.sh'
[3.052s] Level 1:colcon.colcon_core.environment:checking '/home/gautier/turtlebot3_ws/install/turtlebot3_fake_node/lib'
[3.052s] Level 1:colcon.colcon_core.environment:checking '/home/gautier/turtlebot3_ws/install/turtlebot3_fake_node/bin'
[3.052s] Level 1:colcon.colcon_core.environment:checking '/home/gautier/turtlebot3_ws/install/turtlebot3_fake_node/lib/pkgconfig/turtlebot3_fake_node.pc'
[3.052s] Level 1:colcon.colcon_core.environment:checking '/home/gautier/turtlebot3_ws/install/turtlebot3_fake_node/lib/python3.8/site-packages'
[3.052s] Level 1:colcon.colcon_core.environment:checking '/home/gautier/turtlebot3_ws/install/turtlebot3_fake_node/bin'
[3.080s] INFO:colcon.colcon_core.shell:Creating package script '/home/gautier/turtlebot3_ws/install/turtlebot3_fake_node/share/turtlebot3_fake_node/package.ps1'
[3.080s] INFO:colcon.colcon_core.shell:Creating package descriptor '/home/gautier/turtlebot3_ws/install/turtlebot3_fake_node/share/turtlebot3_fake_node/package.dsv'
[3.080s] INFO:colcon.colcon_core.shell:Creating package script '/home/gautier/turtlebot3_ws/install/turtlebot3_fake_node/share/turtlebot3_fake_node/package.sh'
[3.080s] INFO:colcon.colcon_core.shell:Creating package script '/home/gautier/turtlebot3_ws/install/turtlebot3_fake_node/share/turtlebot3_fake_node/package.bash'
[3.081s] INFO:colcon.colcon_core.shell:Creating package script '/home/gautier/turtlebot3_ws/install/turtlebot3_fake_node/share/turtlebot3_fake_node/package.zsh'
[3.081s] Level 1:colcon.colcon_core.environment:create_file_with_runtime_dependencies(/home/gautier/turtlebot3_ws/install/turtlebot3_fake_node/share/colcon-core/packages/turtlebot3_fake_node)
[3.110s] Level 1:colcon.colcon_core.environment:create_environment_scripts_only(turtlebot3_gazebo)
[3.137s] Level 1:colcon.colcon_core.environment:checking '/home/gautier/turtlebot3_ws/install/turtlebot3_gazebo' for CMake module files
[3.137s] Level 1:colcon.colcon_core.environment:checking '/home/gautier/turtlebot3_ws/install/turtlebot3_gazebo' for CMake config files
[3.138s] Level 1:colcon.colcon_core.shell:create_environment_hook('turtlebot3_gazebo', 'cmake_prefix_path')
[3.167s] INFO:colcon.colcon_core.shell:Creating environment hook '/home/gautier/turtlebot3_ws/install/turtlebot3_gazebo/share/turtlebot3_gazebo/hook/cmake_prefix_path.ps1'
[3.167s] INFO:colcon.colcon_core.shell:Creating environment descriptor '/home/gautier/turtlebot3_ws/install/turtlebot3_gazebo/share/turtlebot3_gazebo/hook/cmake_prefix_path.dsv'
[3.167s] INFO:colcon.colcon_core.shell:Creating environment hook '/home/gautier/turtlebot3_ws/install/turtlebot3_gazebo/share/turtlebot3_gazebo/hook/cmake_prefix_path.sh'
[3.167s] Level 1:colcon.colcon_core.environment:checking '/home/gautier/turtlebot3_ws/install/turtlebot3_gazebo/lib'
[3.168s] Level 1:colcon.colcon_core.environment:checking '/home/gautier/turtlebot3_ws/install/turtlebot3_gazebo/bin'
[3.168s] Level 1:colcon.colcon_core.environment:checking '/home/gautier/turtlebot3_ws/install/turtlebot3_gazebo/lib/pkgconfig/turtlebot3_gazebo.pc'
[3.168s] Level 1:colcon.colcon_core.environment:checking '/home/gautier/turtlebot3_ws/install/turtlebot3_gazebo/lib/python3.8/site-packages'
[3.168s] Level 1:colcon.colcon_core.environment:checking '/home/gautier/turtlebot3_ws/install/turtlebot3_gazebo/bin'
[3.195s] INFO:colcon.colcon_core.shell:Creating package script '/home/gautier/turtlebot3_ws/install/turtlebot3_gazebo/share/turtlebot3_gazebo/package.ps1'
[3.196s] INFO:colcon.colcon_core.shell:Creating package descriptor '/home/gautier/turtlebot3_ws/install/turtlebot3_gazebo/share/turtlebot3_gazebo/package.dsv'
[3.196s] INFO:colcon.colcon_core.shell:Creating package script '/home/gautier/turtlebot3_ws/install/turtlebot3_gazebo/share/turtlebot3_gazebo/package.sh'
[3.196s] INFO:colcon.colcon_core.shell:Creating package script '/home/gautier/turtlebot3_ws/install/turtlebot3_gazebo/share/turtlebot3_gazebo/package.bash'
[3.196s] INFO:colcon.colcon_core.shell:Creating package script '/home/gautier/turtlebot3_ws/install/turtlebot3_gazebo/share/turtlebot3_gazebo/package.zsh'
[3.196s] Level 1:colcon.colcon_core.environment:create_file_with_runtime_dependencies(/home/gautier/turtlebot3_ws/install/turtlebot3_gazebo/share/colcon-core/packages/turtlebot3_gazebo)
[3.197s] INFO:colcon.colcon_ros.task.ament_cmake.build:Building ROS package in '/home/gautier/turtlebot3_ws/src/turtlebot3_simulations/turtlebot3_simulations' with build type 'ament_cmake'
[3.197s] INFO:colcon.colcon_cmake.task.cmake.build:Building CMake package in '/home/gautier/turtlebot3_ws/src/turtlebot3_simulations/turtlebot3_simulations'
[3.226s] INFO:colcon.colcon_core.shell:Skip shell extension 'powershell' for command environment: Not usable outside of PowerShell
[3.226s] DEBUG:colcon.colcon_core.shell:Skip shell extension 'dsv' for command environment
[3.317s] DEBUG:colcon.colcon_core.event_handler.log_command:Invoking command in '/home/gautier/turtlebot3_ws/build/turtlebot3_simulations': CMAKE_PREFIX_PATH=/home/gautier/turtlebot3_ws/install/turtlebot3_gazebo:/home/gautier/turtlebot3_ws/install/turtlebot3_fake_node:/home/gautier/turtlebot3_ws/install/turtlebot3_simulations:/home/gautier/turtlebot3_ws/install/turtlebot3_multi_robot_sim:/opt/ros/foxy /usr/bin/cmake --build /home/gautier/turtlebot3_ws/build/turtlebot3_simulations -- -j8 -l8
[3.339s] DEBUG:colcon.colcon_core.event_handler.log_command:Invoked command in '/home/gautier/turtlebot3_ws/build/turtlebot3_simulations' returned '0': CMAKE_PREFIX_PATH=/home/gautier/turtlebot3_ws/install/turtlebot3_gazebo:/home/gautier/turtlebot3_ws/install/turtlebot3_fake_node:/home/gautier/turtlebot3_ws/install/turtlebot3_simulations:/home/gautier/turtlebot3_ws/install/turtlebot3_multi_robot_sim:/opt/ros/foxy /usr/bin/cmake --build /home/gautier/turtlebot3_ws/build/turtlebot3_simulations -- -j8 -l8
[3.357s] DEBUG:colcon.colcon_core.event_handler.log_command:Invoking command in '/home/gautier/turtlebot3_ws/build/turtlebot3_simulations': CMAKE_PREFIX_PATH=/home/gautier/turtlebot3_ws/install/turtlebot3_gazebo:/home/gautier/turtlebot3_ws/install/turtlebot3_fake_node:/home/gautier/turtlebot3_ws/install/turtlebot3_simulations:/home/gautier/turtlebot3_ws/install/turtlebot3_multi_robot_sim:/opt/ros/foxy /usr/bin/cmake --install /home/gautier/turtlebot3_ws/build/turtlebot3_simulations
[3.376s] Level 1:colcon.colcon_core.environment:create_environment_scripts_only(turtlebot3_simulations)
[3.376s] DEBUG:colcon.colcon_core.event_handler.log_command:Invoked command in '/home/gautier/turtlebot3_ws/build/turtlebot3_simulations' returned '0': CMAKE_PREFIX_PATH=/home/gautier/turtlebot3_ws/install/turtlebot3_gazebo:/home/gautier/turtlebot3_ws/install/turtlebot3_fake_node:/home/gautier/turtlebot3_ws/install/turtlebot3_simulations:/home/gautier/turtlebot3_ws/install/turtlebot3_multi_robot_sim:/opt/ros/foxy /usr/bin/cmake --install /home/gautier/turtlebot3_ws/build/turtlebot3_simulations
[3.405s] Level 1:colcon.colcon_core.environment:checking '/home/gautier/turtlebot3_ws/install/turtlebot3_simulations' for CMake module files
[3.405s] Level 1:colcon.colcon_core.environment:checking '/home/gautier/turtlebot3_ws/install/turtlebot3_simulations' for CMake config files
[3.405s] Level 1:colcon.colcon_core.shell:create_environment_hook('turtlebot3_simulations', 'cmake_prefix_path')
[3.440s] INFO:colcon.colcon_core.shell:Creating environment hook '/home/gautier/turtlebot3_ws/install/turtlebot3_simulations/share/turtlebot3_simulations/hook/cmake_prefix_path.ps1'
[3.440s] INFO:colcon.colcon_core.shell:Creating environment descriptor '/home/gautier/turtlebot3_ws/install/turtlebot3_simulations/share/turtlebot3_simulations/hook/cmake_prefix_path.dsv'
[3.440s] INFO:colcon.colcon_core.shell:Creating environment hook '/home/gautier/turtlebot3_ws/install/turtlebot3_simulations/share/turtlebot3_simulations/hook/cmake_prefix_path.sh'
[3.440s] Level 1:colcon.colcon_core.environment:checking '/home/gautier/turtlebot3_ws/install/turtlebot3_simulations/bin'
[3.441s] Level 1:colcon.colcon_core.environment:checking '/home/gautier/turtlebot3_ws/install/turtlebot3_simulations/lib/pkgconfig/turtlebot3_simulations.pc'
[3.441s] Level 1:colcon.colcon_core.environment:checking '/home/gautier/turtlebot3_ws/install/turtlebot3_simulations/lib/python3.8/site-packages'
[3.441s] Level 1:colcon.colcon_core.environment:checking '/home/gautier/turtlebot3_ws/install/turtlebot3_simulations/bin'
[3.468s] INFO:colcon.colcon_core.shell:Creating package script '/home/gautier/turtlebot3_ws/install/turtlebot3_simulations/share/turtlebot3_simulations/package.ps1'
[3.468s] INFO:colcon.colcon_core.shell:Creating package descriptor '/home/gautier/turtlebot3_ws/install/turtlebot3_simulations/share/turtlebot3_simulations/package.dsv'
[3.468s] INFO:colcon.colcon_core.shell:Creating package script '/home/gautier/turtlebot3_ws/install/turtlebot3_simulations/share/turtlebot3_simulations/package.sh'
[3.469s] INFO:colcon.colcon_core.shell:Creating package script '/home/gautier/turtlebot3_ws/install/turtlebot3_simulations/share/turtlebot3_simulations/package.bash'
[3.469s] INFO:colcon.colcon_core.shell:Creating package script '/home/gautier/turtlebot3_ws/install/turtlebot3_simulations/share/turtlebot3_simulations/package.zsh'
[3.469s] Level 1:colcon.colcon_core.environment:create_file_with_runtime_dependencies(/home/gautier/turtlebot3_ws/install/turtlebot3_simulations/share/colcon-core/packages/turtlebot3_simulations)
[3.510s] Level 1:colcon.colcon_core.environment:create_environment_scripts_only(turtlebot3_simulations)
[3.536s] Level 1:colcon.colcon_core.environment:checking '/home/gautier/turtlebot3_ws/install/turtlebot3_simulations' for CMake module files
[3.537s] Level 1:colcon.colcon_core.environment:checking '/home/gautier/turtlebot3_ws/install/turtlebot3_simulations' for CMake config files
[3.537s] Level 1:colcon.colcon_core.shell:create_environment_hook('turtlebot3_simulations', 'cmake_prefix_path')
[3.564s] INFO:colcon.colcon_core.shell:Creating environment hook '/home/gautier/turtlebot3_ws/install/turtlebot3_simulations/share/turtlebot3_simulations/hook/cmake_prefix_path.ps1'
[3.564s] INFO:colcon.colcon_core.shell:Creating environment descriptor '/home/gautier/turtlebot3_ws/install/turtlebot3_simulations/share/turtlebot3_simulations/hook/cmake_prefix_path.dsv'
[3.565s] INFO:colcon.colcon_core.shell:Creating environment hook '/home/gautier/turtlebot3_ws/install/turtlebot3_simulations/share/turtlebot3_simulations/hook/cmake_prefix_path.sh'
[3.565s] Level 1:colcon.colcon_core.environment:checking '/home/gautier/turtlebot3_ws/install/turtlebot3_simulations/bin'
[3.565s] Level 1:colcon.colcon_core.environment:checking '/home/gautier/turtlebot3_ws/install/turtlebot3_simulations/lib/pkgconfig/turtlebot3_simulations.pc'
[3.565s] Level 1:colcon.colcon_core.environment:checking '/home/gautier/turtlebot3_ws/install/turtlebot3_simulations/lib/python3.8/site-packages'
[3.565s] Level 1:colcon.colcon_core.environment:checking '/home/gautier/turtlebot3_ws/install/turtlebot3_simulations/bin'
[3.592s] INFO:colcon.colcon_core.shell:Creating package script '/home/gautier/turtlebot3_ws/install/turtlebot3_simulations/share/turtlebot3_simulations/package.ps1'
[3.592s] INFO:colcon.colcon_core.shell:Creating package descriptor '/home/gautier/turtlebot3_ws/install/turtlebot3_simulations/share/turtlebot3_simulations/package.dsv'
[3.593s] INFO:colcon.colcon_core.shell:Creating package script '/home/gautier/turtlebot3_ws/install/turtlebot3_simulations/share/turtlebot3_simulations/package.sh'
[3.593s] INFO:colcon.colcon_core.shell:Creating package script '/home/gautier/turtlebot3_ws/install/turtlebot3_simulations/share/turtlebot3_simulations/package.bash'
[3.593s] INFO:colcon.colcon_core.shell:Creating package script '/home/gautier/turtlebot3_ws/install/turtlebot3_simulations/share/turtlebot3_simulations/package.zsh'
[3.593s] Level 1:colcon.colcon_core.environment:create_file_with_runtime_dependencies(/home/gautier/turtlebot3_ws/install/turtlebot3_simulations/share/colcon-core/packages/turtlebot3_simulations)
[3.593s] DEBUG:colcon.colcon_parallel_executor.executor.parallel:closing loop
[3.594s] DEBUG:colcon.colcon_parallel_executor.executor.parallel:loop closed
[3.594s] DEBUG:colcon.colcon_parallel_executor.executor.parallel:run_until_complete finished with '0'
[3.594s] DEBUG:colcon.colcon_core.event_reactor:joining thread
[3.624s] INFO:colcon.colcon_core.plugin_system:Skipping extension 'colcon_notification.desktop_notification.terminal_notifier': Not used on non-Darwin systems
[3.624s] INFO:colcon.colcon_core.plugin_system:Skipping extension 'colcon_notification.desktop_notification.win32': Not used on non-Windows systems
[3.624s] INFO:colcon.colcon_notification.desktop_notification:Sending desktop notification using 'notify2'
[3.635s] DEBUG:colcon.colcon_core.event_reactor:joined thread
[3.663s] INFO:colcon.colcon_core.shell:Creating prefix script '/home/gautier/turtlebot3_ws/install/local_setup.ps1'
[3.664s] INFO:colcon.colcon_core.shell:Creating prefix util module '/home/gautier/turtlebot3_ws/install/_local_setup_util_ps1.py'
[3.665s] INFO:colcon.colcon_core.shell:Creating prefix chain script '/home/gautier/turtlebot3_ws/install/setup.ps1'
[3.692s] INFO:colcon.colcon_core.shell:Creating prefix script '/home/gautier/turtlebot3_ws/install/local_setup.sh'
[3.692s] INFO:colcon.colcon_core.shell:Creating prefix util module '/home/gautier/turtlebot3_ws/install/_local_setup_util_sh.py'
[3.693s] INFO:colcon.colcon_core.shell:Creating prefix chain script '/home/gautier/turtlebot3_ws/install/setup.sh'
[3.720s] INFO:colcon.colcon_core.shell:Creating prefix script '/home/gautier/turtlebot3_ws/install/local_setup.bash'
[3.720s] INFO:colcon.colcon_core.shell:Creating prefix chain script '/home/gautier/turtlebot3_ws/install/setup.bash'
[3.748s] INFO:colcon.colcon_core.shell:Creating prefix script '/home/gautier/turtlebot3_ws/install/local_setup.zsh'
[3.748s] INFO:colcon.colcon_core.shell:Creating prefix chain script '/home/gautier/turtlebot3_ws/install/setup.zsh'
