[1.515s] DEBUG:colcon:Command line arguments: ['/usr/bin/colcon', 'build']
[1.515s] DEBUG:colcon:Parsed command line arguments: Namespace(allow_overriding=[], ament_cmake_args=None, base_paths=['.'], build_base='build', catkin_cmake_args=None, catkin_skip_building_tests=False, cmake_args=None, cmake_clean_cache=False, cmake_clean_first=False, cmake_force_configure=False, cmake_target=None, cmake_target_skip_unavailable=False, continue_on_error=False, event_handlers=None, executor='parallel', ignore_user_meta=False, install_base='install', log_base=None, log_level=None, main=<bound method BuildVerb.main of <colcon_core.verb.build.BuildVerb object at 0x7f4b262a3220>>, merge_install=False, metas=['./colcon.meta'], packages_above=None, packages_above_and_dependencies=None, packages_above_depth=None, packages_end=None, packages_ignore=None, packages_ignore_regex=None, packages_select=None, packages_select_build_failed=False, packages_select_by_dep=None, packages_select_regex=None, packages_select_test_failures=False, packages_skip=None, packages_skip_build_finished=False, packages_skip_by_dep=None, packages_skip_regex=None, packages_skip_test_passed=False, packages_skip_up_to=None, packages_start=None, packages_up_to=None, packages_up_to_regex=None, parallel_workers=8, paths=None, symlink_install=False, test_result_base=None, verb_extension=<colcon_core.verb.build.BuildVerb object at 0x7f4b262a3220>, verb_name='build', verb_parser=<colcon_defaults.argument_parser.defaults.DefaultArgumentsDecorator object at 0x7f4b25ecb100>)
[1.575s] Level 1:colcon.colcon_core.package_discovery:discover_packages(colcon_meta) check parameters
[1.575s] Level 1:colcon.colcon_core.package_discovery:discover_packages(recursive) check parameters
[1.575s] Level 1:colcon.colcon_core.package_discovery:discover_packages(ignore) check parameters
[1.575s] Level 1:colcon.colcon_core.package_discovery:discover_packages(path) check parameters
[1.575s] Level 1:colcon.colcon_core.package_discovery:discover_packages(colcon_meta) discover
[1.575s] Level 1:colcon.colcon_core.package_discovery:discover_packages(recursive) discover
[1.576s] INFO:colcon.colcon_core.package_discovery:Crawling recursively for packages in '/home/gautier/turtlebot3_ws'
[1.576s] Level 1:colcon.colcon_core.package_identification:_identify(.) by extensions ['ignore', 'ignore_ament_install']
[1.576s] Level 1:colcon.colcon_core.package_identification:_identify(.) by extension 'ignore'
[1.576s] Level 1:colcon.colcon_core.package_identification:_identify(.) by extension 'ignore_ament_install'
[1.576s] Level 1:colcon.colcon_core.package_identification:_identify(.) by extensions ['colcon_pkg']
[1.576s] Level 1:colcon.colcon_core.package_identification:_identify(.) by extension 'colcon_pkg'
[1.576s] Level 1:colcon.colcon_core.package_identification:_identify(.) by extensions ['colcon_meta']
[1.576s] Level 1:colcon.colcon_core.package_identification:_identify(.) by extension 'colcon_meta'
[1.576s] Level 1:colcon.colcon_core.package_identification:_identify(.) by extensions ['ros']
[1.576s] Level 1:colcon.colcon_core.package_identification:_identify(.) by extension 'ros'
[1.582s] Level 1:colcon.colcon_core.package_identification:_identify(.) by extensions ['cmake', 'python']
[1.582s] Level 1:colcon.colcon_core.package_identification:_identify(.) by extension 'cmake'
[1.582s] Level 1:colcon.colcon_core.package_identification:_identify(.) by extension 'python'
[1.582s] Level 1:colcon.colcon_core.package_identification:_identify(.) by extensions ['python_setup_py']
[1.582s] Level 1:colcon.colcon_core.package_identification:_identify(.) by extension 'python_setup_py'
[1.582s] Level 1:colcon.colcon_core.package_identification:_identify(build) by extensions ['ignore', 'ignore_ament_install']
[1.582s] Level 1:colcon.colcon_core.package_identification:_identify(build) by extension 'ignore'
[1.582s] Level 1:colcon.colcon_core.package_identification:_identify(build) ignored
[1.582s] Level 1:colcon.colcon_core.package_identification:_identify(install) by extensions ['ignore', 'ignore_ament_install']
[1.582s] Level 1:colcon.colcon_core.package_identification:_identify(install) by extension 'ignore'
[1.582s] Level 1:colcon.colcon_core.package_identification:_identify(install) ignored
[1.583s] Level 1:colcon.colcon_core.package_identification:_identify(log) by extensions ['ignore', 'ignore_ament_install']
[1.583s] Level 1:colcon.colcon_core.package_identification:_identify(log) by extension 'ignore'
[1.583s] Level 1:colcon.colcon_core.package_identification:_identify(log) ignored
[1.583s] Level 1:colcon.colcon_core.package_identification:_identify(src) by extensions ['ignore', 'ignore_ament_install']
[1.583s] Level 1:colcon.colcon_core.package_identification:_identify(src) by extension 'ignore'
[1.583s] Level 1:colcon.colcon_core.package_identification:_identify(src) by extension 'ignore_ament_install'
[1.583s] Level 1:colcon.colcon_core.package_identification:_identify(src) by extensions ['colcon_pkg']
[1.583s] Level 1:colcon.colcon_core.package_identification:_identify(src) by extension 'colcon_pkg'
[1.583s] Level 1:colcon.colcon_core.package_identification:_identify(src) by extensions ['colcon_meta']
[1.583s] Level 1:colcon.colcon_core.package_identification:_identify(src) by extension 'colcon_meta'
[1.583s] Level 1:colcon.colcon_core.package_identification:_identify(src) by extensions ['ros']
[1.583s] Level 1:colcon.colcon_core.package_identification:_identify(src) by extension 'ros'
[1.583s] Level 1:colcon.colcon_core.package_identification:_identify(src) by extensions ['cmake', 'python']
[1.583s] Level 1:colcon.colcon_core.package_identification:_identify(src) by extension 'cmake'
[1.583s] Level 1:colcon.colcon_core.package_identification:_identify(src) by extension 'python'
[1.583s] Level 1:colcon.colcon_core.package_identification:_identify(src) by extensions ['python_setup_py']
[1.583s] Level 1:colcon.colcon_core.package_identification:_identify(src) by extension 'python_setup_py'
[1.583s] Level 1:colcon.colcon_core.package_identification:_identify(src/turtlebot3_multi_robot_sim) by extensions ['ignore', 'ignore_ament_install']
[1.583s] Level 1:colcon.colcon_core.package_identification:_identify(src/turtlebot3_multi_robot_sim) by extension 'ignore'
[1.583s] Level 1:colcon.colcon_core.package_identification:_identify(src/turtlebot3_multi_robot_sim) by extension 'ignore_ament_install'
[1.583s] Level 1:colcon.colcon_core.package_identification:_identify(src/turtlebot3_multi_robot_sim) by extensions ['colcon_pkg']
[1.583s] Level 1:colcon.colcon_core.package_identification:_identify(src/turtlebot3_multi_robot_sim) by extension 'colcon_pkg'
[1.583s] Level 1:colcon.colcon_core.package_identification:_identify(src/turtlebot3_multi_robot_sim) by extensions ['colcon_meta']
[1.583s] Level 1:colcon.colcon_core.package_identification:_identify(src/turtlebot3_multi_robot_sim) by extension 'colcon_meta'
[1.583s] Level 1:colcon.colcon_core.package_identification:_identify(src/turtlebot3_multi_robot_sim) by extensions ['ros']
[1.583s] Level 1:colcon.colcon_core.package_identification:_identify(src/turtlebot3_multi_robot_sim) by extension 'ros'
[1.585s] DEBUG:colcon.colcon_core.package_identification:Package 'src/turtlebot3_multi_robot_sim' with type 'ros.ament_cmake' and name 'turtlebot3_multi_robot_sim'
[1.585s] Level 1:colcon.colcon_core.package_identification:_identify(src/turtlebot3_simulations) by extensions ['ignore', 'ignore_ament_install']
[1.585s] Level 1:colcon.colcon_core.package_identification:_identify(src/turtlebot3_simulations) by extension 'ignore'
[1.585s] Level 1:colcon.colcon_core.package_identification:_identify(src/turtlebot3_simulations) by extension 'ignore_ament_install'
[1.585s] Level 1:colcon.colcon_core.package_identification:_identify(src/turtlebot3_simulations) by extensions ['colcon_pkg']
[1.585s] Level 1:colcon.colcon_core.package_identification:_identify(src/turtlebot3_simulations) by extension 'colcon_pkg'
[1.585s] Level 1:colcon.colcon_core.package_identification:_identify(src/turtlebot3_simulations) by extensions ['colcon_meta']
[1.585s] Level 1:colcon.colcon_core.package_identification:_identify(src/turtlebot3_simulations) by extension 'colcon_meta'
[1.585s] Level 1:colcon.colcon_core.package_identification:_identify(src/turtlebot3_simulations) by extensions ['ros']
[1.585s] Level 1:colcon.colcon_core.package_identification:_identify(src/turtlebot3_simulations) by extension 'ros'
[1.585s] Level 1:colcon.colcon_core.package_identification:_identify(src/turtlebot3_simulations) by extensions ['cmake', 'python']
[1.585s] Level 1:colcon.colcon_core.package_identification:_identify(src/turtlebot3_simulations) by extension 'cmake'
[1.585s] Level 1:colcon.colcon_core.package_identification:_identify(src/turtlebot3_simulations) by extension 'python'
[1.585s] Level 1:colcon.colcon_core.package_identification:_identify(src/turtlebot3_simulations) by extensions ['python_setup_py']
[1.585s] Level 1:colcon.colcon_core.package_identification:_identify(src/turtlebot3_simulations) by extension 'python_setup_py'
[1.585s] Level 1:colcon.colcon_core.package_identification:_identify(src/turtlebot3_simulations/turtlebot3_fake_node) by extensions ['ignore', 'ignore_ament_install']
[1.585s] Level 1:colcon.colcon_core.package_identification:_identify(src/turtlebot3_simulations/turtlebot3_fake_node) by extension 'ignore'
[1.585s] Level 1:colcon.colcon_core.package_identification:_identify(src/turtlebot3_simulations/turtlebot3_fake_node) by extension 'ignore_ament_install'
[1.585s] Level 1:colcon.colcon_core.package_identification:_identify(src/turtlebot3_simulations/turtlebot3_fake_node) by extensions ['colcon_pkg']
[1.585s] Level 1:colcon.colcon_core.package_identification:_identify(src/turtlebot3_simulations/turtlebot3_fake_node) by extension 'colcon_pkg'
[1.585s] Level 1:colcon.colcon_core.package_identification:_identify(src/turtlebot3_simulations/turtlebot3_fake_node) by extensions ['colcon_meta']
[1.585s] Level 1:colcon.colcon_core.package_identification:_identify(src/turtlebot3_simulations/turtlebot3_fake_node) by extension 'colcon_meta'
[1.585s] Level 1:colcon.colcon_core.package_identification:_identify(src/turtlebot3_simulations/turtlebot3_fake_node) by extensions ['ros']
[1.585s] Level 1:colcon.colcon_core.package_identification:_identify(src/turtlebot3_simulations/turtlebot3_fake_node) by extension 'ros'
[1.586s] DEBUG:colcon.colcon_core.package_identification:Package 'src/turtlebot3_simulations/turtlebot3_fake_node' with type 'ros.ament_cmake' and name 'turtlebot3_fake_node'
[1.586s] Level 1:colcon.colcon_core.package_identification:_identify(src/turtlebot3_simulations/turtlebot3_gazebo) by extensions ['ignore', 'ignore_ament_install']
[1.586s] Level 1:colcon.colcon_core.package_identification:_identify(src/turtlebot3_simulations/turtlebot3_gazebo) by extension 'ignore'
[1.586s] Level 1:colcon.colcon_core.package_identification:_identify(src/turtlebot3_simulations/turtlebot3_gazebo) by extension 'ignore_ament_install'
[1.586s] Level 1:colcon.colcon_core.package_identification:_identify(src/turtlebot3_simulations/turtlebot3_gazebo) by extensions ['colcon_pkg']
[1.586s] Level 1:colcon.colcon_core.package_identification:_identify(src/turtlebot3_simulations/turtlebot3_gazebo) by extension 'colcon_pkg'
[1.586s] Level 1:colcon.colcon_core.package_identification:_identify(src/turtlebot3_simulations/turtlebot3_gazebo) by extensions ['colcon_meta']
[1.586s] Level 1:colcon.colcon_core.package_identification:_identify(src/turtlebot3_simulations/turtlebot3_gazebo) by extension 'colcon_meta'
[1.586s] Level 1:colcon.colcon_core.package_identification:_identify(src/turtlebot3_simulations/turtlebot3_gazebo) by extensions ['ros']
[1.586s] Level 1:colcon.colcon_core.package_identification:_identify(src/turtlebot3_simulations/turtlebot3_gazebo) by extension 'ros'
[1.587s] DEBUG:colcon.colcon_core.package_identification:Package 'src/turtlebot3_simulations/turtlebot3_gazebo' with type 'ros.ament_cmake' and name 'turtlebot3_gazebo'
[1.587s] Level 1:colcon.colcon_core.package_identification:_identify(src/turtlebot3_simulations/turtlebot3_simulations) by extensions ['ignore', 'ignore_ament_install']
[1.587s] Level 1:colcon.colcon_core.package_identification:_identify(src/turtlebot3_simulations/turtlebot3_simulations) by extension 'ignore'
[1.587s] Level 1:colcon.colcon_core.package_identification:_identify(src/turtlebot3_simulations/turtlebot3_simulations) by extension 'ignore_ament_install'
[1.587s] Level 1:colcon.colcon_core.package_identification:_identify(src/turtlebot3_simulations/turtlebot3_simulations) by extensions ['colcon_pkg']
[1.587s] Level 1:colcon.colcon_core.package_identification:_identify(src/turtlebot3_simulations/turtlebot3_simulations) by extension 'colcon_pkg'
[1.587s] Level 1:colcon.colcon_core.package_identification:_identify(src/turtlebot3_simulations/turtlebot3_simulations) by extensions ['colcon_meta']
[1.587s] Level 1:colcon.colcon_core.package_identification:_identify(src/turtlebot3_simulations/turtlebot3_simulations) by extension 'colcon_meta'
[1.587s] Level 1:colcon.colcon_core.package_identification:_identify(src/turtlebot3_simulations/turtlebot3_simulations) by extensions ['ros']
[1.587s] Level 1:colcon.colcon_core.package_identification:_identify(src/turtlebot3_simulations/turtlebot3_simulations) by extension 'ros'
[1.587s] DEBUG:colcon.colcon_core.package_identification:Package 'src/turtlebot3_simulations/turtlebot3_simulations' with type 'ros.ament_cmake' and name 'turtlebot3_simulations'
[1.587s] Level 1:colcon.colcon_core.package_discovery:discover_packages(recursive) using defaults
[1.587s] Level 1:colcon.colcon_core.package_discovery:discover_packages(ignore) discover
[1.587s] Level 1:colcon.colcon_core.package_discovery:discover_packages(ignore) using defaults
[1.587s] Level 1:colcon.colcon_core.package_discovery:discover_packages(path) discover
[1.587s] Level 1:colcon.colcon_core.package_discovery:discover_packages(path) using defaults
[1.728s] Level 1:colcon.colcon_core.package_discovery:discover_packages(prefix_path) check parameters
[1.728s] Level 1:colcon.colcon_core.package_discovery:discover_packages(prefix_path) discover
[1.787s] DEBUG:colcon.colcon_installed_package_information.package_discovery:Found 4 installed packages in /home/gautier/turtlebot3_ws/install
[1.813s] DEBUG:colcon.colcon_installed_package_information.package_discovery:Found 338 installed packages in /opt/ros/foxy
[1.814s] Level 1:colcon.colcon_core.package_discovery:discover_packages(prefix_path) using defaults
[1.913s] Level 5:colcon.colcon_core.verb:set package 'turtlebot3_fake_node' build argument 'cmake_args' from command line to 'None'
[1.913s] Level 5:colcon.colcon_core.verb:set package 'turtlebot3_fake_node' build argument 'cmake_target' from command line to 'None'
[1.913s] Level 5:colcon.colcon_core.verb:set package 'turtlebot3_fake_node' build argument 'cmake_target_skip_unavailable' from command line to 'False'
[1.913s] Level 5:colcon.colcon_core.verb:set package 'turtlebot3_fake_node' build argument 'cmake_clean_cache' from command line to 'False'
[1.913s] Level 5:colcon.colcon_core.verb:set package 'turtlebot3_fake_node' build argument 'cmake_clean_first' from command line to 'False'
[1.913s] Level 5:colcon.colcon_core.verb:set package 'turtlebot3_fake_node' build argument 'cmake_force_configure' from command line to 'False'
[1.913s] Level 5:colcon.colcon_core.verb:set package 'turtlebot3_fake_node' build argument 'ament_cmake_args' from command line to 'None'
[1.913s] Level 5:colcon.colcon_core.verb:set package 'turtlebot3_fake_node' build argument 'catkin_cmake_args' from command line to 'None'
[1.913s] Level 5:colcon.colcon_core.verb:set package 'turtlebot3_fake_node' build argument 'catkin_skip_building_tests' from command line to 'False'
[1.913s] DEBUG:colcon.colcon_core.verb:Building package 'turtlebot3_fake_node' with the following arguments: {'ament_cmake_args': None, 'build_base': '/home/gautier/turtlebot3_ws/build/turtlebot3_fake_node', 'catkin_cmake_args': None, 'catkin_skip_building_tests': False, 'cmake_args': None, 'cmake_clean_cache': False, 'cmake_clean_first': False, 'cmake_force_configure': False, 'cmake_target': None, 'cmake_target_skip_unavailable': False, 'install_base': '/home/gautier/turtlebot3_ws/install/turtlebot3_fake_node', 'merge_install': False, 'path': '/home/gautier/turtlebot3_ws/src/turtlebot3_simulations/turtlebot3_fake_node', 'symlink_install': False, 'test_result_base': None}
[1.939s] Level 5:colcon.colcon_core.verb:set package 'turtlebot3_gazebo' build argument 'cmake_args' from command line to 'None'
[1.940s] Level 5:colcon.colcon_core.verb:set package 'turtlebot3_gazebo' build argument 'cmake_target' from command line to 'None'
[1.940s] Level 5:colcon.colcon_core.verb:set package 'turtlebot3_gazebo' build argument 'cmake_target_skip_unavailable' from command line to 'False'
[1.940s] Level 5:colcon.colcon_core.verb:set package 'turtlebot3_gazebo' build argument 'cmake_clean_cache' from command line to 'False'
[1.940s] Level 5:colcon.colcon_core.verb:set package 'turtlebot3_gazebo' build argument 'cmake_clean_first' from command line to 'False'
[1.940s] Level 5:colcon.colcon_core.verb:set package 'turtlebot3_gazebo' build argument 'cmake_force_configure' from command line to 'False'
[1.940s] Level 5:colcon.colcon_core.verb:set package 'turtlebot3_gazebo' build argument 'ament_cmake_args' from command line to 'None'
[1.940s] Level 5:colcon.colcon_core.verb:set package 'turtlebot3_gazebo' build argument 'catkin_cmake_args' from command line to 'None'
[1.940s] Level 5:colcon.colcon_core.verb:set package 'turtlebot3_gazebo' build argument 'catkin_skip_building_tests' from command line to 'False'
[1.940s] DEBUG:colcon.colcon_core.verb:Building package 'turtlebot3_gazebo' with the following arguments: {'ament_cmake_args': None, 'build_base': '/home/gautier/turtlebot3_ws/build/turtlebot3_gazebo', 'catkin_cmake_args': None, 'catkin_skip_building_tests': False, 'cmake_args': None, 'cmake_clean_cache': False, 'cmake_clean_first': False, 'cmake_force_configure': False, 'cmake_target': None, 'cmake_target_skip_unavailable': False, 'install_base': '/home/gautier/turtlebot3_ws/install/turtlebot3_gazebo', 'merge_install': False, 'path': '/home/gautier/turtlebot3_ws/src/turtlebot3_simulations/turtlebot3_gazebo', 'symlink_install': False, 'test_result_base': None}
[1.966s] Level 5:colcon.colcon_core.verb:set package 'turtlebot3_multi_robot_sim' build argument 'cmake_args' from command line to 'None'
[1.966s] Level 5:colcon.colcon_core.verb:set package 'turtlebot3_multi_robot_sim' build argument 'cmake_target' from command line to 'None'
[1.966s] Level 5:colcon.colcon_core.verb:set package 'turtlebot3_multi_robot_sim' build argument 'cmake_target_skip_unavailable' from command line to 'False'
[1.966s] Level 5:colcon.colcon_core.verb:set package 'turtlebot3_multi_robot_sim' build argument 'cmake_clean_cache' from command line to 'False'
[1.966s] Level 5:colcon.colcon_core.verb:set package 'turtlebot3_multi_robot_sim' build argument 'cmake_clean_first' from command line to 'False'
[1.966s] Level 5:colcon.colcon_core.verb:set package 'turtlebot3_multi_robot_sim' build argument 'cmake_force_configure' from command line to 'False'
[1.966s] Level 5:colcon.colcon_core.verb:set package 'turtlebot3_multi_robot_sim' build argument 'ament_cmake_args' from command line to 'None'
[1.966s] Level 5:colcon.colcon_core.verb:set package 'turtlebot3_multi_robot_sim' build argument 'catkin_cmake_args' from command line to 'None'
[1.966s] Level 5:colcon.colcon_core.verb:set package 'turtlebot3_multi_robot_sim' build argument 'catkin_skip_building_tests' from command line to 'False'
[1.966s] DEBUG:colcon.colcon_core.verb:Building package 'turtlebot3_multi_robot_sim' with the following arguments: {'ament_cmake_args': None, 'build_base': '/home/gautier/turtlebot3_ws/build/turtlebot3_multi_robot_sim', 'catkin_cmake_args': None, 'catkin_skip_building_tests': False, 'cmake_args': None, 'cmake_clean_cache': False, 'cmake_clean_first': False, 'cmake_force_configure': False, 'cmake_target': None, 'cmake_target_skip_unavailable': False, 'install_base': '/home/gautier/turtlebot3_ws/install/turtlebot3_multi_robot_sim', 'merge_install': False, 'path': '/home/gautier/turtlebot3_ws/src/turtlebot3_multi_robot_sim', 'symlink_install': False, 'test_result_base': None}
[2.000s] Level 5:colcon.colcon_core.verb:set package 'turtlebot3_simulations' build argument 'cmake_args' from command line to 'None'
[2.000s] Level 5:colcon.colcon_core.verb:set package 'turtlebot3_simulations' build argument 'cmake_target' from command line to 'None'
[2.000s] Level 5:colcon.colcon_core.verb:set package 'turtlebot3_simulations' build argument 'cmake_target_skip_unavailable' from command line to 'False'
[2.001s] Level 5:colcon.colcon_core.verb:set package 'turtlebot3_simulations' build argument 'cmake_clean_cache' from command line to 'False'
[2.001s] Level 5:colcon.colcon_core.verb:set package 'turtlebot3_simulations' build argument 'cmake_clean_first' from command line to 'False'
[2.001s] Level 5:colcon.colcon_core.verb:set package 'turtlebot3_simulations' build argument 'cmake_force_configure' from command line to 'False'
[2.001s] Level 5:colcon.colcon_core.verb:set package 'turtlebot3_simulations' build argument 'ament_cmake_args' from command line to 'None'
[2.001s] Level 5:colcon.colcon_core.verb:set package 'turtlebot3_simulations' build argument 'catkin_cmake_args' from command line to 'None'
[2.001s] Level 5:colcon.colcon_core.verb:set package 'turtlebot3_simulations' build argument 'catkin_skip_building_tests' from command line to 'False'
[2.001s] DEBUG:colcon.colcon_core.verb:Building package 'turtlebot3_simulations' with the following arguments: {'ament_cmake_args': None, 'build_base': '/home/gautier/turtlebot3_ws/build/turtlebot3_simulations', 'catkin_cmake_args': None, 'catkin_skip_building_tests': False, 'cmake_args': None, 'cmake_clean_cache': False, 'cmake_clean_first': False, 'cmake_force_configure': False, 'cmake_target': None, 'cmake_target_skip_unavailable': False, 'install_base': '/home/gautier/turtlebot3_ws/install/turtlebot3_simulations', 'merge_install': False, 'path': '/home/gautier/turtlebot3_ws/src/turtlebot3_simulations/turtlebot3_simulations', 'symlink_install': False, 'test_result_base': None}
[2.027s] INFO:colcon.colcon_core.executor:Executing jobs using 'parallel' executor
[2.054s] DEBUG:colcon.colcon_parallel_executor.executor.parallel:run_until_complete
[2.055s] INFO:colcon.colcon_ros.task.ament_cmake.build:Building ROS package in '/home/gautier/turtlebot3_ws/src/turtlebot3_simulations/turtlebot3_fake_node' with build type 'ament_cmake'
[2.055s] INFO:colcon.colcon_cmake.task.cmake.build:Building CMake package in '/home/gautier/turtlebot3_ws/src/turtlebot3_simulations/turtlebot3_fake_node'
[2.082s] INFO:colcon.colcon_core.plugin_system:Skipping extension 'colcon_core.shell.bat': Not used on non-Windows systems
[2.082s] INFO:colcon.colcon_core.shell:Skip shell extension 'powershell' for command environment: Not usable outside of PowerShell
[2.082s] DEBUG:colcon.colcon_core.shell:Skip shell extension 'dsv' for command environment
[2.163s] INFO:colcon.colcon_ros.task.ament_cmake.build:Building ROS package in '/home/gautier/turtlebot3_ws/src/turtlebot3_simulations/turtlebot3_gazebo' with build type 'ament_cmake'
[2.163s] INFO:colcon.colcon_cmake.task.cmake.build:Building CMake package in '/home/gautier/turtlebot3_ws/src/turtlebot3_simulations/turtlebot3_gazebo'
[2.192s] INFO:colcon.colcon_core.shell:Skip shell extension 'powershell' for command environment: Not usable outside of PowerShell
[2.192s] DEBUG:colcon.colcon_core.shell:Skip shell extension 'dsv' for command environment
[2.273s] INFO:colcon.colcon_ros.task.ament_cmake.build:Building ROS package in '/home/gautier/turtlebot3_ws/src/turtlebot3_multi_robot_sim' with build type 'ament_cmake'
[2.273s] INFO:colcon.colcon_cmake.task.cmake.build:Building CMake package in '/home/gautier/turtlebot3_ws/src/turtlebot3_multi_robot_sim'
[2.301s] INFO:colcon.colcon_core.shell:Skip shell extension 'powershell' for command environment: Not usable outside of PowerShell
[2.301s] DEBUG:colcon.colcon_core.shell:Skip shell extension 'dsv' for command environment
[2.387s] DEBUG:colcon.colcon_core.event_handler.log_command:Invoking command in '/home/gautier/turtlebot3_ws/build/turtlebot3_fake_node': CMAKE_PREFIX_PATH=${CMAKE_PREFIX_PATH}:/opt/ros/foxy /usr/bin/cmake /home/gautier/turtlebot3_ws/src/turtlebot3_simulations/turtlebot3_fake_node -DCMAKE_INSTALL_PREFIX=/home/gautier/turtlebot3_ws/install/turtlebot3_fake_node
[2.390s] DEBUG:colcon.colcon_core.event_handler.log_command:Invoking command in '/home/gautier/turtlebot3_ws/build/turtlebot3_gazebo': CMAKE_PREFIX_PATH=${CMAKE_PREFIX_PATH}:/opt/ros/foxy /usr/bin/cmake /home/gautier/turtlebot3_ws/src/turtlebot3_simulations/turtlebot3_gazebo -DCMAKE_INSTALL_PREFIX=/home/gautier/turtlebot3_ws/install/turtlebot3_gazebo
[2.394s] DEBUG:colcon.colcon_core.event_handler.log_command:Invoking command in '/home/gautier/turtlebot3_ws/build/turtlebot3_multi_robot_sim': CMAKE_PREFIX_PATH=${CMAKE_PREFIX_PATH}:/opt/ros/foxy /usr/bin/cmake /home/gautier/turtlebot3_ws/src/turtlebot3_multi_robot_sim -DCMAKE_INSTALL_PREFIX=/home/gautier/turtlebot3_ws/install/turtlebot3_multi_robot_sim
[2.606s] DEBUG:colcon.colcon_core.event_handler.log_command:Invoked command in '/home/gautier/turtlebot3_ws/build/turtlebot3_multi_robot_sim' returned '0': CMAKE_PREFIX_PATH=${CMAKE_PREFIX_PATH}:/opt/ros/foxy /usr/bin/cmake /home/gautier/turtlebot3_ws/src/turtlebot3_multi_robot_sim -DCMAKE_INSTALL_PREFIX=/home/gautier/turtlebot3_ws/install/turtlebot3_multi_robot_sim
[2.609s] DEBUG:colcon.colcon_core.event_handler.log_command:Invoking command in '/home/gautier/turtlebot3_ws/build/turtlebot3_multi_robot_sim': CMAKE_PREFIX_PATH=${CMAKE_PREFIX_PATH}:/opt/ros/foxy /usr/bin/cmake --build /home/gautier/turtlebot3_ws/build/turtlebot3_multi_robot_sim -- -j8 -l8
[2.634s] DEBUG:colcon.colcon_core.event_handler.log_command:Invoked command in '/home/gautier/turtlebot3_ws/build/turtlebot3_multi_robot_sim' returned '0': CMAKE_PREFIX_PATH=${CMAKE_PREFIX_PATH}:/opt/ros/foxy /usr/bin/cmake --build /home/gautier/turtlebot3_ws/build/turtlebot3_multi_robot_sim -- -j8 -l8
[2.655s] DEBUG:colcon.colcon_core.event_handler.log_command:Invoking command in '/home/gautier/turtlebot3_ws/build/turtlebot3_multi_robot_sim': CMAKE_PREFIX_PATH=${CMAKE_PREFIX_PATH}:/opt/ros/foxy /usr/bin/cmake --install /home/gautier/turtlebot3_ws/build/turtlebot3_multi_robot_sim
[2.670s] Level 1:colcon.colcon_core.environment:create_environment_scripts_only(turtlebot3_multi_robot_sim)
[2.670s] DEBUG:colcon.colcon_core.event_handler.log_command:Invoked command in '/home/gautier/turtlebot3_ws/build/turtlebot3_multi_robot_sim' returned '0': CMAKE_PREFIX_PATH=${CMAKE_PREFIX_PATH}:/opt/ros/foxy /usr/bin/cmake --install /home/gautier/turtlebot3_ws/build/turtlebot3_multi_robot_sim
[2.702s] Level 1:colcon.colcon_core.environment:checking '/home/gautier/turtlebot3_ws/install/turtlebot3_multi_robot_sim' for CMake module files
[2.702s] Level 1:colcon.colcon_core.environment:checking '/home/gautier/turtlebot3_ws/install/turtlebot3_multi_robot_sim' for CMake config files
[2.702s] Level 1:colcon.colcon_core.shell:create_environment_hook('turtlebot3_multi_robot_sim', 'cmake_prefix_path')
[2.733s] INFO:colcon.colcon_core.shell:Creating environment hook '/home/gautier/turtlebot3_ws/install/turtlebot3_multi_robot_sim/share/turtlebot3_multi_robot_sim/hook/cmake_prefix_path.ps1'
[2.733s] INFO:colcon.colcon_core.shell:Creating environment descriptor '/home/gautier/turtlebot3_ws/install/turtlebot3_multi_robot_sim/share/turtlebot3_multi_robot_sim/hook/cmake_prefix_path.dsv'
[2.734s] INFO:colcon.colcon_core.shell:Creating environment hook '/home/gautier/turtlebot3_ws/install/turtlebot3_multi_robot_sim/share/turtlebot3_multi_robot_sim/hook/cmake_prefix_path.sh'
[2.734s] Level 1:colcon.colcon_core.environment:checking '/home/gautier/turtlebot3_ws/install/turtlebot3_multi_robot_sim/bin'
[2.734s] Level 1:colcon.colcon_core.environment:checking '/home/gautier/turtlebot3_ws/install/turtlebot3_multi_robot_sim/lib/pkgconfig/turtlebot3_multi_robot_sim.pc'
[2.735s] Level 1:colcon.colcon_core.environment:checking '/home/gautier/turtlebot3_ws/install/turtlebot3_multi_robot_sim/lib/python3.8/site-packages'
[2.735s] Level 1:colcon.colcon_core.environment:checking '/home/gautier/turtlebot3_ws/install/turtlebot3_multi_robot_sim/bin'
[2.766s] INFO:colcon.colcon_core.shell:Creating package script '/home/gautier/turtlebot3_ws/install/turtlebot3_multi_robot_sim/share/turtlebot3_multi_robot_sim/package.ps1'
[2.766s] INFO:colcon.colcon_core.shell:Creating package descriptor '/home/gautier/turtlebot3_ws/install/turtlebot3_multi_robot_sim/share/turtlebot3_multi_robot_sim/package.dsv'
[2.767s] INFO:colcon.colcon_core.shell:Creating package script '/home/gautier/turtlebot3_ws/install/turtlebot3_multi_robot_sim/share/turtlebot3_multi_robot_sim/package.sh'
[2.767s] INFO:colcon.colcon_core.shell:Creating package script '/home/gautier/turtlebot3_ws/install/turtlebot3_multi_robot_sim/share/turtlebot3_multi_robot_sim/package.bash'
[2.768s] INFO:colcon.colcon_core.shell:Creating package script '/home/gautier/turtlebot3_ws/install/turtlebot3_multi_robot_sim/share/turtlebot3_multi_robot_sim/package.zsh'
[2.768s] Level 1:colcon.colcon_core.environment:create_file_with_runtime_dependencies(/home/gautier/turtlebot3_ws/install/turtlebot3_multi_robot_sim/share/colcon-core/packages/turtlebot3_multi_robot_sim)
[2.813s] Level 1:colcon.colcon_core.environment:create_environment_scripts_only(turtlebot3_multi_robot_sim)
[2.844s] Level 1:colcon.colcon_core.environment:checking '/home/gautier/turtlebot3_ws/install/turtlebot3_multi_robot_sim' for CMake module files
[2.844s] Level 1:colcon.colcon_core.environment:checking '/home/gautier/turtlebot3_ws/install/turtlebot3_multi_robot_sim' for CMake config files
[2.844s] Level 1:colcon.colcon_core.shell:create_environment_hook('turtlebot3_multi_robot_sim', 'cmake_prefix_path')
[2.885s] INFO:colcon.colcon_core.shell:Creating environment hook '/home/gautier/turtlebot3_ws/install/turtlebot3_multi_robot_sim/share/turtlebot3_multi_robot_sim/hook/cmake_prefix_path.ps1'
[2.886s] INFO:colcon.colcon_core.shell:Creating environment descriptor '/home/gautier/turtlebot3_ws/install/turtlebot3_multi_robot_sim/share/turtlebot3_multi_robot_sim/hook/cmake_prefix_path.dsv'
[2.886s] INFO:colcon.colcon_core.shell:Creating environment hook '/home/gautier/turtlebot3_ws/install/turtlebot3_multi_robot_sim/share/turtlebot3_multi_robot_sim/hook/cmake_prefix_path.sh'
[2.886s] Level 1:colcon.colcon_core.environment:checking '/home/gautier/turtlebot3_ws/install/turtlebot3_multi_robot_sim/bin'
[2.886s] Level 1:colcon.colcon_core.environment:checking '/home/gautier/turtlebot3_ws/install/turtlebot3_multi_robot_sim/lib/pkgconfig/turtlebot3_multi_robot_sim.pc'
[2.886s] Level 1:colcon.colcon_core.environment:checking '/home/gautier/turtlebot3_ws/install/turtlebot3_multi_robot_sim/lib/python3.8/site-packages'
[2.887s] Level 1:colcon.colcon_core.environment:checking '/home/gautier/turtlebot3_ws/install/turtlebot3_multi_robot_sim/bin'
[2.917s] INFO:colcon.colcon_core.shell:Creating package script '/home/gautier/turtlebot3_ws/install/turtlebot3_multi_robot_sim/share/turtlebot3_multi_robot_sim/package.ps1'
[2.918s] INFO:colcon.colcon_core.shell:Creating package descriptor '/home/gautier/turtlebot3_ws/install/turtlebot3_multi_robot_sim/share/turtlebot3_multi_robot_sim/package.dsv'
[2.918s] INFO:colcon.colcon_core.shell:Creating package script '/home/gautier/turtlebot3_ws/install/turtlebot3_multi_robot_sim/share/turtlebot3_multi_robot_sim/package.sh'
[2.919s] INFO:colcon.colcon_core.shell:Creating package script '/home/gautier/turtlebot3_ws/install/turtlebot3_multi_robot_sim/share/turtlebot3_multi_robot_sim/package.bash'
[2.919s] INFO:colcon.colcon_core.shell:Creating package script '/home/gautier/turtlebot3_ws/install/turtlebot3_multi_robot_sim/share/turtlebot3_multi_robot_sim/package.zsh'
[2.919s] Level 1:colcon.colcon_core.environment:create_file_with_runtime_dependencies(/home/gautier/turtlebot3_ws/install/turtlebot3_multi_robot_sim/share/colcon-core/packages/turtlebot3_multi_robot_sim)
[3.151s] DEBUG:colcon.colcon_core.event_handler.log_command:Invoked command in '/home/gautier/turtlebot3_ws/build/turtlebot3_fake_node' returned '0': CMAKE_PREFIX_PATH=${CMAKE_PREFIX_PATH}:/opt/ros/foxy /usr/bin/cmake /home/gautier/turtlebot3_ws/src/turtlebot3_simulations/turtlebot3_fake_node -DCMAKE_INSTALL_PREFIX=/home/gautier/turtlebot3_ws/install/turtlebot3_fake_node
[3.153s] DEBUG:colcon.colcon_core.event_handler.log_command:Invoking command in '/home/gautier/turtlebot3_ws/build/turtlebot3_fake_node': CMAKE_PREFIX_PATH=${CMAKE_PREFIX_PATH}:/opt/ros/foxy /usr/bin/cmake --build /home/gautier/turtlebot3_ws/build/turtlebot3_fake_node -- -j8 -l8
[3.200s] DEBUG:colcon.colcon_core.event_handler.log_command:Invoked command in '/home/gautier/turtlebot3_ws/build/turtlebot3_fake_node' returned '0': CMAKE_PREFIX_PATH=${CMAKE_PREFIX_PATH}:/opt/ros/foxy /usr/bin/cmake --build /home/gautier/turtlebot3_ws/build/turtlebot3_fake_node -- -j8 -l8
[3.218s] DEBUG:colcon.colcon_core.event_handler.log_command:Invoking command in '/home/gautier/turtlebot3_ws/build/turtlebot3_fake_node': CMAKE_PREFIX_PATH=${CMAKE_PREFIX_PATH}:/opt/ros/foxy /usr/bin/cmake --install /home/gautier/turtlebot3_ws/build/turtlebot3_fake_node
[3.234s] Level 1:colcon.colcon_core.environment:create_environment_scripts_only(turtlebot3_fake_node)
[3.234s] DEBUG:colcon.colcon_core.event_handler.log_command:Invoked command in '/home/gautier/turtlebot3_ws/build/turtlebot3_fake_node' returned '0': CMAKE_PREFIX_PATH=${CMAKE_PREFIX_PATH}:/opt/ros/foxy /usr/bin/cmake --install /home/gautier/turtlebot3_ws/build/turtlebot3_fake_node
[3.272s] Level 1:colcon.colcon_core.environment:checking '/home/gautier/turtlebot3_ws/install/turtlebot3_fake_node' for CMake module files
[3.273s] Level 1:colcon.colcon_core.environment:checking '/home/gautier/turtlebot3_ws/install/turtlebot3_fake_node' for CMake config files
[3.273s] Level 1:colcon.colcon_core.shell:create_environment_hook('turtlebot3_fake_node', 'cmake_prefix_path')
[3.309s] INFO:colcon.colcon_core.shell:Creating environment hook '/home/gautier/turtlebot3_ws/install/turtlebot3_fake_node/share/turtlebot3_fake_node/hook/cmake_prefix_path.ps1'
[3.310s] INFO:colcon.colcon_core.shell:Creating environment descriptor '/home/gautier/turtlebot3_ws/install/turtlebot3_fake_node/share/turtlebot3_fake_node/hook/cmake_prefix_path.dsv'
[3.310s] INFO:colcon.colcon_core.shell:Creating environment hook '/home/gautier/turtlebot3_ws/install/turtlebot3_fake_node/share/turtlebot3_fake_node/hook/cmake_prefix_path.sh'
[3.310s] Level 1:colcon.colcon_core.environment:checking '/home/gautier/turtlebot3_ws/install/turtlebot3_fake_node/lib'
[3.310s] Level 1:colcon.colcon_core.environment:checking '/home/gautier/turtlebot3_ws/install/turtlebot3_fake_node/bin'
[3.310s] Level 1:colcon.colcon_core.environment:checking '/home/gautier/turtlebot3_ws/install/turtlebot3_fake_node/lib/pkgconfig/turtlebot3_fake_node.pc'
[3.311s] Level 1:colcon.colcon_core.environment:checking '/home/gautier/turtlebot3_ws/install/turtlebot3_fake_node/lib/python3.8/site-packages'
[3.311s] Level 1:colcon.colcon_core.environment:checking '/home/gautier/turtlebot3_ws/install/turtlebot3_fake_node/bin'
[3.337s] INFO:colcon.colcon_core.shell:Creating package script '/home/gautier/turtlebot3_ws/install/turtlebot3_fake_node/share/turtlebot3_fake_node/package.ps1'
[3.338s] INFO:colcon.colcon_core.shell:Creating package descriptor '/home/gautier/turtlebot3_ws/install/turtlebot3_fake_node/share/turtlebot3_fake_node/package.dsv'
[3.338s] INFO:colcon.colcon_core.shell:Creating package script '/home/gautier/turtlebot3_ws/install/turtlebot3_fake_node/share/turtlebot3_fake_node/package.sh'
[3.338s] INFO:colcon.colcon_core.shell:Creating package script '/home/gautier/turtlebot3_ws/install/turtlebot3_fake_node/share/turtlebot3_fake_node/package.bash'
[3.338s] INFO:colcon.colcon_core.shell:Creating package script '/home/gautier/turtlebot3_ws/install/turtlebot3_fake_node/share/turtlebot3_fake_node/package.zsh'
[3.339s] Level 1:colcon.colcon_core.environment:create_file_with_runtime_dependencies(/home/gautier/turtlebot3_ws/install/turtlebot3_fake_node/share/colcon-core/packages/turtlebot3_fake_node)
[3.395s] Level 1:colcon.colcon_core.environment:create_environment_scripts_only(turtlebot3_fake_node)
[3.421s] Level 1:colcon.colcon_core.environment:checking '/home/gautier/turtlebot3_ws/install/turtlebot3_fake_node' for CMake module files
[3.422s] Level 1:colcon.colcon_core.environment:checking '/home/gautier/turtlebot3_ws/install/turtlebot3_fake_node' for CMake config files
[3.422s] Level 1:colcon.colcon_core.shell:create_environment_hook('turtlebot3_fake_node', 'cmake_prefix_path')
[3.449s] INFO:colcon.colcon_core.shell:Creating environment hook '/home/gautier/turtlebot3_ws/install/turtlebot3_fake_node/share/turtlebot3_fake_node/hook/cmake_prefix_path.ps1'
[3.449s] INFO:colcon.colcon_core.shell:Creating environment descriptor '/home/gautier/turtlebot3_ws/install/turtlebot3_fake_node/share/turtlebot3_fake_node/hook/cmake_prefix_path.dsv'
[3.449s] INFO:colcon.colcon_core.shell:Creating environment hook '/home/gautier/turtlebot3_ws/install/turtlebot3_fake_node/share/turtlebot3_fake_node/hook/cmake_prefix_path.sh'
[3.450s] Level 1:colcon.colcon_core.environment:checking '/home/gautier/turtlebot3_ws/install/turtlebot3_fake_node/lib'
[3.450s] Level 1:colcon.colcon_core.environment:checking '/home/gautier/turtlebot3_ws/install/turtlebot3_fake_node/bin'
[3.450s] Level 1:colcon.colcon_core.environment:checking '/home/gautier/turtlebot3_ws/install/turtlebot3_fake_node/lib/pkgconfig/turtlebot3_fake_node.pc'
[3.450s] Level 1:colcon.colcon_core.environment:checking '/home/gautier/turtlebot3_ws/install/turtlebot3_fake_node/lib/python3.8/site-packages'
[3.450s] Level 1:colcon.colcon_core.environment:checking '/home/gautier/turtlebot3_ws/install/turtlebot3_fake_node/bin'
[3.477s] INFO:colcon.colcon_core.shell:Creating package script '/home/gautier/turtlebot3_ws/install/turtlebot3_fake_node/share/turtlebot3_fake_node/package.ps1'
[3.477s] INFO:colcon.colcon_core.shell:Creating package descriptor '/home/gautier/turtlebot3_ws/install/turtlebot3_fake_node/share/turtlebot3_fake_node/package.dsv'
[3.477s] INFO:colcon.colcon_core.shell:Creating package script '/home/gautier/turtlebot3_ws/install/turtlebot3_fake_node/share/turtlebot3_fake_node/package.sh'
[3.477s] INFO:colcon.colcon_core.shell:Creating package script '/home/gautier/turtlebot3_ws/install/turtlebot3_fake_node/share/turtlebot3_fake_node/package.bash'
[3.477s] INFO:colcon.colcon_core.shell:Creating package script '/home/gautier/turtlebot3_ws/install/turtlebot3_fake_node/share/turtlebot3_fake_node/package.zsh'
[3.478s] Level 1:colcon.colcon_core.environment:create_file_with_runtime_dependencies(/home/gautier/turtlebot3_ws/install/turtlebot3_fake_node/share/colcon-core/packages/turtlebot3_fake_node)
[3.479s] DEBUG:colcon.colcon_core.event_handler.log_command:Invoked command in '/home/gautier/turtlebot3_ws/build/turtlebot3_gazebo' returned '0': CMAKE_PREFIX_PATH=${CMAKE_PREFIX_PATH}:/opt/ros/foxy /usr/bin/cmake /home/gautier/turtlebot3_ws/src/turtlebot3_simulations/turtlebot3_gazebo -DCMAKE_INSTALL_PREFIX=/home/gautier/turtlebot3_ws/install/turtlebot3_gazebo
[3.481s] DEBUG:colcon.colcon_core.event_handler.log_command:Invoking command in '/home/gautier/turtlebot3_ws/build/turtlebot3_gazebo': CMAKE_PREFIX_PATH=${CMAKE_PREFIX_PATH}:/opt/ros/foxy /usr/bin/cmake --build /home/gautier/turtlebot3_ws/build/turtlebot3_gazebo -- -j8 -l8
[3.532s] DEBUG:colcon.colcon_core.event_handler.log_command:Invoked command in '/home/gautier/turtlebot3_ws/build/turtlebot3_gazebo' returned '0': CMAKE_PREFIX_PATH=${CMAKE_PREFIX_PATH}:/opt/ros/foxy /usr/bin/cmake --build /home/gautier/turtlebot3_ws/build/turtlebot3_gazebo -- -j8 -l8
[3.554s] DEBUG:colcon.colcon_core.event_handler.log_command:Invoking command in '/home/gautier/turtlebot3_ws/build/turtlebot3_gazebo': CMAKE_PREFIX_PATH=${CMAKE_PREFIX_PATH}:/opt/ros/foxy /usr/bin/cmake --install /home/gautier/turtlebot3_ws/build/turtlebot3_gazebo
[3.583s] Level 1:colcon.colcon_core.environment:create_environment_scripts_only(turtlebot3_gazebo)
[3.583s] DEBUG:colcon.colcon_core.event_handler.log_command:Invoked command in '/home/gautier/turtlebot3_ws/build/turtlebot3_gazebo' returned '0': CMAKE_PREFIX_PATH=${CMAKE_PREFIX_PATH}:/opt/ros/foxy /usr/bin/cmake --install /home/gautier/turtlebot3_ws/build/turtlebot3_gazebo
[3.612s] Level 1:colcon.colcon_core.environment:checking '/home/gautier/turtlebot3_ws/install/turtlebot3_gazebo' for CMake module files
[3.612s] Level 1:colcon.colcon_core.environment:checking '/home/gautier/turtlebot3_ws/install/turtlebot3_gazebo' for CMake config files
[3.612s] Level 1:colcon.colcon_core.shell:create_environment_hook('turtlebot3_gazebo', 'cmake_prefix_path')
[3.639s] INFO:colcon.colcon_core.shell:Creating environment hook '/home/gautier/turtlebot3_ws/install/turtlebot3_gazebo/share/turtlebot3_gazebo/hook/cmake_prefix_path.ps1'
[3.639s] INFO:colcon.colcon_core.shell:Creating environment descriptor '/home/gautier/turtlebot3_ws/install/turtlebot3_gazebo/share/turtlebot3_gazebo/hook/cmake_prefix_path.dsv'
[3.639s] INFO:colcon.colcon_core.shell:Creating environment hook '/home/gautier/turtlebot3_ws/install/turtlebot3_gazebo/share/turtlebot3_gazebo/hook/cmake_prefix_path.sh'
[3.639s] Level 1:colcon.colcon_core.environment:checking '/home/gautier/turtlebot3_ws/install/turtlebot3_gazebo/lib'
[3.639s] Level 1:colcon.colcon_core.environment:checking '/home/gautier/turtlebot3_ws/install/turtlebot3_gazebo/bin'
[3.639s] Level 1:colcon.colcon_core.environment:checking '/home/gautier/turtlebot3_ws/install/turtlebot3_gazebo/lib/pkgconfig/turtlebot3_gazebo.pc'
[3.639s] Level 1:colcon.colcon_core.environment:checking '/home/gautier/turtlebot3_ws/install/turtlebot3_gazebo/lib/python3.8/site-packages'
[3.640s] Level 1:colcon.colcon_core.environment:checking '/home/gautier/turtlebot3_ws/install/turtlebot3_gazebo/bin'
[3.666s] INFO:colcon.colcon_core.shell:Creating package script '/home/gautier/turtlebot3_ws/install/turtlebot3_gazebo/share/turtlebot3_gazebo/package.ps1'
[3.666s] INFO:colcon.colcon_core.shell:Creating package descriptor '/home/gautier/turtlebot3_ws/install/turtlebot3_gazebo/share/turtlebot3_gazebo/package.dsv'
[3.667s] INFO:colcon.colcon_core.shell:Creating package script '/home/gautier/turtlebot3_ws/install/turtlebot3_gazebo/share/turtlebot3_gazebo/package.sh'
[3.667s] INFO:colcon.colcon_core.shell:Creating package script '/home/gautier/turtlebot3_ws/install/turtlebot3_gazebo/share/turtlebot3_gazebo/package.bash'
[3.667s] INFO:colcon.colcon_core.shell:Creating package script '/home/gautier/turtlebot3_ws/install/turtlebot3_gazebo/share/turtlebot3_gazebo/package.zsh'
[3.667s] Level 1:colcon.colcon_core.environment:create_file_with_runtime_dependencies(/home/gautier/turtlebot3_ws/install/turtlebot3_gazebo/share/colcon-core/packages/turtlebot3_gazebo)
[3.714s] Level 1:colcon.colcon_core.environment:create_environment_scripts_only(turtlebot3_gazebo)
[3.741s] Level 1:colcon.colcon_core.environment:checking '/home/gautier/turtlebot3_ws/install/turtlebot3_gazebo' for CMake module files
[3.741s] Level 1:colcon.colcon_core.environment:checking '/home/gautier/turtlebot3_ws/install/turtlebot3_gazebo' for CMake config files
[3.741s] Level 1:colcon.colcon_core.shell:create_environment_hook('turtlebot3_gazebo', 'cmake_prefix_path')
[3.768s] INFO:colcon.colcon_core.shell:Creating environment hook '/home/gautier/turtlebot3_ws/install/turtlebot3_gazebo/share/turtlebot3_gazebo/hook/cmake_prefix_path.ps1'
[3.768s] INFO:colcon.colcon_core.shell:Creating environment descriptor '/home/gautier/turtlebot3_ws/install/turtlebot3_gazebo/share/turtlebot3_gazebo/hook/cmake_prefix_path.dsv'
[3.768s] INFO:colcon.colcon_core.shell:Creating environment hook '/home/gautier/turtlebot3_ws/install/turtlebot3_gazebo/share/turtlebot3_gazebo/hook/cmake_prefix_path.sh'
[3.769s] Level 1:colcon.colcon_core.environment:checking '/home/gautier/turtlebot3_ws/install/turtlebot3_gazebo/lib'
[3.769s] Level 1:colcon.colcon_core.environment:checking '/home/gautier/turtlebot3_ws/install/turtlebot3_gazebo/bin'
[3.769s] Level 1:colcon.colcon_core.environment:checking '/home/gautier/turtlebot3_ws/install/turtlebot3_gazebo/lib/pkgconfig/turtlebot3_gazebo.pc'
[3.769s] Level 1:colcon.colcon_core.environment:checking '/home/gautier/turtlebot3_ws/install/turtlebot3_gazebo/lib/python3.8/site-packages'
[3.769s] Level 1:colcon.colcon_core.environment:checking '/home/gautier/turtlebot3_ws/install/turtlebot3_gazebo/bin'
[3.796s] INFO:colcon.colcon_core.shell:Creating package script '/home/gautier/turtlebot3_ws/install/turtlebot3_gazebo/share/turtlebot3_gazebo/package.ps1'
[3.796s] INFO:colcon.colcon_core.shell:Creating package descriptor '/home/gautier/turtlebot3_ws/install/turtlebot3_gazebo/share/turtlebot3_gazebo/package.dsv'
[3.796s] INFO:colcon.colcon_core.shell:Creating package script '/home/gautier/turtlebot3_ws/install/turtlebot3_gazebo/share/turtlebot3_gazebo/package.sh'
[3.797s] INFO:colcon.colcon_core.shell:Creating package script '/home/gautier/turtlebot3_ws/install/turtlebot3_gazebo/share/turtlebot3_gazebo/package.bash'
[3.797s] INFO:colcon.colcon_core.shell:Creating package script '/home/gautier/turtlebot3_ws/install/turtlebot3_gazebo/share/turtlebot3_gazebo/package.zsh'
[3.797s] Level 1:colcon.colcon_core.environment:create_file_with_runtime_dependencies(/home/gautier/turtlebot3_ws/install/turtlebot3_gazebo/share/colcon-core/packages/turtlebot3_gazebo)
[3.797s] INFO:colcon.colcon_ros.task.ament_cmake.build:Building ROS package in '/home/gautier/turtlebot3_ws/src/turtlebot3_simulations/turtlebot3_simulations' with build type 'ament_cmake'
[3.797s] INFO:colcon.colcon_cmake.task.cmake.build:Building CMake package in '/home/gautier/turtlebot3_ws/src/turtlebot3_simulations/turtlebot3_simulations'
[3.825s] INFO:colcon.colcon_core.shell:Skip shell extension 'powershell' for command environment: Not usable outside of PowerShell
[3.825s] DEBUG:colcon.colcon_core.shell:Skip shell extension 'dsv' for command environment
[3.914s] DEBUG:colcon.colcon_core.event_handler.log_command:Invoking command in '/home/gautier/turtlebot3_ws/build/turtlebot3_simulations': CMAKE_PREFIX_PATH=/home/gautier/turtlebot3_ws/install/turtlebot3_gazebo:/home/gautier/turtlebot3_ws/install/turtlebot3_fake_node:/home/gautier/turtlebot3_ws/install/turtlebot3_simulations:/home/gautier/turtlebot3_ws/install/turtlebot3_multi_robot_sim:/opt/ros/foxy /usr/bin/cmake /home/gautier/turtlebot3_ws/src/turtlebot3_simulations/turtlebot3_simulations -DCMAKE_INSTALL_PREFIX=/home/gautier/turtlebot3_ws/install/turtlebot3_simulations
[4.094s] DEBUG:colcon.colcon_core.event_handler.log_command:Invoked command in '/home/gautier/turtlebot3_ws/build/turtlebot3_simulations' returned '0': CMAKE_PREFIX_PATH=/home/gautier/turtlebot3_ws/install/turtlebot3_gazebo:/home/gautier/turtlebot3_ws/install/turtlebot3_fake_node:/home/gautier/turtlebot3_ws/install/turtlebot3_simulations:/home/gautier/turtlebot3_ws/install/turtlebot3_multi_robot_sim:/opt/ros/foxy /usr/bin/cmake /home/gautier/turtlebot3_ws/src/turtlebot3_simulations/turtlebot3_simulations -DCMAKE_INSTALL_PREFIX=/home/gautier/turtlebot3_ws/install/turtlebot3_simulations
[4.096s] DEBUG:colcon.colcon_core.event_handler.log_command:Invoking command in '/home/gautier/turtlebot3_ws/build/turtlebot3_simulations': CMAKE_PREFIX_PATH=/home/gautier/turtlebot3_ws/install/turtlebot3_gazebo:/home/gautier/turtlebot3_ws/install/turtlebot3_fake_node:/home/gautier/turtlebot3_ws/install/turtlebot3_simulations:/home/gautier/turtlebot3_ws/install/turtlebot3_multi_robot_sim:/opt/ros/foxy /usr/bin/cmake --build /home/gautier/turtlebot3_ws/build/turtlebot3_simulations -- -j8 -l8
[4.124s] DEBUG:colcon.colcon_core.event_handler.log_command:Invoked command in '/home/gautier/turtlebot3_ws/build/turtlebot3_simulations' returned '0': CMAKE_PREFIX_PATH=/home/gautier/turtlebot3_ws/install/turtlebot3_gazebo:/home/gautier/turtlebot3_ws/install/turtlebot3_fake_node:/home/gautier/turtlebot3_ws/install/turtlebot3_simulations:/home/gautier/turtlebot3_ws/install/turtlebot3_multi_robot_sim:/opt/ros/foxy /usr/bin/cmake --build /home/gautier/turtlebot3_ws/build/turtlebot3_simulations -- -j8 -l8
[4.151s] DEBUG:colcon.colcon_core.event_handler.log_command:Invoking command in '/home/gautier/turtlebot3_ws/build/turtlebot3_simulations': CMAKE_PREFIX_PATH=/home/gautier/turtlebot3_ws/install/turtlebot3_gazebo:/home/gautier/turtlebot3_ws/install/turtlebot3_fake_node:/home/gautier/turtlebot3_ws/install/turtlebot3_simulations:/home/gautier/turtlebot3_ws/install/turtlebot3_multi_robot_sim:/opt/ros/foxy /usr/bin/cmake --install /home/gautier/turtlebot3_ws/build/turtlebot3_simulations
[4.172s] Level 1:colcon.colcon_core.environment:create_environment_scripts_only(turtlebot3_simulations)
[4.172s] DEBUG:colcon.colcon_core.event_handler.log_command:Invoked command in '/home/gautier/turtlebot3_ws/build/turtlebot3_simulations' returned '0': CMAKE_PREFIX_PATH=/home/gautier/turtlebot3_ws/install/turtlebot3_gazebo:/home/gautier/turtlebot3_ws/install/turtlebot3_fake_node:/home/gautier/turtlebot3_ws/install/turtlebot3_simulations:/home/gautier/turtlebot3_ws/install/turtlebot3_multi_robot_sim:/opt/ros/foxy /usr/bin/cmake --install /home/gautier/turtlebot3_ws/build/turtlebot3_simulations
[4.215s] Level 1:colcon.colcon_core.environment:checking '/home/gautier/turtlebot3_ws/install/turtlebot3_simulations' for CMake module files
[4.215s] Level 1:colcon.colcon_core.environment:checking '/home/gautier/turtlebot3_ws/install/turtlebot3_simulations' for CMake config files
[4.215s] Level 1:colcon.colcon_core.shell:create_environment_hook('turtlebot3_simulations', 'cmake_prefix_path')
[4.241s] INFO:colcon.colcon_core.shell:Creating environment hook '/home/gautier/turtlebot3_ws/install/turtlebot3_simulations/share/turtlebot3_simulations/hook/cmake_prefix_path.ps1'
[4.241s] INFO:colcon.colcon_core.shell:Creating environment descriptor '/home/gautier/turtlebot3_ws/install/turtlebot3_simulations/share/turtlebot3_simulations/hook/cmake_prefix_path.dsv'
[4.241s] INFO:colcon.colcon_core.shell:Creating environment hook '/home/gautier/turtlebot3_ws/install/turtlebot3_simulations/share/turtlebot3_simulations/hook/cmake_prefix_path.sh'
[4.242s] Level 1:colcon.colcon_core.environment:checking '/home/gautier/turtlebot3_ws/install/turtlebot3_simulations/bin'
[4.242s] Level 1:colcon.colcon_core.environment:checking '/home/gautier/turtlebot3_ws/install/turtlebot3_simulations/lib/pkgconfig/turtlebot3_simulations.pc'
[4.242s] Level 1:colcon.colcon_core.environment:checking '/home/gautier/turtlebot3_ws/install/turtlebot3_simulations/lib/python3.8/site-packages'
[4.242s] Level 1:colcon.colcon_core.environment:checking '/home/gautier/turtlebot3_ws/install/turtlebot3_simulations/bin'
[4.268s] INFO:colcon.colcon_core.shell:Creating package script '/home/gautier/turtlebot3_ws/install/turtlebot3_simulations/share/turtlebot3_simulations/package.ps1'
[4.268s] INFO:colcon.colcon_core.shell:Creating package descriptor '/home/gautier/turtlebot3_ws/install/turtlebot3_simulations/share/turtlebot3_simulations/package.dsv'
[4.268s] INFO:colcon.colcon_core.shell:Creating package script '/home/gautier/turtlebot3_ws/install/turtlebot3_simulations/share/turtlebot3_simulations/package.sh'
[4.268s] INFO:colcon.colcon_core.shell:Creating package script '/home/gautier/turtlebot3_ws/install/turtlebot3_simulations/share/turtlebot3_simulations/package.bash'
[4.269s] INFO:colcon.colcon_core.shell:Creating package script '/home/gautier/turtlebot3_ws/install/turtlebot3_simulations/share/turtlebot3_simulations/package.zsh'
[4.269s] Level 1:colcon.colcon_core.environment:create_file_with_runtime_dependencies(/home/gautier/turtlebot3_ws/install/turtlebot3_simulations/share/colcon-core/packages/turtlebot3_simulations)
[4.310s] Level 1:colcon.colcon_core.environment:create_environment_scripts_only(turtlebot3_simulations)
[4.336s] Level 1:colcon.colcon_core.environment:checking '/home/gautier/turtlebot3_ws/install/turtlebot3_simulations' for CMake module files
[4.336s] Level 1:colcon.colcon_core.environment:checking '/home/gautier/turtlebot3_ws/install/turtlebot3_simulations' for CMake config files
[4.336s] Level 1:colcon.colcon_core.shell:create_environment_hook('turtlebot3_simulations', 'cmake_prefix_path')
[4.362s] INFO:colcon.colcon_core.shell:Creating environment hook '/home/gautier/turtlebot3_ws/install/turtlebot3_simulations/share/turtlebot3_simulations/hook/cmake_prefix_path.ps1'
[4.363s] INFO:colcon.colcon_core.shell:Creating environment descriptor '/home/gautier/turtlebot3_ws/install/turtlebot3_simulations/share/turtlebot3_simulations/hook/cmake_prefix_path.dsv'
[4.363s] INFO:colcon.colcon_core.shell:Creating environment hook '/home/gautier/turtlebot3_ws/install/turtlebot3_simulations/share/turtlebot3_simulations/hook/cmake_prefix_path.sh'
[4.363s] Level 1:colcon.colcon_core.environment:checking '/home/gautier/turtlebot3_ws/install/turtlebot3_simulations/bin'
[4.363s] Level 1:colcon.colcon_core.environment:checking '/home/gautier/turtlebot3_ws/install/turtlebot3_simulations/lib/pkgconfig/turtlebot3_simulations.pc'
[4.363s] Level 1:colcon.colcon_core.environment:checking '/home/gautier/turtlebot3_ws/install/turtlebot3_simulations/lib/python3.8/site-packages'
[4.363s] Level 1:colcon.colcon_core.environment:checking '/home/gautier/turtlebot3_ws/install/turtlebot3_simulations/bin'
[4.389s] INFO:colcon.colcon_core.shell:Creating package script '/home/gautier/turtlebot3_ws/install/turtlebot3_simulations/share/turtlebot3_simulations/package.ps1'
[4.390s] INFO:colcon.colcon_core.shell:Creating package descriptor '/home/gautier/turtlebot3_ws/install/turtlebot3_simulations/share/turtlebot3_simulations/package.dsv'
[4.390s] INFO:colcon.colcon_core.shell:Creating package script '/home/gautier/turtlebot3_ws/install/turtlebot3_simulations/share/turtlebot3_simulations/package.sh'
[4.390s] INFO:colcon.colcon_core.shell:Creating package script '/home/gautier/turtlebot3_ws/install/turtlebot3_simulations/share/turtlebot3_simulations/package.bash'
[4.390s] INFO:colcon.colcon_core.shell:Creating package script '/home/gautier/turtlebot3_ws/install/turtlebot3_simulations/share/turtlebot3_simulations/package.zsh'
[4.390s] Level 1:colcon.colcon_core.environment:create_file_with_runtime_dependencies(/home/gautier/turtlebot3_ws/install/turtlebot3_simulations/share/colcon-core/packages/turtlebot3_simulations)
[4.391s] DEBUG:colcon.colcon_parallel_executor.executor.parallel:closing loop
[4.391s] DEBUG:colcon.colcon_parallel_executor.executor.parallel:loop closed
[4.391s] DEBUG:colcon.colcon_parallel_executor.executor.parallel:run_until_complete finished with '0'
[4.391s] DEBUG:colcon.colcon_core.event_reactor:joining thread
[4.422s] INFO:colcon.colcon_core.plugin_system:Skipping extension 'colcon_notification.desktop_notification.terminal_notifier': Not used on non-Darwin systems
[4.422s] INFO:colcon.colcon_core.plugin_system:Skipping extension 'colcon_notification.desktop_notification.win32': Not used on non-Windows systems
[4.422s] INFO:colcon.colcon_notification.desktop_notification:Sending desktop notification using 'notify2'
[4.431s] DEBUG:colcon.colcon_core.event_reactor:joined thread
[4.461s] INFO:colcon.colcon_core.shell:Creating prefix script '/home/gautier/turtlebot3_ws/install/local_setup.ps1'
[4.462s] INFO:colcon.colcon_core.shell:Creating prefix util module '/home/gautier/turtlebot3_ws/install/_local_setup_util_ps1.py'
[4.462s] INFO:colcon.colcon_core.shell:Creating prefix chain script '/home/gautier/turtlebot3_ws/install/setup.ps1'
[4.491s] INFO:colcon.colcon_core.shell:Creating prefix script '/home/gautier/turtlebot3_ws/install/local_setup.sh'
[4.491s] INFO:colcon.colcon_core.shell:Creating prefix util module '/home/gautier/turtlebot3_ws/install/_local_setup_util_sh.py'
[4.491s] INFO:colcon.colcon_core.shell:Creating prefix chain script '/home/gautier/turtlebot3_ws/install/setup.sh'
[4.520s] INFO:colcon.colcon_core.shell:Creating prefix script '/home/gautier/turtlebot3_ws/install/local_setup.bash'
[4.521s] INFO:colcon.colcon_core.shell:Creating prefix chain script '/home/gautier/turtlebot3_ws/install/setup.bash'
[4.549s] INFO:colcon.colcon_core.shell:Creating prefix script '/home/gautier/turtlebot3_ws/install/local_setup.zsh'
[4.549s] INFO:colcon.colcon_core.shell:Creating prefix chain script '/home/gautier/turtlebot3_ws/install/setup.zsh'
