[1.621s] DEBUG:colcon:Command line arguments: ['/usr/bin/colcon', 'build']
[1.621s] DEBUG:colcon:Parsed command line arguments: Namespace(allow_overriding=[], ament_cmake_args=None, base_paths=['.'], build_base='build', catkin_cmake_args=None, catkin_skip_building_tests=False, cmake_args=None, cmake_clean_cache=False, cmake_clean_first=False, cmake_force_configure=False, cmake_target=None, cmake_target_skip_unavailable=False, continue_on_error=False, event_handlers=None, executor='parallel', ignore_user_meta=False, install_base='install', log_base=None, log_level=None, main=<bound method BuildVerb.main of <colcon_core.verb.build.BuildVerb object at 0x7f7b70b293d0>>, merge_install=False, metas=['./colcon.meta'], packages_above=None, packages_above_and_dependencies=None, packages_above_depth=None, packages_end=None, packages_ignore=None, packages_ignore_regex=None, packages_select=None, packages_select_build_failed=False, packages_select_by_dep=None, packages_select_regex=None, packages_select_test_failures=False, packages_skip=None, packages_skip_build_finished=False, packages_skip_by_dep=None, packages_skip_regex=None, packages_skip_test_passed=False, packages_skip_up_to=None, packages_start=None, packages_up_to=None, packages_up_to_regex=None, parallel_workers=8, paths=None, symlink_install=False, test_result_base=None, verb_extension=<colcon_core.verb.build.BuildVerb object at 0x7f7b70b293d0>, verb_name='build', verb_parser=<colcon_defaults.argument_parser.defaults.DefaultArgumentsDecorator object at 0x7f7b7070f4f0>)
[1.704s] Level 1:colcon.colcon_core.package_discovery:discover_packages(colcon_meta) check parameters
[1.704s] Level 1:colcon.colcon_core.package_discovery:discover_packages(recursive) check parameters
[1.704s] Level 1:colcon.colcon_core.package_discovery:discover_packages(ignore) check parameters
[1.704s] Level 1:colcon.colcon_core.package_discovery:discover_packages(path) check parameters
[1.704s] Level 1:colcon.colcon_core.package_discovery:discover_packages(colcon_meta) discover
[1.705s] Level 1:colcon.colcon_core.package_discovery:discover_packages(recursive) discover
[1.705s] INFO:colcon.colcon_core.package_discovery:Crawling recursively for packages in '/home/gautier/turtlebot3_ws'
[1.705s] Level 1:colcon.colcon_core.package_identification:_identify(.) by extensions ['ignore', 'ignore_ament_install']
[1.705s] Level 1:colcon.colcon_core.package_identification:_identify(.) by extension 'ignore'
[1.705s] Level 1:colcon.colcon_core.package_identification:_identify(.) by extension 'ignore_ament_install'
[1.705s] Level 1:colcon.colcon_core.package_identification:_identify(.) by extensions ['colcon_pkg']
[1.705s] Level 1:colcon.colcon_core.package_identification:_identify(.) by extension 'colcon_pkg'
[1.705s] Level 1:colcon.colcon_core.package_identification:_identify(.) by extensions ['colcon_meta']
[1.705s] Level 1:colcon.colcon_core.package_identification:_identify(.) by extension 'colcon_meta'
[1.705s] Level 1:colcon.colcon_core.package_identification:_identify(.) by extensions ['ros']
[1.705s] Level 1:colcon.colcon_core.package_identification:_identify(.) by extension 'ros'
[1.711s] Level 1:colcon.colcon_core.package_identification:_identify(.) by extensions ['cmake', 'python']
[1.711s] Level 1:colcon.colcon_core.package_identification:_identify(.) by extension 'cmake'
[1.711s] Level 1:colcon.colcon_core.package_identification:_identify(.) by extension 'python'
[1.711s] Level 1:colcon.colcon_core.package_identification:_identify(.) by extensions ['python_setup_py']
[1.711s] Level 1:colcon.colcon_core.package_identification:_identify(.) by extension 'python_setup_py'
[1.712s] Level 1:colcon.colcon_core.package_identification:_identify(build) by extensions ['ignore', 'ignore_ament_install']
[1.712s] Level 1:colcon.colcon_core.package_identification:_identify(build) by extension 'ignore'
[1.712s] Level 1:colcon.colcon_core.package_identification:_identify(build) ignored
[1.712s] Level 1:colcon.colcon_core.package_identification:_identify(install) by extensions ['ignore', 'ignore_ament_install']
[1.712s] Level 1:colcon.colcon_core.package_identification:_identify(install) by extension 'ignore'
[1.712s] Level 1:colcon.colcon_core.package_identification:_identify(install) ignored
[1.712s] Level 1:colcon.colcon_core.package_identification:_identify(log) by extensions ['ignore', 'ignore_ament_install']
[1.712s] Level 1:colcon.colcon_core.package_identification:_identify(log) by extension 'ignore'
[1.712s] Level 1:colcon.colcon_core.package_identification:_identify(log) ignored
[1.712s] Level 1:colcon.colcon_core.package_identification:_identify(src) by extensions ['ignore', 'ignore_ament_install']
[1.712s] Level 1:colcon.colcon_core.package_identification:_identify(src) by extension 'ignore'
[1.712s] Level 1:colcon.colcon_core.package_identification:_identify(src) by extension 'ignore_ament_install'
[1.712s] Level 1:colcon.colcon_core.package_identification:_identify(src) by extensions ['colcon_pkg']
[1.712s] Level 1:colcon.colcon_core.package_identification:_identify(src) by extension 'colcon_pkg'
[1.712s] Level 1:colcon.colcon_core.package_identification:_identify(src) by extensions ['colcon_meta']
[1.712s] Level 1:colcon.colcon_core.package_identification:_identify(src) by extension 'colcon_meta'
[1.712s] Level 1:colcon.colcon_core.package_identification:_identify(src) by extensions ['ros']
[1.712s] Level 1:colcon.colcon_core.package_identification:_identify(src) by extension 'ros'
[1.712s] Level 1:colcon.colcon_core.package_identification:_identify(src) by extensions ['cmake', 'python']
[1.712s] Level 1:colcon.colcon_core.package_identification:_identify(src) by extension 'cmake'
[1.712s] Level 1:colcon.colcon_core.package_identification:_identify(src) by extension 'python'
[1.712s] Level 1:colcon.colcon_core.package_identification:_identify(src) by extensions ['python_setup_py']
[1.712s] Level 1:colcon.colcon_core.package_identification:_identify(src) by extension 'python_setup_py'
[1.712s] Level 1:colcon.colcon_core.package_identification:_identify(src/turtlebot3_multi_robot_sim) by extensions ['ignore', 'ignore_ament_install']
[1.712s] Level 1:colcon.colcon_core.package_identification:_identify(src/turtlebot3_multi_robot_sim) by extension 'ignore'
[1.712s] Level 1:colcon.colcon_core.package_identification:_identify(src/turtlebot3_multi_robot_sim) by extension 'ignore_ament_install'
[1.712s] Level 1:colcon.colcon_core.package_identification:_identify(src/turtlebot3_multi_robot_sim) by extensions ['colcon_pkg']
[1.712s] Level 1:colcon.colcon_core.package_identification:_identify(src/turtlebot3_multi_robot_sim) by extension 'colcon_pkg'
[1.712s] Level 1:colcon.colcon_core.package_identification:_identify(src/turtlebot3_multi_robot_sim) by extensions ['colcon_meta']
[1.712s] Level 1:colcon.colcon_core.package_identification:_identify(src/turtlebot3_multi_robot_sim) by extension 'colcon_meta'
[1.713s] Level 1:colcon.colcon_core.package_identification:_identify(src/turtlebot3_multi_robot_sim) by extensions ['ros']
[1.713s] Level 1:colcon.colcon_core.package_identification:_identify(src/turtlebot3_multi_robot_sim) by extension 'ros'
[1.714s] DEBUG:colcon.colcon_core.package_identification:Package 'src/turtlebot3_multi_robot_sim' with type 'ros.ament_cmake' and name 'turtlebot3_multi_robot_sim'
[1.714s] Level 1:colcon.colcon_core.package_identification:_identify(src/turtlebot3_simulations) by extensions ['ignore', 'ignore_ament_install']
[1.714s] Level 1:colcon.colcon_core.package_identification:_identify(src/turtlebot3_simulations) by extension 'ignore'
[1.714s] Level 1:colcon.colcon_core.package_identification:_identify(src/turtlebot3_simulations) by extension 'ignore_ament_install'
[1.714s] Level 1:colcon.colcon_core.package_identification:_identify(src/turtlebot3_simulations) by extensions ['colcon_pkg']
[1.714s] Level 1:colcon.colcon_core.package_identification:_identify(src/turtlebot3_simulations) by extension 'colcon_pkg'
[1.714s] Level 1:colcon.colcon_core.package_identification:_identify(src/turtlebot3_simulations) by extensions ['colcon_meta']
[1.714s] Level 1:colcon.colcon_core.package_identification:_identify(src/turtlebot3_simulations) by extension 'colcon_meta'
[1.714s] Level 1:colcon.colcon_core.package_identification:_identify(src/turtlebot3_simulations) by extensions ['ros']
[1.714s] Level 1:colcon.colcon_core.package_identification:_identify(src/turtlebot3_simulations) by extension 'ros'
[1.714s] Level 1:colcon.colcon_core.package_identification:_identify(src/turtlebot3_simulations) by extensions ['cmake', 'python']
[1.714s] Level 1:colcon.colcon_core.package_identification:_identify(src/turtlebot3_simulations) by extension 'cmake'
[1.714s] Level 1:colcon.colcon_core.package_identification:_identify(src/turtlebot3_simulations) by extension 'python'
[1.714s] Level 1:colcon.colcon_core.package_identification:_identify(src/turtlebot3_simulations) by extensions ['python_setup_py']
[1.714s] Level 1:colcon.colcon_core.package_identification:_identify(src/turtlebot3_simulations) by extension 'python_setup_py'
[1.714s] Level 1:colcon.colcon_core.package_identification:_identify(src/turtlebot3_simulations/turtlebot3_fake_node) by extensions ['ignore', 'ignore_ament_install']
[1.714s] Level 1:colcon.colcon_core.package_identification:_identify(src/turtlebot3_simulations/turtlebot3_fake_node) by extension 'ignore'
[1.715s] Level 1:colcon.colcon_core.package_identification:_identify(src/turtlebot3_simulations/turtlebot3_fake_node) by extension 'ignore_ament_install'
[1.715s] Level 1:colcon.colcon_core.package_identification:_identify(src/turtlebot3_simulations/turtlebot3_fake_node) by extensions ['colcon_pkg']
[1.715s] Level 1:colcon.colcon_core.package_identification:_identify(src/turtlebot3_simulations/turtlebot3_fake_node) by extension 'colcon_pkg'
[1.715s] Level 1:colcon.colcon_core.package_identification:_identify(src/turtlebot3_simulations/turtlebot3_fake_node) by extensions ['colcon_meta']
[1.715s] Level 1:colcon.colcon_core.package_identification:_identify(src/turtlebot3_simulations/turtlebot3_fake_node) by extension 'colcon_meta'
[1.715s] Level 1:colcon.colcon_core.package_identification:_identify(src/turtlebot3_simulations/turtlebot3_fake_node) by extensions ['ros']
[1.715s] Level 1:colcon.colcon_core.package_identification:_identify(src/turtlebot3_simulations/turtlebot3_fake_node) by extension 'ros'
[1.715s] DEBUG:colcon.colcon_core.package_identification:Package 'src/turtlebot3_simulations/turtlebot3_fake_node' with type 'ros.ament_cmake' and name 'turtlebot3_fake_node'
[1.715s] Level 1:colcon.colcon_core.package_identification:_identify(src/turtlebot3_simulations/turtlebot3_gazebo) by extensions ['ignore', 'ignore_ament_install']
[1.715s] Level 1:colcon.colcon_core.package_identification:_identify(src/turtlebot3_simulations/turtlebot3_gazebo) by extension 'ignore'
[1.715s] Level 1:colcon.colcon_core.package_identification:_identify(src/turtlebot3_simulations/turtlebot3_gazebo) by extension 'ignore_ament_install'
[1.715s] Level 1:colcon.colcon_core.package_identification:_identify(src/turtlebot3_simulations/turtlebot3_gazebo) by extensions ['colcon_pkg']
[1.715s] Level 1:colcon.colcon_core.package_identification:_identify(src/turtlebot3_simulations/turtlebot3_gazebo) by extension 'colcon_pkg'
[1.716s] Level 1:colcon.colcon_core.package_identification:_identify(src/turtlebot3_simulations/turtlebot3_gazebo) by extensions ['colcon_meta']
[1.716s] Level 1:colcon.colcon_core.package_identification:_identify(src/turtlebot3_simulations/turtlebot3_gazebo) by extension 'colcon_meta'
[1.716s] Level 1:colcon.colcon_core.package_identification:_identify(src/turtlebot3_simulations/turtlebot3_gazebo) by extensions ['ros']
[1.716s] Level 1:colcon.colcon_core.package_identification:_identify(src/turtlebot3_simulations/turtlebot3_gazebo) by extension 'ros'
[1.716s] DEBUG:colcon.colcon_core.package_identification:Package 'src/turtlebot3_simulations/turtlebot3_gazebo' with type 'ros.ament_cmake' and name 'turtlebot3_gazebo'
[1.716s] Level 1:colcon.colcon_core.package_identification:_identify(src/turtlebot3_simulations/turtlebot3_simulations) by extensions ['ignore', 'ignore_ament_install']
[1.716s] Level 1:colcon.colcon_core.package_identification:_identify(src/turtlebot3_simulations/turtlebot3_simulations) by extension 'ignore'
[1.716s] Level 1:colcon.colcon_core.package_identification:_identify(src/turtlebot3_simulations/turtlebot3_simulations) by extension 'ignore_ament_install'
[1.716s] Level 1:colcon.colcon_core.package_identification:_identify(src/turtlebot3_simulations/turtlebot3_simulations) by extensions ['colcon_pkg']
[1.716s] Level 1:colcon.colcon_core.package_identification:_identify(src/turtlebot3_simulations/turtlebot3_simulations) by extension 'colcon_pkg'
[1.716s] Level 1:colcon.colcon_core.package_identification:_identify(src/turtlebot3_simulations/turtlebot3_simulations) by extensions ['colcon_meta']
[1.716s] Level 1:colcon.colcon_core.package_identification:_identify(src/turtlebot3_simulations/turtlebot3_simulations) by extension 'colcon_meta'
[1.716s] Level 1:colcon.colcon_core.package_identification:_identify(src/turtlebot3_simulations/turtlebot3_simulations) by extensions ['ros']
[1.716s] Level 1:colcon.colcon_core.package_identification:_identify(src/turtlebot3_simulations/turtlebot3_simulations) by extension 'ros'
[1.717s] DEBUG:colcon.colcon_core.package_identification:Package 'src/turtlebot3_simulations/turtlebot3_simulations' with type 'ros.ament_cmake' and name 'turtlebot3_simulations'
[1.717s] Level 1:colcon.colcon_core.package_discovery:discover_packages(recursive) using defaults
[1.717s] Level 1:colcon.colcon_core.package_discovery:discover_packages(ignore) discover
[1.717s] Level 1:colcon.colcon_core.package_discovery:discover_packages(ignore) using defaults
[1.717s] Level 1:colcon.colcon_core.package_discovery:discover_packages(path) discover
[1.717s] Level 1:colcon.colcon_core.package_discovery:discover_packages(path) using defaults
[1.868s] Level 1:colcon.colcon_core.package_discovery:discover_packages(prefix_path) check parameters
[1.868s] Level 1:colcon.colcon_core.package_discovery:discover_packages(prefix_path) discover
[1.922s] DEBUG:colcon.colcon_installed_package_information.package_discovery:Found 4 installed packages in /home/gautier/turtlebot3_ws/install
[1.949s] DEBUG:colcon.colcon_installed_package_information.package_discovery:Found 386 installed packages in /opt/ros/foxy
[1.950s] Level 1:colcon.colcon_core.package_discovery:discover_packages(prefix_path) using defaults
[2.069s] Level 5:colcon.colcon_core.verb:set package 'turtlebot3_fake_node' build argument 'cmake_args' from command line to 'None'
[2.069s] Level 5:colcon.colcon_core.verb:set package 'turtlebot3_fake_node' build argument 'cmake_target' from command line to 'None'
[2.069s] Level 5:colcon.colcon_core.verb:set package 'turtlebot3_fake_node' build argument 'cmake_target_skip_unavailable' from command line to 'False'
[2.069s] Level 5:colcon.colcon_core.verb:set package 'turtlebot3_fake_node' build argument 'cmake_clean_cache' from command line to 'False'
[2.069s] Level 5:colcon.colcon_core.verb:set package 'turtlebot3_fake_node' build argument 'cmake_clean_first' from command line to 'False'
[2.069s] Level 5:colcon.colcon_core.verb:set package 'turtlebot3_fake_node' build argument 'cmake_force_configure' from command line to 'False'
[2.069s] Level 5:colcon.colcon_core.verb:set package 'turtlebot3_fake_node' build argument 'ament_cmake_args' from command line to 'None'
[2.069s] Level 5:colcon.colcon_core.verb:set package 'turtlebot3_fake_node' build argument 'catkin_cmake_args' from command line to 'None'
[2.069s] Level 5:colcon.colcon_core.verb:set package 'turtlebot3_fake_node' build argument 'catkin_skip_building_tests' from command line to 'False'
[2.070s] DEBUG:colcon.colcon_core.verb:Building package 'turtlebot3_fake_node' with the following arguments: {'ament_cmake_args': None, 'build_base': '/home/gautier/turtlebot3_ws/build/turtlebot3_fake_node', 'catkin_cmake_args': None, 'catkin_skip_building_tests': False, 'cmake_args': None, 'cmake_clean_cache': False, 'cmake_clean_first': False, 'cmake_force_configure': False, 'cmake_target': None, 'cmake_target_skip_unavailable': False, 'install_base': '/home/gautier/turtlebot3_ws/install/turtlebot3_fake_node', 'merge_install': False, 'path': '/home/gautier/turtlebot3_ws/src/turtlebot3_simulations/turtlebot3_fake_node', 'symlink_install': False, 'test_result_base': None}
[2.096s] Level 5:colcon.colcon_core.verb:set package 'turtlebot3_gazebo' build argument 'cmake_args' from command line to 'None'
[2.096s] Level 5:colcon.colcon_core.verb:set package 'turtlebot3_gazebo' build argument 'cmake_target' from command line to 'None'
[2.096s] Level 5:colcon.colcon_core.verb:set package 'turtlebot3_gazebo' build argument 'cmake_target_skip_unavailable' from command line to 'False'
[2.096s] Level 5:colcon.colcon_core.verb:set package 'turtlebot3_gazebo' build argument 'cmake_clean_cache' from command line to 'False'
[2.096s] Level 5:colcon.colcon_core.verb:set package 'turtlebot3_gazebo' build argument 'cmake_clean_first' from command line to 'False'
[2.096s] Level 5:colcon.colcon_core.verb:set package 'turtlebot3_gazebo' build argument 'cmake_force_configure' from command line to 'False'
[2.096s] Level 5:colcon.colcon_core.verb:set package 'turtlebot3_gazebo' build argument 'ament_cmake_args' from command line to 'None'
[2.096s] Level 5:colcon.colcon_core.verb:set package 'turtlebot3_gazebo' build argument 'catkin_cmake_args' from command line to 'None'
[2.096s] Level 5:colcon.colcon_core.verb:set package 'turtlebot3_gazebo' build argument 'catkin_skip_building_tests' from command line to 'False'
[2.096s] DEBUG:colcon.colcon_core.verb:Building package 'turtlebot3_gazebo' with the following arguments: {'ament_cmake_args': None, 'build_base': '/home/gautier/turtlebot3_ws/build/turtlebot3_gazebo', 'catkin_cmake_args': None, 'catkin_skip_building_tests': False, 'cmake_args': None, 'cmake_clean_cache': False, 'cmake_clean_first': False, 'cmake_force_configure': False, 'cmake_target': None, 'cmake_target_skip_unavailable': False, 'install_base': '/home/gautier/turtlebot3_ws/install/turtlebot3_gazebo', 'merge_install': False, 'path': '/home/gautier/turtlebot3_ws/src/turtlebot3_simulations/turtlebot3_gazebo', 'symlink_install': False, 'test_result_base': None}
[2.122s] Level 5:colcon.colcon_core.verb:set package 'turtlebot3_multi_robot_sim' build argument 'cmake_args' from command line to 'None'
[2.122s] Level 5:colcon.colcon_core.verb:set package 'turtlebot3_multi_robot_sim' build argument 'cmake_target' from command line to 'None'
[2.122s] Level 5:colcon.colcon_core.verb:set package 'turtlebot3_multi_robot_sim' build argument 'cmake_target_skip_unavailable' from command line to 'False'
[2.122s] Level 5:colcon.colcon_core.verb:set package 'turtlebot3_multi_robot_sim' build argument 'cmake_clean_cache' from command line to 'False'
[2.122s] Level 5:colcon.colcon_core.verb:set package 'turtlebot3_multi_robot_sim' build argument 'cmake_clean_first' from command line to 'False'
[2.122s] Level 5:colcon.colcon_core.verb:set package 'turtlebot3_multi_robot_sim' build argument 'cmake_force_configure' from command line to 'False'
[2.122s] Level 5:colcon.colcon_core.verb:set package 'turtlebot3_multi_robot_sim' build argument 'ament_cmake_args' from command line to 'None'
[2.122s] Level 5:colcon.colcon_core.verb:set package 'turtlebot3_multi_robot_sim' build argument 'catkin_cmake_args' from command line to 'None'
[2.122s] Level 5:colcon.colcon_core.verb:set package 'turtlebot3_multi_robot_sim' build argument 'catkin_skip_building_tests' from command line to 'False'
[2.122s] DEBUG:colcon.colcon_core.verb:Building package 'turtlebot3_multi_robot_sim' with the following arguments: {'ament_cmake_args': None, 'build_base': '/home/gautier/turtlebot3_ws/build/turtlebot3_multi_robot_sim', 'catkin_cmake_args': None, 'catkin_skip_building_tests': False, 'cmake_args': None, 'cmake_clean_cache': False, 'cmake_clean_first': False, 'cmake_force_configure': False, 'cmake_target': None, 'cmake_target_skip_unavailable': False, 'install_base': '/home/gautier/turtlebot3_ws/install/turtlebot3_multi_robot_sim', 'merge_install': False, 'path': '/home/gautier/turtlebot3_ws/src/turtlebot3_multi_robot_sim', 'symlink_install': False, 'test_result_base': None}
[2.149s] Level 5:colcon.colcon_core.verb:set package 'turtlebot3_simulations' build argument 'cmake_args' from command line to 'None'
[2.149s] Level 5:colcon.colcon_core.verb:set package 'turtlebot3_simulations' build argument 'cmake_target' from command line to 'None'
[2.149s] Level 5:colcon.colcon_core.verb:set package 'turtlebot3_simulations' build argument 'cmake_target_skip_unavailable' from command line to 'False'
[2.149s] Level 5:colcon.colcon_core.verb:set package 'turtlebot3_simulations' build argument 'cmake_clean_cache' from command line to 'False'
[2.149s] Level 5:colcon.colcon_core.verb:set package 'turtlebot3_simulations' build argument 'cmake_clean_first' from command line to 'False'
[2.149s] Level 5:colcon.colcon_core.verb:set package 'turtlebot3_simulations' build argument 'cmake_force_configure' from command line to 'False'
[2.149s] Level 5:colcon.colcon_core.verb:set package 'turtlebot3_simulations' build argument 'ament_cmake_args' from command line to 'None'
[2.149s] Level 5:colcon.colcon_core.verb:set package 'turtlebot3_simulations' build argument 'catkin_cmake_args' from command line to 'None'
[2.149s] Level 5:colcon.colcon_core.verb:set package 'turtlebot3_simulations' build argument 'catkin_skip_building_tests' from command line to 'False'
[2.149s] DEBUG:colcon.colcon_core.verb:Building package 'turtlebot3_simulations' with the following arguments: {'ament_cmake_args': None, 'build_base': '/home/gautier/turtlebot3_ws/build/turtlebot3_simulations', 'catkin_cmake_args': None, 'catkin_skip_building_tests': False, 'cmake_args': None, 'cmake_clean_cache': False, 'cmake_clean_first': False, 'cmake_force_configure': False, 'cmake_target': None, 'cmake_target_skip_unavailable': False, 'install_base': '/home/gautier/turtlebot3_ws/install/turtlebot3_simulations', 'merge_install': False, 'path': '/home/gautier/turtlebot3_ws/src/turtlebot3_simulations/turtlebot3_simulations', 'symlink_install': False, 'test_result_base': None}
[2.175s] INFO:colcon.colcon_core.executor:Executing jobs using 'parallel' executor
[2.202s] DEBUG:colcon.colcon_parallel_executor.executor.parallel:run_until_complete
[2.202s] INFO:colcon.colcon_ros.task.ament_cmake.build:Building ROS package in '/home/gautier/turtlebot3_ws/src/turtlebot3_simulations/turtlebot3_fake_node' with build type 'ament_cmake'
[2.202s] INFO:colcon.colcon_cmake.task.cmake.build:Building CMake package in '/home/gautier/turtlebot3_ws/src/turtlebot3_simulations/turtlebot3_fake_node'
[2.248s] INFO:colcon.colcon_core.plugin_system:Skipping extension 'colcon_core.shell.bat': Not used on non-Windows systems
[2.248s] INFO:colcon.colcon_core.shell:Skip shell extension 'powershell' for command environment: Not usable outside of PowerShell
[2.248s] DEBUG:colcon.colcon_core.shell:Skip shell extension 'dsv' for command environment
[2.335s] INFO:colcon.colcon_ros.task.ament_cmake.build:Building ROS package in '/home/gautier/turtlebot3_ws/src/turtlebot3_simulations/turtlebot3_gazebo' with build type 'ament_cmake'
[2.335s] INFO:colcon.colcon_cmake.task.cmake.build:Building CMake package in '/home/gautier/turtlebot3_ws/src/turtlebot3_simulations/turtlebot3_gazebo'
[2.363s] INFO:colcon.colcon_core.shell:Skip shell extension 'powershell' for command environment: Not usable outside of PowerShell
[2.363s] DEBUG:colcon.colcon_core.shell:Skip shell extension 'dsv' for command environment
[2.449s] INFO:colcon.colcon_ros.task.ament_cmake.build:Building ROS package in '/home/gautier/turtlebot3_ws/src/turtlebot3_multi_robot_sim' with build type 'ament_cmake'
[2.449s] INFO:colcon.colcon_cmake.task.cmake.build:Building CMake package in '/home/gautier/turtlebot3_ws/src/turtlebot3_multi_robot_sim'
[2.477s] INFO:colcon.colcon_core.shell:Skip shell extension 'powershell' for command environment: Not usable outside of PowerShell
[2.477s] DEBUG:colcon.colcon_core.shell:Skip shell extension 'dsv' for command environment
[2.571s] DEBUG:colcon.colcon_core.event_handler.log_command:Invoking command in '/home/gautier/turtlebot3_ws/build/turtlebot3_fake_node': CMAKE_PREFIX_PATH=${CMAKE_PREFIX_PATH}:/opt/ros/foxy /usr/bin/cmake --build /home/gautier/turtlebot3_ws/build/turtlebot3_fake_node -- -j8 -l8
[2.575s] DEBUG:colcon.colcon_core.event_handler.log_command:Invoking command in '/home/gautier/turtlebot3_ws/build/turtlebot3_gazebo': CMAKE_PREFIX_PATH=${CMAKE_PREFIX_PATH}:/opt/ros/foxy /usr/bin/cmake --build /home/gautier/turtlebot3_ws/build/turtlebot3_gazebo -- -j8 -l8
[2.579s] DEBUG:colcon.colcon_core.event_handler.log_command:Invoking command in '/home/gautier/turtlebot3_ws/build/turtlebot3_multi_robot_sim': CMAKE_PREFIX_PATH=${CMAKE_PREFIX_PATH}:/opt/ros/foxy /usr/bin/cmake --build /home/gautier/turtlebot3_ws/build/turtlebot3_multi_robot_sim -- -j8 -l8
[2.610s] DEBUG:colcon.colcon_core.event_handler.log_command:Invoked command in '/home/gautier/turtlebot3_ws/build/turtlebot3_multi_robot_sim' returned '0': CMAKE_PREFIX_PATH=${CMAKE_PREFIX_PATH}:/opt/ros/foxy /usr/bin/cmake --build /home/gautier/turtlebot3_ws/build/turtlebot3_multi_robot_sim -- -j8 -l8
[2.635s] DEBUG:colcon.colcon_core.event_handler.log_command:Invoking command in '/home/gautier/turtlebot3_ws/build/turtlebot3_multi_robot_sim': CMAKE_PREFIX_PATH=${CMAKE_PREFIX_PATH}:/opt/ros/foxy /usr/bin/cmake --install /home/gautier/turtlebot3_ws/build/turtlebot3_multi_robot_sim
[2.650s] DEBUG:colcon.colcon_core.event_handler.log_command:Invoked command in '/home/gautier/turtlebot3_ws/build/turtlebot3_fake_node' returned '0': CMAKE_PREFIX_PATH=${CMAKE_PREFIX_PATH}:/opt/ros/foxy /usr/bin/cmake --build /home/gautier/turtlebot3_ws/build/turtlebot3_fake_node -- -j8 -l8
[2.656s] DEBUG:colcon.colcon_core.event_handler.log_command:Invoked command in '/home/gautier/turtlebot3_ws/build/turtlebot3_gazebo' returned '0': CMAKE_PREFIX_PATH=${CMAKE_PREFIX_PATH}:/opt/ros/foxy /usr/bin/cmake --build /home/gautier/turtlebot3_ws/build/turtlebot3_gazebo -- -j8 -l8
[2.659s] Level 1:colcon.colcon_core.environment:create_environment_scripts_only(turtlebot3_multi_robot_sim)
[2.660s] DEBUG:colcon.colcon_core.event_handler.log_command:Invoked command in '/home/gautier/turtlebot3_ws/build/turtlebot3_multi_robot_sim' returned '0': CMAKE_PREFIX_PATH=${CMAKE_PREFIX_PATH}:/opt/ros/foxy /usr/bin/cmake --install /home/gautier/turtlebot3_ws/build/turtlebot3_multi_robot_sim
[2.693s] Level 1:colcon.colcon_core.environment:checking '/home/gautier/turtlebot3_ws/install/turtlebot3_multi_robot_sim' for CMake module files
[2.694s] Level 1:colcon.colcon_core.environment:checking '/home/gautier/turtlebot3_ws/install/turtlebot3_multi_robot_sim' for CMake config files
[2.698s] Level 1:colcon.colcon_core.shell:create_environment_hook('turtlebot3_multi_robot_sim', 'cmake_prefix_path')
[2.725s] INFO:colcon.colcon_core.shell:Creating environment hook '/home/gautier/turtlebot3_ws/install/turtlebot3_multi_robot_sim/share/turtlebot3_multi_robot_sim/hook/cmake_prefix_path.ps1'
[2.726s] INFO:colcon.colcon_core.shell:Creating environment descriptor '/home/gautier/turtlebot3_ws/install/turtlebot3_multi_robot_sim/share/turtlebot3_multi_robot_sim/hook/cmake_prefix_path.dsv'
[2.726s] INFO:colcon.colcon_core.shell:Creating environment hook '/home/gautier/turtlebot3_ws/install/turtlebot3_multi_robot_sim/share/turtlebot3_multi_robot_sim/hook/cmake_prefix_path.sh'
[2.727s] Level 1:colcon.colcon_core.environment:checking '/home/gautier/turtlebot3_ws/install/turtlebot3_multi_robot_sim/bin'
[2.727s] Level 1:colcon.colcon_core.environment:checking '/home/gautier/turtlebot3_ws/install/turtlebot3_multi_robot_sim/lib/pkgconfig/turtlebot3_multi_robot_sim.pc'
[2.727s] Level 1:colcon.colcon_core.environment:checking '/home/gautier/turtlebot3_ws/install/turtlebot3_multi_robot_sim/lib/python3.8/site-packages'
[2.727s] Level 1:colcon.colcon_core.environment:checking '/home/gautier/turtlebot3_ws/install/turtlebot3_multi_robot_sim/bin'
[2.754s] INFO:colcon.colcon_core.shell:Creating package script '/home/gautier/turtlebot3_ws/install/turtlebot3_multi_robot_sim/share/turtlebot3_multi_robot_sim/package.ps1'
[2.755s] INFO:colcon.colcon_core.shell:Creating package descriptor '/home/gautier/turtlebot3_ws/install/turtlebot3_multi_robot_sim/share/turtlebot3_multi_robot_sim/package.dsv'
[2.755s] INFO:colcon.colcon_core.shell:Creating package script '/home/gautier/turtlebot3_ws/install/turtlebot3_multi_robot_sim/share/turtlebot3_multi_robot_sim/package.sh'
[2.756s] INFO:colcon.colcon_core.shell:Creating package script '/home/gautier/turtlebot3_ws/install/turtlebot3_multi_robot_sim/share/turtlebot3_multi_robot_sim/package.bash'
[2.756s] INFO:colcon.colcon_core.shell:Creating package script '/home/gautier/turtlebot3_ws/install/turtlebot3_multi_robot_sim/share/turtlebot3_multi_robot_sim/package.zsh'
[2.757s] Level 1:colcon.colcon_core.environment:create_file_with_runtime_dependencies(/home/gautier/turtlebot3_ws/install/turtlebot3_multi_robot_sim/share/colcon-core/packages/turtlebot3_multi_robot_sim)
[2.761s] DEBUG:colcon.colcon_core.event_handler.log_command:Invoking command in '/home/gautier/turtlebot3_ws/build/turtlebot3_fake_node': CMAKE_PREFIX_PATH=${CMAKE_PREFIX_PATH}:/opt/ros/foxy /usr/bin/cmake --install /home/gautier/turtlebot3_ws/build/turtlebot3_fake_node
[2.763s] DEBUG:colcon.colcon_core.event_handler.log_command:Invoking command in '/home/gautier/turtlebot3_ws/build/turtlebot3_gazebo': CMAKE_PREFIX_PATH=${CMAKE_PREFIX_PATH}:/opt/ros/foxy /usr/bin/cmake --install /home/gautier/turtlebot3_ws/build/turtlebot3_gazebo
[2.821s] Level 1:colcon.colcon_core.environment:create_environment_scripts_only(turtlebot3_multi_robot_sim)
[2.849s] Level 1:colcon.colcon_core.environment:checking '/home/gautier/turtlebot3_ws/install/turtlebot3_multi_robot_sim' for CMake module files
[2.849s] Level 1:colcon.colcon_core.environment:checking '/home/gautier/turtlebot3_ws/install/turtlebot3_multi_robot_sim' for CMake config files
[2.849s] Level 1:colcon.colcon_core.shell:create_environment_hook('turtlebot3_multi_robot_sim', 'cmake_prefix_path')
[2.876s] INFO:colcon.colcon_core.shell:Creating environment hook '/home/gautier/turtlebot3_ws/install/turtlebot3_multi_robot_sim/share/turtlebot3_multi_robot_sim/hook/cmake_prefix_path.ps1'
[2.876s] INFO:colcon.colcon_core.shell:Creating environment descriptor '/home/gautier/turtlebot3_ws/install/turtlebot3_multi_robot_sim/share/turtlebot3_multi_robot_sim/hook/cmake_prefix_path.dsv'
[2.876s] INFO:colcon.colcon_core.shell:Creating environment hook '/home/gautier/turtlebot3_ws/install/turtlebot3_multi_robot_sim/share/turtlebot3_multi_robot_sim/hook/cmake_prefix_path.sh'
[2.877s] Level 1:colcon.colcon_core.environment:checking '/home/gautier/turtlebot3_ws/install/turtlebot3_multi_robot_sim/bin'
[2.877s] Level 1:colcon.colcon_core.environment:checking '/home/gautier/turtlebot3_ws/install/turtlebot3_multi_robot_sim/lib/pkgconfig/turtlebot3_multi_robot_sim.pc'
[2.877s] Level 1:colcon.colcon_core.environment:checking '/home/gautier/turtlebot3_ws/install/turtlebot3_multi_robot_sim/lib/python3.8/site-packages'
[2.877s] Level 1:colcon.colcon_core.environment:checking '/home/gautier/turtlebot3_ws/install/turtlebot3_multi_robot_sim/bin'
[2.903s] INFO:colcon.colcon_core.shell:Creating package script '/home/gautier/turtlebot3_ws/install/turtlebot3_multi_robot_sim/share/turtlebot3_multi_robot_sim/package.ps1'
[2.903s] INFO:colcon.colcon_core.shell:Creating package descriptor '/home/gautier/turtlebot3_ws/install/turtlebot3_multi_robot_sim/share/turtlebot3_multi_robot_sim/package.dsv'
[2.904s] INFO:colcon.colcon_core.shell:Creating package script '/home/gautier/turtlebot3_ws/install/turtlebot3_multi_robot_sim/share/turtlebot3_multi_robot_sim/package.sh'
[2.904s] INFO:colcon.colcon_core.shell:Creating package script '/home/gautier/turtlebot3_ws/install/turtlebot3_multi_robot_sim/share/turtlebot3_multi_robot_sim/package.bash'
[2.904s] INFO:colcon.colcon_core.shell:Creating package script '/home/gautier/turtlebot3_ws/install/turtlebot3_multi_robot_sim/share/turtlebot3_multi_robot_sim/package.zsh'
[2.904s] Level 1:colcon.colcon_core.environment:create_file_with_runtime_dependencies(/home/gautier/turtlebot3_ws/install/turtlebot3_multi_robot_sim/share/colcon-core/packages/turtlebot3_multi_robot_sim)
[2.905s] Level 1:colcon.colcon_core.environment:create_environment_scripts_only(turtlebot3_fake_node)
[2.906s] DEBUG:colcon.colcon_core.event_handler.log_command:Invoked command in '/home/gautier/turtlebot3_ws/build/turtlebot3_fake_node' returned '0': CMAKE_PREFIX_PATH=${CMAKE_PREFIX_PATH}:/opt/ros/foxy /usr/bin/cmake --install /home/gautier/turtlebot3_ws/build/turtlebot3_fake_node
[2.935s] Level 1:colcon.colcon_core.environment:checking '/home/gautier/turtlebot3_ws/install/turtlebot3_fake_node' for CMake module files
[2.935s] Level 1:colcon.colcon_core.environment:checking '/home/gautier/turtlebot3_ws/install/turtlebot3_fake_node' for CMake config files
[2.935s] Level 1:colcon.colcon_core.shell:create_environment_hook('turtlebot3_fake_node', 'cmake_prefix_path')
[2.962s] INFO:colcon.colcon_core.shell:Creating environment hook '/home/gautier/turtlebot3_ws/install/turtlebot3_fake_node/share/turtlebot3_fake_node/hook/cmake_prefix_path.ps1'
[2.962s] INFO:colcon.colcon_core.shell:Creating environment descriptor '/home/gautier/turtlebot3_ws/install/turtlebot3_fake_node/share/turtlebot3_fake_node/hook/cmake_prefix_path.dsv'
[2.962s] INFO:colcon.colcon_core.shell:Creating environment hook '/home/gautier/turtlebot3_ws/install/turtlebot3_fake_node/share/turtlebot3_fake_node/hook/cmake_prefix_path.sh'
[2.963s] Level 1:colcon.colcon_core.environment:checking '/home/gautier/turtlebot3_ws/install/turtlebot3_fake_node/lib'
[2.963s] Level 1:colcon.colcon_core.environment:checking '/home/gautier/turtlebot3_ws/install/turtlebot3_fake_node/bin'
[2.963s] Level 1:colcon.colcon_core.environment:checking '/home/gautier/turtlebot3_ws/install/turtlebot3_fake_node/lib/pkgconfig/turtlebot3_fake_node.pc'
[2.963s] Level 1:colcon.colcon_core.environment:checking '/home/gautier/turtlebot3_ws/install/turtlebot3_fake_node/lib/python3.8/site-packages'
[2.963s] Level 1:colcon.colcon_core.environment:checking '/home/gautier/turtlebot3_ws/install/turtlebot3_fake_node/bin'
[2.990s] INFO:colcon.colcon_core.shell:Creating package script '/home/gautier/turtlebot3_ws/install/turtlebot3_fake_node/share/turtlebot3_fake_node/package.ps1'
[2.990s] INFO:colcon.colcon_core.shell:Creating package descriptor '/home/gautier/turtlebot3_ws/install/turtlebot3_fake_node/share/turtlebot3_fake_node/package.dsv'
[2.991s] INFO:colcon.colcon_core.shell:Creating package script '/home/gautier/turtlebot3_ws/install/turtlebot3_fake_node/share/turtlebot3_fake_node/package.sh'
[2.991s] INFO:colcon.colcon_core.shell:Creating package script '/home/gautier/turtlebot3_ws/install/turtlebot3_fake_node/share/turtlebot3_fake_node/package.bash'
[2.991s] INFO:colcon.colcon_core.shell:Creating package script '/home/gautier/turtlebot3_ws/install/turtlebot3_fake_node/share/turtlebot3_fake_node/package.zsh'
[2.991s] Level 1:colcon.colcon_core.environment:create_file_with_runtime_dependencies(/home/gautier/turtlebot3_ws/install/turtlebot3_fake_node/share/colcon-core/packages/turtlebot3_fake_node)
[2.993s] Level 1:colcon.colcon_core.environment:create_environment_scripts_only(turtlebot3_gazebo)
[2.994s] DEBUG:colcon.colcon_core.event_handler.log_command:Invoked command in '/home/gautier/turtlebot3_ws/build/turtlebot3_gazebo' returned '0': CMAKE_PREFIX_PATH=${CMAKE_PREFIX_PATH}:/opt/ros/foxy /usr/bin/cmake --install /home/gautier/turtlebot3_ws/build/turtlebot3_gazebo
[3.022s] Level 1:colcon.colcon_core.environment:checking '/home/gautier/turtlebot3_ws/install/turtlebot3_gazebo' for CMake module files
[3.023s] Level 1:colcon.colcon_core.environment:checking '/home/gautier/turtlebot3_ws/install/turtlebot3_gazebo' for CMake config files
[3.023s] Level 1:colcon.colcon_core.shell:create_environment_hook('turtlebot3_gazebo', 'cmake_prefix_path')
[3.050s] INFO:colcon.colcon_core.shell:Creating environment hook '/home/gautier/turtlebot3_ws/install/turtlebot3_gazebo/share/turtlebot3_gazebo/hook/cmake_prefix_path.ps1'
[3.050s] INFO:colcon.colcon_core.shell:Creating environment descriptor '/home/gautier/turtlebot3_ws/install/turtlebot3_gazebo/share/turtlebot3_gazebo/hook/cmake_prefix_path.dsv'
[3.051s] INFO:colcon.colcon_core.shell:Creating environment hook '/home/gautier/turtlebot3_ws/install/turtlebot3_gazebo/share/turtlebot3_gazebo/hook/cmake_prefix_path.sh'
[3.051s] Level 1:colcon.colcon_core.environment:checking '/home/gautier/turtlebot3_ws/install/turtlebot3_gazebo/lib'
[3.051s] Level 1:colcon.colcon_core.environment:checking '/home/gautier/turtlebot3_ws/install/turtlebot3_gazebo/bin'
[3.051s] Level 1:colcon.colcon_core.environment:checking '/home/gautier/turtlebot3_ws/install/turtlebot3_gazebo/lib/pkgconfig/turtlebot3_gazebo.pc'
[3.051s] Level 1:colcon.colcon_core.environment:checking '/home/gautier/turtlebot3_ws/install/turtlebot3_gazebo/lib/python3.8/site-packages'
[3.051s] Level 1:colcon.colcon_core.environment:checking '/home/gautier/turtlebot3_ws/install/turtlebot3_gazebo/bin'
[3.078s] INFO:colcon.colcon_core.shell:Creating package script '/home/gautier/turtlebot3_ws/install/turtlebot3_gazebo/share/turtlebot3_gazebo/package.ps1'
[3.078s] INFO:colcon.colcon_core.shell:Creating package descriptor '/home/gautier/turtlebot3_ws/install/turtlebot3_gazebo/share/turtlebot3_gazebo/package.dsv'
[3.078s] INFO:colcon.colcon_core.shell:Creating package script '/home/gautier/turtlebot3_ws/install/turtlebot3_gazebo/share/turtlebot3_gazebo/package.sh'
[3.078s] INFO:colcon.colcon_core.shell:Creating package script '/home/gautier/turtlebot3_ws/install/turtlebot3_gazebo/share/turtlebot3_gazebo/package.bash'
[3.079s] INFO:colcon.colcon_core.shell:Creating package script '/home/gautier/turtlebot3_ws/install/turtlebot3_gazebo/share/turtlebot3_gazebo/package.zsh'
[3.079s] Level 1:colcon.colcon_core.environment:create_file_with_runtime_dependencies(/home/gautier/turtlebot3_ws/install/turtlebot3_gazebo/share/colcon-core/packages/turtlebot3_gazebo)
[3.112s] Level 1:colcon.colcon_core.environment:create_environment_scripts_only(turtlebot3_fake_node)
[3.138s] Level 1:colcon.colcon_core.environment:checking '/home/gautier/turtlebot3_ws/install/turtlebot3_fake_node' for CMake module files
[3.139s] Level 1:colcon.colcon_core.environment:checking '/home/gautier/turtlebot3_ws/install/turtlebot3_fake_node' for CMake config files
[3.139s] Level 1:colcon.colcon_core.shell:create_environment_hook('turtlebot3_fake_node', 'cmake_prefix_path')
[3.165s] INFO:colcon.colcon_core.shell:Creating environment hook '/home/gautier/turtlebot3_ws/install/turtlebot3_fake_node/share/turtlebot3_fake_node/hook/cmake_prefix_path.ps1'
[3.165s] INFO:colcon.colcon_core.shell:Creating environment descriptor '/home/gautier/turtlebot3_ws/install/turtlebot3_fake_node/share/turtlebot3_fake_node/hook/cmake_prefix_path.dsv'
[3.166s] INFO:colcon.colcon_core.shell:Creating environment hook '/home/gautier/turtlebot3_ws/install/turtlebot3_fake_node/share/turtlebot3_fake_node/hook/cmake_prefix_path.sh'
[3.166s] Level 1:colcon.colcon_core.environment:checking '/home/gautier/turtlebot3_ws/install/turtlebot3_fake_node/lib'
[3.166s] Level 1:colcon.colcon_core.environment:checking '/home/gautier/turtlebot3_ws/install/turtlebot3_fake_node/bin'
[3.166s] Level 1:colcon.colcon_core.environment:checking '/home/gautier/turtlebot3_ws/install/turtlebot3_fake_node/lib/pkgconfig/turtlebot3_fake_node.pc'
[3.166s] Level 1:colcon.colcon_core.environment:checking '/home/gautier/turtlebot3_ws/install/turtlebot3_fake_node/lib/python3.8/site-packages'
[3.166s] Level 1:colcon.colcon_core.environment:checking '/home/gautier/turtlebot3_ws/install/turtlebot3_fake_node/bin'
[3.192s] INFO:colcon.colcon_core.shell:Creating package script '/home/gautier/turtlebot3_ws/install/turtlebot3_fake_node/share/turtlebot3_fake_node/package.ps1'
[3.192s] INFO:colcon.colcon_core.shell:Creating package descriptor '/home/gautier/turtlebot3_ws/install/turtlebot3_fake_node/share/turtlebot3_fake_node/package.dsv'
[3.193s] INFO:colcon.colcon_core.shell:Creating package script '/home/gautier/turtlebot3_ws/install/turtlebot3_fake_node/share/turtlebot3_fake_node/package.sh'
[3.193s] INFO:colcon.colcon_core.shell:Creating package script '/home/gautier/turtlebot3_ws/install/turtlebot3_fake_node/share/turtlebot3_fake_node/package.bash'
[3.193s] INFO:colcon.colcon_core.shell:Creating package script '/home/gautier/turtlebot3_ws/install/turtlebot3_fake_node/share/turtlebot3_fake_node/package.zsh'
[3.193s] Level 1:colcon.colcon_core.environment:create_file_with_runtime_dependencies(/home/gautier/turtlebot3_ws/install/turtlebot3_fake_node/share/colcon-core/packages/turtlebot3_fake_node)
[3.220s] Level 1:colcon.colcon_core.environment:create_environment_scripts_only(turtlebot3_gazebo)
[3.248s] Level 1:colcon.colcon_core.environment:checking '/home/gautier/turtlebot3_ws/install/turtlebot3_gazebo' for CMake module files
[3.248s] Level 1:colcon.colcon_core.environment:checking '/home/gautier/turtlebot3_ws/install/turtlebot3_gazebo' for CMake config files
[3.248s] Level 1:colcon.colcon_core.shell:create_environment_hook('turtlebot3_gazebo', 'cmake_prefix_path')
[3.275s] INFO:colcon.colcon_core.shell:Creating environment hook '/home/gautier/turtlebot3_ws/install/turtlebot3_gazebo/share/turtlebot3_gazebo/hook/cmake_prefix_path.ps1'
[3.275s] INFO:colcon.colcon_core.shell:Creating environment descriptor '/home/gautier/turtlebot3_ws/install/turtlebot3_gazebo/share/turtlebot3_gazebo/hook/cmake_prefix_path.dsv'
[3.275s] INFO:colcon.colcon_core.shell:Creating environment hook '/home/gautier/turtlebot3_ws/install/turtlebot3_gazebo/share/turtlebot3_gazebo/hook/cmake_prefix_path.sh'
[3.276s] Level 1:colcon.colcon_core.environment:checking '/home/gautier/turtlebot3_ws/install/turtlebot3_gazebo/lib'
[3.276s] Level 1:colcon.colcon_core.environment:checking '/home/gautier/turtlebot3_ws/install/turtlebot3_gazebo/bin'
[3.276s] Level 1:colcon.colcon_core.environment:checking '/home/gautier/turtlebot3_ws/install/turtlebot3_gazebo/lib/pkgconfig/turtlebot3_gazebo.pc'
[3.276s] Level 1:colcon.colcon_core.environment:checking '/home/gautier/turtlebot3_ws/install/turtlebot3_gazebo/lib/python3.8/site-packages'
[3.276s] Level 1:colcon.colcon_core.environment:checking '/home/gautier/turtlebot3_ws/install/turtlebot3_gazebo/bin'
[3.302s] INFO:colcon.colcon_core.shell:Creating package script '/home/gautier/turtlebot3_ws/install/turtlebot3_gazebo/share/turtlebot3_gazebo/package.ps1'
[3.303s] INFO:colcon.colcon_core.shell:Creating package descriptor '/home/gautier/turtlebot3_ws/install/turtlebot3_gazebo/share/turtlebot3_gazebo/package.dsv'
[3.303s] INFO:colcon.colcon_core.shell:Creating package script '/home/gautier/turtlebot3_ws/install/turtlebot3_gazebo/share/turtlebot3_gazebo/package.sh'
[3.303s] INFO:colcon.colcon_core.shell:Creating package script '/home/gautier/turtlebot3_ws/install/turtlebot3_gazebo/share/turtlebot3_gazebo/package.bash'
[3.303s] INFO:colcon.colcon_core.shell:Creating package script '/home/gautier/turtlebot3_ws/install/turtlebot3_gazebo/share/turtlebot3_gazebo/package.zsh'
[3.303s] Level 1:colcon.colcon_core.environment:create_file_with_runtime_dependencies(/home/gautier/turtlebot3_ws/install/turtlebot3_gazebo/share/colcon-core/packages/turtlebot3_gazebo)
[3.304s] INFO:colcon.colcon_ros.task.ament_cmake.build:Building ROS package in '/home/gautier/turtlebot3_ws/src/turtlebot3_simulations/turtlebot3_simulations' with build type 'ament_cmake'
[3.304s] INFO:colcon.colcon_cmake.task.cmake.build:Building CMake package in '/home/gautier/turtlebot3_ws/src/turtlebot3_simulations/turtlebot3_simulations'
[3.332s] INFO:colcon.colcon_core.shell:Skip shell extension 'powershell' for command environment: Not usable outside of PowerShell
[3.332s] DEBUG:colcon.colcon_core.shell:Skip shell extension 'dsv' for command environment
[3.433s] DEBUG:colcon.colcon_core.event_handler.log_command:Invoking command in '/home/gautier/turtlebot3_ws/build/turtlebot3_simulations': CMAKE_PREFIX_PATH=/home/gautier/turtlebot3_ws/install/turtlebot3_gazebo:/home/gautier/turtlebot3_ws/install/turtlebot3_fake_node:/home/gautier/turtlebot3_ws/install/turtlebot3_simulations:/home/gautier/turtlebot3_ws/install/turtlebot3_multi_robot_sim:/opt/ros/foxy /usr/bin/cmake --build /home/gautier/turtlebot3_ws/build/turtlebot3_simulations -- -j8 -l8
[3.458s] DEBUG:colcon.colcon_core.event_handler.log_command:Invoked command in '/home/gautier/turtlebot3_ws/build/turtlebot3_simulations' returned '0': CMAKE_PREFIX_PATH=/home/gautier/turtlebot3_ws/install/turtlebot3_gazebo:/home/gautier/turtlebot3_ws/install/turtlebot3_fake_node:/home/gautier/turtlebot3_ws/install/turtlebot3_simulations:/home/gautier/turtlebot3_ws/install/turtlebot3_multi_robot_sim:/opt/ros/foxy /usr/bin/cmake --build /home/gautier/turtlebot3_ws/build/turtlebot3_simulations -- -j8 -l8
[3.473s] DEBUG:colcon.colcon_core.event_handler.log_command:Invoking command in '/home/gautier/turtlebot3_ws/build/turtlebot3_simulations': CMAKE_PREFIX_PATH=/home/gautier/turtlebot3_ws/install/turtlebot3_gazebo:/home/gautier/turtlebot3_ws/install/turtlebot3_fake_node:/home/gautier/turtlebot3_ws/install/turtlebot3_simulations:/home/gautier/turtlebot3_ws/install/turtlebot3_multi_robot_sim:/opt/ros/foxy /usr/bin/cmake --install /home/gautier/turtlebot3_ws/build/turtlebot3_simulations
[3.494s] Level 1:colcon.colcon_core.environment:create_environment_scripts_only(turtlebot3_simulations)
[3.495s] DEBUG:colcon.colcon_core.event_handler.log_command:Invoked command in '/home/gautier/turtlebot3_ws/build/turtlebot3_simulations' returned '0': CMAKE_PREFIX_PATH=/home/gautier/turtlebot3_ws/install/turtlebot3_gazebo:/home/gautier/turtlebot3_ws/install/turtlebot3_fake_node:/home/gautier/turtlebot3_ws/install/turtlebot3_simulations:/home/gautier/turtlebot3_ws/install/turtlebot3_multi_robot_sim:/opt/ros/foxy /usr/bin/cmake --install /home/gautier/turtlebot3_ws/build/turtlebot3_simulations
[3.528s] Level 1:colcon.colcon_core.environment:checking '/home/gautier/turtlebot3_ws/install/turtlebot3_simulations' for CMake module files
[3.528s] Level 1:colcon.colcon_core.environment:checking '/home/gautier/turtlebot3_ws/install/turtlebot3_simulations' for CMake config files
[3.528s] Level 1:colcon.colcon_core.shell:create_environment_hook('turtlebot3_simulations', 'cmake_prefix_path')
[3.555s] INFO:colcon.colcon_core.shell:Creating environment hook '/home/gautier/turtlebot3_ws/install/turtlebot3_simulations/share/turtlebot3_simulations/hook/cmake_prefix_path.ps1'
[3.556s] INFO:colcon.colcon_core.shell:Creating environment descriptor '/home/gautier/turtlebot3_ws/install/turtlebot3_simulations/share/turtlebot3_simulations/hook/cmake_prefix_path.dsv'
[3.556s] INFO:colcon.colcon_core.shell:Creating environment hook '/home/gautier/turtlebot3_ws/install/turtlebot3_simulations/share/turtlebot3_simulations/hook/cmake_prefix_path.sh'
[3.556s] Level 1:colcon.colcon_core.environment:checking '/home/gautier/turtlebot3_ws/install/turtlebot3_simulations/bin'
[3.556s] Level 1:colcon.colcon_core.environment:checking '/home/gautier/turtlebot3_ws/install/turtlebot3_simulations/lib/pkgconfig/turtlebot3_simulations.pc'
[3.556s] Level 1:colcon.colcon_core.environment:checking '/home/gautier/turtlebot3_ws/install/turtlebot3_simulations/lib/python3.8/site-packages'
[3.557s] Level 1:colcon.colcon_core.environment:checking '/home/gautier/turtlebot3_ws/install/turtlebot3_simulations/bin'
[3.583s] INFO:colcon.colcon_core.shell:Creating package script '/home/gautier/turtlebot3_ws/install/turtlebot3_simulations/share/turtlebot3_simulations/package.ps1'
[3.583s] INFO:colcon.colcon_core.shell:Creating package descriptor '/home/gautier/turtlebot3_ws/install/turtlebot3_simulations/share/turtlebot3_simulations/package.dsv'
[3.583s] INFO:colcon.colcon_core.shell:Creating package script '/home/gautier/turtlebot3_ws/install/turtlebot3_simulations/share/turtlebot3_simulations/package.sh'
[3.584s] INFO:colcon.colcon_core.shell:Creating package script '/home/gautier/turtlebot3_ws/install/turtlebot3_simulations/share/turtlebot3_simulations/package.bash'
[3.584s] INFO:colcon.colcon_core.shell:Creating package script '/home/gautier/turtlebot3_ws/install/turtlebot3_simulations/share/turtlebot3_simulations/package.zsh'
[3.584s] Level 1:colcon.colcon_core.environment:create_file_with_runtime_dependencies(/home/gautier/turtlebot3_ws/install/turtlebot3_simulations/share/colcon-core/packages/turtlebot3_simulations)
[3.625s] Level 1:colcon.colcon_core.environment:create_environment_scripts_only(turtlebot3_simulations)
[3.652s] Level 1:colcon.colcon_core.environment:checking '/home/gautier/turtlebot3_ws/install/turtlebot3_simulations' for CMake module files
[3.652s] Level 1:colcon.colcon_core.environment:checking '/home/gautier/turtlebot3_ws/install/turtlebot3_simulations' for CMake config files
[3.652s] Level 1:colcon.colcon_core.shell:create_environment_hook('turtlebot3_simulations', 'cmake_prefix_path')
[3.678s] INFO:colcon.colcon_core.shell:Creating environment hook '/home/gautier/turtlebot3_ws/install/turtlebot3_simulations/share/turtlebot3_simulations/hook/cmake_prefix_path.ps1'
[3.679s] INFO:colcon.colcon_core.shell:Creating environment descriptor '/home/gautier/turtlebot3_ws/install/turtlebot3_simulations/share/turtlebot3_simulations/hook/cmake_prefix_path.dsv'
[3.679s] INFO:colcon.colcon_core.shell:Creating environment hook '/home/gautier/turtlebot3_ws/install/turtlebot3_simulations/share/turtlebot3_simulations/hook/cmake_prefix_path.sh'
[3.679s] Level 1:colcon.colcon_core.environment:checking '/home/gautier/turtlebot3_ws/install/turtlebot3_simulations/bin'
[3.679s] Level 1:colcon.colcon_core.environment:checking '/home/gautier/turtlebot3_ws/install/turtlebot3_simulations/lib/pkgconfig/turtlebot3_simulations.pc'
[3.679s] Level 1:colcon.colcon_core.environment:checking '/home/gautier/turtlebot3_ws/install/turtlebot3_simulations/lib/python3.8/site-packages'
[3.680s] Level 1:colcon.colcon_core.environment:checking '/home/gautier/turtlebot3_ws/install/turtlebot3_simulations/bin'
[3.706s] INFO:colcon.colcon_core.shell:Creating package script '/home/gautier/turtlebot3_ws/install/turtlebot3_simulations/share/turtlebot3_simulations/package.ps1'
[3.706s] INFO:colcon.colcon_core.shell:Creating package descriptor '/home/gautier/turtlebot3_ws/install/turtlebot3_simulations/share/turtlebot3_simulations/package.dsv'
[3.706s] INFO:colcon.colcon_core.shell:Creating package script '/home/gautier/turtlebot3_ws/install/turtlebot3_simulations/share/turtlebot3_simulations/package.sh'
[3.706s] INFO:colcon.colcon_core.shell:Creating package script '/home/gautier/turtlebot3_ws/install/turtlebot3_simulations/share/turtlebot3_simulations/package.bash'
[3.707s] INFO:colcon.colcon_core.shell:Creating package script '/home/gautier/turtlebot3_ws/install/turtlebot3_simulations/share/turtlebot3_simulations/package.zsh'
[3.707s] Level 1:colcon.colcon_core.environment:create_file_with_runtime_dependencies(/home/gautier/turtlebot3_ws/install/turtlebot3_simulations/share/colcon-core/packages/turtlebot3_simulations)
[3.707s] DEBUG:colcon.colcon_parallel_executor.executor.parallel:closing loop
[3.707s] DEBUG:colcon.colcon_parallel_executor.executor.parallel:loop closed
[3.707s] DEBUG:colcon.colcon_parallel_executor.executor.parallel:run_until_complete finished with '0'
[3.707s] DEBUG:colcon.colcon_core.event_reactor:joining thread
[3.740s] INFO:colcon.colcon_core.plugin_system:Skipping extension 'colcon_notification.desktop_notification.terminal_notifier': Not used on non-Darwin systems
[3.740s] INFO:colcon.colcon_core.plugin_system:Skipping extension 'colcon_notification.desktop_notification.win32': Not used on non-Windows systems
[3.740s] INFO:colcon.colcon_notification.desktop_notification:Sending desktop notification using 'notify2'
[3.751s] DEBUG:colcon.colcon_core.event_reactor:joined thread
[3.778s] INFO:colcon.colcon_core.shell:Creating prefix script '/home/gautier/turtlebot3_ws/install/local_setup.ps1'
[3.779s] INFO:colcon.colcon_core.shell:Creating prefix util module '/home/gautier/turtlebot3_ws/install/_local_setup_util_ps1.py'
[3.780s] INFO:colcon.colcon_core.shell:Creating prefix chain script '/home/gautier/turtlebot3_ws/install/setup.ps1'
[3.807s] INFO:colcon.colcon_core.shell:Creating prefix script '/home/gautier/turtlebot3_ws/install/local_setup.sh'
[3.807s] INFO:colcon.colcon_core.shell:Creating prefix util module '/home/gautier/turtlebot3_ws/install/_local_setup_util_sh.py'
[3.808s] INFO:colcon.colcon_core.shell:Creating prefix chain script '/home/gautier/turtlebot3_ws/install/setup.sh'
[3.835s] INFO:colcon.colcon_core.shell:Creating prefix script '/home/gautier/turtlebot3_ws/install/local_setup.bash'
[3.835s] INFO:colcon.colcon_core.shell:Creating prefix chain script '/home/gautier/turtlebot3_ws/install/setup.bash'
[3.862s] INFO:colcon.colcon_core.shell:Creating prefix script '/home/gautier/turtlebot3_ws/install/local_setup.zsh'
[3.863s] INFO:colcon.colcon_core.shell:Creating prefix chain script '/home/gautier/turtlebot3_ws/install/setup.zsh'
